SUCCESS!

2017-12-28 at 20:09:00 Generate AppaAppsPhotoApp version 20171228-200900 philiprbrenan/100/l/es

2017-12-28 at 20:09:02 Step: parseSource
2017-12-28 at 20:09:02 <b>Good source file!</b>
2017-12-28 at 20:09:02 Step: loadAssets
2017-12-28 at 20:20:15 808 new, 0 reused audio files
2017-12-28 at 20:20:15 Step: multiplyPhotosByFacts
2017-12-28 at 20:20:15 Step: genJavaManifest
2017-12-28 at 20:20:15 Step: genJsonManifest
2017-12-28 at 20:20:15 Step: genGameHtml
2017-12-28 at 20:20:15 Step: genHtmlAssets
2017-12-28 at 20:20:15 Step: zipAssets
2017-12-28 at 20:20:15 Step: compileApp
2017-12-28 at 20:20:24 Step: copyLinksToGitHub
2017-12-28 at 20:20:26 Step: copyFilesIntoPositionOnWebServer
--------------------------------------------------------------------------------
do {
  my $a = bless({
    android => bless({
      action        => "run",
      activity      => "Activity",
      buildFolder   => "/tmp/AppaAppsPhotoApp/build/",
      buildTools    => "/home/phil/Android/sdk/build-tools/25.0.3/",
      debug         => 0,
      device        => "-s emulator-5554",
      fastIcons     => undef,
      home          => "/root/",
      icon          => "/home/phil/audioImageCache/images/icon.png",
      keyAlias      => "genApp",
      keyStoreFile  => "/home/phil/AppaAppsPhotoApp/keys/genApp.keystore",
      keyStorePwd   => "genApp",
      libs          => [],
      log           => [],
      package       => "com.appaapps.photoapp.es100",
      parameters    => {
                         appName  => 100,
                         appPath  => "l/es",
                         cTime    => 1514492415,
                         devMode  => 0,
                         download => "http://www.appaapps.com",
                         title    => "The Numbers from 0 to 100 in Spanish",
                         userid   => "philiprbrenan",
                       },
      permissions   => ["INTERNET", "ACCESS_NETWORK_STATE", "WRITE_EXTERNAL_STORAGE"],
      platform      => "/home/phil/Android/sdk/platforms/android-25/",
      platformTools => "/home/phil/Android/sdk/platform-tools/",
      sdkLevels     => [15, 25],
      src           => [
                         "/home/phil/java/appState/AppState.java",
                         "/home/phil/java/choices/Choices.java",
                         "/home/phil/java/congratulations/Congratulations.java",
                         "/home/phil/java/coloursTransformed/ColoursTransformed.java",
                         "/home/phil/java/download/Download.java",
                         "/home/phil/java/email/Email.java",
                         "/home/phil/java/fourier/Fourier.java",
                         "/home/phil/java/gradients/Gradients.java",
                         "/home/phil/java/log/Log.java",
                         "/home/phil/java/maths/Maths.java",
                         "/home/phil/java/randomChoice/RandomChoice.java",
                         "/home/phil/java/save/Save.java",
                         "/home/phil/java/say/Say.java",
                         "/home/phil/java/sound/Midi.java",
                         "/home/phil/java/sound/Speech.java",
                         "/home/phil/java/svg/Svg.java",
                         "/home/phil/java/time/Time.java",
                         "/home/phil/java/translations/Translations.java",
                         "/home/phil/java/unpackappdescription/Unpackappdescription.java",
                         "/home/phil/java/upload/UploadStream.java",
                         "/home/phil/java/upload/GitHubUploadStream.java",
                         "/home/phil/java/unzip/Unzip.java",
                       ],
      title         => "The Numbers from 0 to 100 in Spanish",
      titles        => undef,
      verifyApk     => undef,
      version       => 20171228,
    }, "Android::Build"),
    app => bless({
      cmd => "app",
      defaulted => { rightInARow => 1 },
      end => 11,
      index => 0,
      name => "100.l.es",
      parsedKeys => bless({
        author               => "philiprbrenan",
        cmd                  => "app",
        description          => "Learn to recognize and say the Numbers from 0 to 100 in spoken Spanish",
        email                => "philiprbrenan\@gmail.com",
        emphasis             => 3,
        fullNameOnGooglePlay => "com.appaapps.photoapp.es100",
        icon                 => "icon.png",
        language             => "es",
        maxImages            => 12,
        name                 => "100.l.es",
        ordered              => "finally",
        rightInARow          => 7,
        screenShots          => undef,
        speakers             => "Conchita Enrique Miguel Penelope",
        title                => "The Numbers from 0 to 100 in Spanish",
        version              => "2017-12-28 at 19:06:23",
      }, "ParsedKeys"),
      start => 1,
      title => "The Numbers from 0 to 100 in Spanish",
      titleFile => undef,
    }, "ParsedCmd"),
    dateTimeStamp => "2017-12-28 at 20:09:00",
    error => 0,
    iconFile => "/home/phil/audioImageCache/images/icon.png",
    log => [
      "\n2017-12-28 at 20:09:00 Generate AppaAppsPhotoApp version 20171228-200900 philiprbrenan/100/l/es\n",
      "2017-12-28 at 20:09:02 Step: parseSource",
      "2017-12-28 at 20:09:02 <b>Good source file!</b>",
      "2017-12-28 at 20:09:02 Step: loadAssets",
      "2017-12-28 at 20:20:15 808 new, 0 reused audio files",
      "2017-12-28 at 20:20:15 Step: multiplyPhotosByFacts",
      "2017-12-28 at 20:20:15 Step: genJavaManifest",
      "2017-12-28 at 20:20:15 Step: genJsonManifest",
      "2017-12-28 at 20:20:15 Step: genGameHtml",
      "2017-12-28 at 20:20:15 Step: genHtmlAssets",
      "2017-12-28 at 20:20:15 Step: zipAssets",
      "2017-12-28 at 20:20:15 Step: compileApp",
      "2017-12-28 at 20:20:24 Step: copyLinksToGitHub",
      "2017-12-28 at 20:20:26 Step: copyFilesIntoPositionOnWebServer",
    ],
    parsedCmds => [
      'fix',
      bless({
        cmd => "photo",
        defaulted => { titleFile => 1 },
        end => 18,
        index => 0,
        name => 0,
        parsedKeys => bless({
          aFewChars => 0,
          cmd => "photo",
          level => 1,
          name => 0,
          say => 0,
          title => "cero",
          titleFile => "cero",
          wiki => "https://en.wikipedia.org/wiki/0_(number)",
        }, "ParsedKeys"),
        say => 0,
        start => 14,
        title => "cero",
        titleFile => "cero",
      }, "ParsedCmd"),
      bless({
        cmd => "photo",
        defaulted => { titleFile => 1 },
        end => 24,
        index => 1,
        name => 1,
        parsedKeys => bless({
          aFewChars => 1,
          cmd => "photo",
          level => 1,
          name => 1,
          say => 1,
          title => "uno",
          titleFile => "uno",
          wiki => "https://en.wikipedia.org/wiki/1_(number)",
        }, "ParsedKeys"),
        say => 1,
        start => 20,
        title => "uno",
        titleFile => "uno",
      }, "ParsedCmd"),
      bless({
        cmd => "photo",
        defaulted => { titleFile => 1 },
        end => 30,
        index => 2,
        name => 2,
        parsedKeys => bless({
          aFewChars => 2,
          cmd => "photo",
          level => 1,
          name => 2,
          say => 2,
          title => "dos",
          titleFile => "dos",
          wiki => "https://en.wikipedia.org/wiki/2_(number)",
        }, "ParsedKeys"),
        say => 2,
        start => 26,
        title => "dos",
        titleFile => "dos",
      }, "ParsedCmd"),
      bless({
        cmd => "photo",
        defaulted => { titleFile => 1 },
        end => 36,
        index => 3,
        name => 3,
        parsedKeys => bless({
          aFewChars => 3,
          cmd => "photo",
          level => 1,
          name => 3,
          say => 3,
          title => "tres",
          titleFile => "tres",
          wiki => "https://en.wikipedia.org/wiki/3_(number)",
        }, "ParsedKeys"),
        say => 3,
        start => 32,
        title => "tres",
        titleFile => "tres",
      }, "ParsedCmd"),
      bless({
        cmd => "photo",
        defaulted => { titleFile => 1 },
        end => 42,
        index => 4,
        name => 4,
        parsedKeys => bless({
          aFewChars => 4,
          cmd => "photo",
          level => 1,
          name => 4,
          say => 4,
          title => "cuatro",
          titleFile => "cuatro",
          wiki => "https://en.wikipedia.org/wiki/4_(number)",
        }, "ParsedKeys"),
        say => 4,
        start => 38,
        title => "cuatro",
        titleFile => "cuatro",
      }, "ParsedCmd"),
      bless({
        cmd => "photo",
        defaulted => { titleFile => 1 },
        end => 48,
        index => 5,
        name => 5,
        parsedKeys => bless({
          aFewChars => 5,
          cmd => "photo",
          level => 1,
          name => 5,
          say => 5,
          title => "cinco",
          titleFile => "cinco",
          wiki => "https://en.wikipedia.org/wiki/5_(number)",
        }, "ParsedKeys"),
        say => 5,
        start => 44,
        title => "cinco",
        titleFile => "cinco",
      }, "ParsedCmd"),
      bless({
        cmd => "photo",
        defaulted => { titleFile => 1 },
        end => 54,
        index => 6,
        name => 6,
        parsedKeys => bless({
          aFewChars => 6,
          cmd => "photo",
          level => 1,
          name => 6,
          say => 6,
          title => "seis",
          titleFile => "seis",
          wiki => "https://en.wikipedia.org/wiki/6_(number)",
        }, "ParsedKeys"),
        say => 6,
        start => 50,
        title => "seis",
        titleFile => "seis",
      }, "ParsedCmd"),
      bless({
        cmd => "photo",
        defaulted => { titleFile => 1 },
        end => 60,
        index => 7,
        name => 7,
        parsedKeys => bless({
          aFewChars => 7,
          cmd => "photo",
          level => 1,
          name => 7,
          say => 7,
          title => "siete",
          titleFile => "siete",
          wiki => "https://en.wikipedia.org/wiki/7_(number)",
        }, "ParsedKeys"),
        say => 7,
        start => 56,
        title => "siete",
        titleFile => "siete",
      }, "ParsedCmd"),
      bless({
        cmd => "photo",
        defaulted => { titleFile => 1 },
        end => 66,
        index => 8,
        name => 8,
        parsedKeys => bless({
          aFewChars => 8,
          cmd => "photo",
          level => 1,
          name => 8,
          say => 8,
          title => "ocho",
          titleFile => "ocho",
          wiki => "https://en.wikipedia.org/wiki/8_(number)",
        }, "ParsedKeys"),
        say => 8,
        start => 62,
        title => "ocho",
        titleFile => "ocho",
      }, "ParsedCmd"),
      bless({
        cmd => "photo",
        defaulted => { titleFile => 1 },
        end => 72,
        index => 9,
        name => 9,
        parsedKeys => bless({
          aFewChars => 9,
          cmd => "photo",
          level => 1,
          name => 9,
          say => 9,
          title => "nueve",
          titleFile => "nueve",
          wiki => "https://en.wikipedia.org/wiki/9_(number)",
        }, "ParsedKeys"),
        say => 9,
        start => 68,
        title => "nueve",
        titleFile => "nueve",
      }, "ParsedCmd"),
      bless({
        cmd => "photo",
        defaulted => { titleFile => 1 },
        end => 78,
        index => 10,
        name => 10,
        parsedKeys => bless({
          aFewChars => 10,
          cmd => "photo",
          level => 2,
          name => 10,
          say => 10,
          title => "diez",
          titleFile => "diez",
          wiki => "https://en.wikipedia.org/wiki/10_(number)",
        }, "ParsedKeys"),
        say => 10,
        start => 74,
        title => "diez",
        titleFile => "diez",
      }, "ParsedCmd"),
      bless({
        cmd => "photo",
        defaulted => { titleFile => 1 },
        end => 84,
        index => 11,
        name => 11,
        parsedKeys => bless({
          aFewChars => 11,
          cmd => "photo",
          level => 2,
          name => 11,
          say => 11,
          title => "once",
          titleFile => "once",
          wiki => "https://en.wikipedia.org/wiki/11_(number)",
        }, "ParsedKeys"),
        say => 11,
        start => 80,
        title => "once",
        titleFile => "once",
      }, "ParsedCmd"),
      bless({
        cmd => "photo",
        defaulted => { titleFile => 1 },
        end => 90,
        index => 12,
        name => 12,
        parsedKeys => bless({
          aFewChars => 12,
          cmd => "photo",
          level => 2,
          name => 12,
          say => 12,
          title => "doce",
          titleFile => "doce",
          wiki => "https://en.wikipedia.org/wiki/12_(number)",
        }, "ParsedKeys"),
        say => 12,
        start => 86,
        title => "doce",
        titleFile => "doce",
      }, "ParsedCmd"),
      bless({
        cmd => "photo",
        defaulted => { titleFile => 1 },
        end => 96,
        index => 13,
        name => 13,
        parsedKeys => bless({
          aFewChars => 13,
          cmd => "photo",
          level => 2,
          name => 13,
          say => 13,
          title => "trece",
          titleFile => "trece",
          wiki => "https://en.wikipedia.org/wiki/13_(number)",
        }, "ParsedKeys"),
        say => 13,
        start => 92,
        title => "trece",
        titleFile => "trece",
      }, "ParsedCmd"),
      bless({
        cmd => "photo",
        defaulted => { titleFile => 1 },
        end => 102,
        index => 14,
        name => 14,
        parsedKeys => bless({
          aFewChars => 14,
          cmd => "photo",
          level => 2,
          name => 14,
          say => 14,
          title => "catorce",
          titleFile => "catorce",
          wiki => "https://en.wikipedia.org/wiki/14_(number)",
        }, "ParsedKeys"),
        say => 14,
        start => 98,
        title => "catorce",
        titleFile => "catorce",
      }, "ParsedCmd"),
      bless({
        cmd => "photo",
        defaulted => { titleFile => 1 },
        end => 108,
        index => 15,
        name => 15,
        parsedKeys => bless({
          aFewChars => 15,
          cmd => "photo",
          level => 2,
          name => 15,
          say => 15,
          title => "quince",
          titleFile => "quince",
          wiki => "https://en.wikipedia.org/wiki/15_(number)",
        }, "ParsedKeys"),
        say => 15,
        start => 104,
        title => "quince",
        titleFile => "quince",
      }, "ParsedCmd"),
      bless({
        cmd => "photo",
        defaulted => { titleFile => 1 },
        end => 114,
        index => 16,
        name => 16,
        parsedKeys => bless({
          aFewChars => 16,
          cmd => "photo",
          level => 2,
          name => 16,
          say => 16,
          title => "diecis\xE9is",
          titleFile => "diecis\xE9is",
          wiki => "https://en.wikipedia.org/wiki/16_(number)",
        }, "ParsedKeys"),
        say => 16,
        start => 110,
        title => "diecis\xE9is",
        titleFile => "diecis\xE9is",
      }, "ParsedCmd"),
      bless({
        cmd => "photo",
        defaulted => { titleFile => 1 },
        end => 120,
        index => 17,
        name => 17,
        parsedKeys => bless({
          aFewChars => 17,
          cmd => "photo",
          level => 2,
          name => 17,
          say => 17,
          title => "diecisiete",
          titleFile => "diecisiete",
          wiki => "https://en.wikipedia.org/wiki/17_(number)",
        }, "ParsedKeys"),
        say => 17,
        start => 116,
        title => "diecisiete",
        titleFile => "diecisiete",
      }, "ParsedCmd"),
      bless({
        cmd => "photo",
        defaulted => { titleFile => 1 },
        end => 126,
        index => 18,
        name => 18,
        parsedKeys => bless({
          aFewChars => 18,
          cmd => "photo",
          level => 2,
          name => 18,
          say => 18,
          title => "dieciocho",
          titleFile => "dieciocho",
          wiki => "https://en.wikipedia.org/wiki/18_(number)",
        }, "ParsedKeys"),
        say => 18,
        start => 122,
        title => "dieciocho",
        titleFile => "dieciocho",
      }, "ParsedCmd"),
      bless({
        cmd => "photo",
        defaulted => { titleFile => 1 },
        end => 132,
        index => 19,
        name => 19,
        parsedKeys => bless({
          aFewChars => 19,
          cmd => "photo",
          level => 2,
          name => 19,
          say => 19,
          title => "diecinueve",
          titleFile => "diecinueve",
          wiki => "https://en.wikipedia.org/wiki/19_(number)",
        }, "ParsedKeys"),
        say => 19,
        start => 128,
        title => "diecinueve",
        titleFile => "diecinueve",
      }, "ParsedCmd"),
      bless({
        cmd => "photo",
        defaulted => { titleFile => 1 },
        end => 138,
        index => 20,
        name => 20,
        parsedKeys => bless({
          aFewChars => 20,
          cmd => "photo",
          level => 3,
          name => 20,
          say => 20,
          title => "veinte",
          titleFile => "veinte",
          wiki => "https://en.wikipedia.org/wiki/20_(number)",
        }, "ParsedKeys"),
        say => 20,
        start => 134,
        title => "veinte",
        titleFile => "veinte",
      }, "ParsedCmd"),
      bless({
        cmd => "photo",
        defaulted => { titleFile => 1 },
        end => 144,
        index => 21,
        name => 21,
        parsedKeys => bless({
          aFewChars => 21,
          cmd => "photo",
          level => 5,
          name => 21,
          say => 21,
          title => "veintiuno",
          titleFile => "veintiuno",
          wiki => "https://en.wikipedia.org/wiki/21_(number)",
        }, "ParsedKeys"),
        say => 21,
        start => 140,
        title => "veintiuno",
        titleFile => "veintiuno",
      }, "ParsedCmd"),
      bless({
        cmd => "photo",
        defaulted => { titleFile => 1 },
        end => 150,
        index => 22,
        name => 22,
        parsedKeys => bless({
          aFewChars => 22,
          cmd => "photo",
          level => 4,
          name => 22,
          say => 22,
          title => "veintid\xF3s",
          titleFile => "veintid\xF3s",
          wiki => "https://en.wikipedia.org/wiki/22_(number)",
        }, "ParsedKeys"),
        say => 22,
        start => 146,
        title => "veintid\xF3s",
        titleFile => "veintid\xF3s",
      }, "ParsedCmd"),
      bless({
        cmd => "photo",
        defaulted => { titleFile => 1 },
        end => 156,
        index => 23,
        name => 23,
        parsedKeys => bless({
          aFewChars => 23,
          cmd => "photo",
          level => 5,
          name => 23,
          say => 23,
          title => "veintitr\xE9s",
          titleFile => "veintitr\xE9s",
          wiki => "https://en.wikipedia.org/wiki/23_(number)",
        }, "ParsedKeys"),
        say => 23,
        start => 152,
        title => "veintitr\xE9s",
        titleFile => "veintitr\xE9s",
      }, "ParsedCmd"),
      bless({
        cmd => "photo",
        defaulted => { titleFile => 1 },
        end => 162,
        index => 24,
        name => 24,
        parsedKeys => bless({
          aFewChars => 24,
          cmd => "photo",
          level => 5,
          name => 24,
          say => 24,
          title => "veinticuatro",
          titleFile => "veinticuatro",
          wiki => "https://en.wikipedia.org/wiki/24_(number)",
        }, "ParsedKeys"),
        say => 24,
        start => 158,
        title => "veinticuatro",
        titleFile => "veinticuatro",
      }, "ParsedCmd"),
      bless({
        cmd => "photo",
        defaulted => { titleFile => 1 },
        end => 168,
        index => 25,
        name => 25,
        parsedKeys => bless({
          aFewChars => 25,
          cmd => "photo",
          level => 5,
          name => 25,
          say => 25,
          title => "veinticinco",
          titleFile => "veinticinco",
          wiki => "https://en.wikipedia.org/wiki/25_(number)",
        }, "ParsedKeys"),
        say => 25,
        start => 164,
        title => "veinticinco",
        titleFile => "veinticinco",
      }, "ParsedCmd"),
      bless({
        cmd => "photo",
        defaulted => { titleFile => 1 },
        end => 174,
        index => 26,
        name => 26,
        parsedKeys => bless({
          aFewChars => 26,
          cmd => "photo",
          level => 5,
          name => 26,
          say => 26,
          title => "veintis\xE9is",
          titleFile => "veintis\xE9is",
          wiki => "https://en.wikipedia.org/wiki/26_(number)",
        }, "ParsedKeys"),
        say => 26,
        start => 170,
        title => "veintis\xE9is",
        titleFile => "veintis\xE9is",
      }, "ParsedCmd"),
      bless({
        cmd => "photo",
        defaulted => { titleFile => 1 },
        end => 180,
        index => 27,
        name => 27,
        parsedKeys => bless({
          aFewChars => 27,
          cmd => "photo",
          level => 5,
          name => 27,
          say => 27,
          title => "veintisiete",
          titleFile => "veintisiete",
          wiki => "https://en.wikipedia.org/wiki/27_(number)",
        }, "ParsedKeys"),
        say => 27,
        start => 176,
        title => "veintisiete",
        titleFile => "veintisiete",
      }, "ParsedCmd"),
      bless({
        cmd => "photo",
        defaulted => { titleFile => 1 },
        end => 186,
        index => 28,
        name => 28,
        parsedKeys => bless({
          aFewChars => 28,
          cmd => "photo",
          level => 5,
          name => 28,
          say => 28,
          title => "veintiocho",
          titleFile => "veintiocho",
          wiki => "https://en.wikipedia.org/wiki/28_(number)",
        }, "ParsedKeys"),
        say => 28,
        start => 182,
        title => "veintiocho",
        titleFile => "veintiocho",
      }, "ParsedCmd"),
      bless({
        cmd => "photo",
        defaulted => { titleFile => 1 },
        end => 192,
        index => 29,
        name => 29,
        parsedKeys => bless({
          aFewChars => 29,
          cmd => "photo",
          level => 5,
          name => 29,
          say => 29,
          title => "veintinueve",
          titleFile => "veintinueve",
          wiki => "https://en.wikipedia.org/wiki/29_(number)",
        }, "ParsedKeys"),
        say => 29,
        start => 188,
        title => "veintinueve",
        titleFile => "veintinueve",
      }, "ParsedCmd"),
      bless({
        cmd => "photo",
        defaulted => { titleFile => 1 },
        end => 198,
        index => 30,
        name => 30,
        parsedKeys => bless({
          aFewChars => 30,
          cmd => "photo",
          level => 3,
          name => 30,
          say => 30,
          title => "treinta",
          titleFile => "treinta",
          wiki => "https://en.wikipedia.org/wiki/30_(number)",
        }, "ParsedKeys"),
        say => 30,
        start => 194,
        title => "treinta",
        titleFile => "treinta",
      }, "ParsedCmd"),
      bless({
        cmd => "photo",
        defaulted => { titleFile => 1 },
        end => 204,
        index => 31,
        name => 31,
        parsedKeys => bless({
          aFewChars => 31,
          cmd => "photo",
          level => 6,
          name => 31,
          say => 31,
          title => "treintay uno",
          titleFile => "treintayUno",
          wiki => "https://en.wikipedia.org/wiki/31_(number)",
        }, "ParsedKeys"),
        say => 31,
        start => 200,
        title => "treintay uno",
        titleFile => "treintayUno",
      }, "ParsedCmd"),
      bless({
        cmd => "photo",
        defaulted => { titleFile => 1 },
        end => 210,
        index => 32,
        name => 32,
        parsedKeys => bless({
          aFewChars => 32,
          cmd => "photo",
          level => 6,
          name => 32,
          say => 32,
          title => "treintay dos",
          titleFile => "treintayDos",
          wiki => "https://en.wikipedia.org/wiki/32_(number)",
        }, "ParsedKeys"),
        say => 32,
        start => 206,
        title => "treintay dos",
        titleFile => "treintayDos",
      }, "ParsedCmd"),
      bless({
        cmd => "photo",
        defaulted => { titleFile => 1 },
        end => 216,
        index => 33,
        name => 33,
        parsedKeys => bless({
          aFewChars => 33,
          cmd => "photo",
          level => 4,
          name => 33,
          say => 33,
          title => "treintay tres",
          titleFile => "treintayTres",
          wiki => "https://en.wikipedia.org/wiki/33_(number)",
        }, "ParsedKeys"),
        say => 33,
        start => 212,
        title => "treintay tres",
        titleFile => "treintayTres",
      }, "ParsedCmd"),
      bless({
        cmd => "photo",
        defaulted => { titleFile => 1 },
        end => 222,
        index => 34,
        name => 34,
        parsedKeys => bless({
          aFewChars => 34,
          cmd => "photo",
          level => 6,
          name => 34,
          say => 34,
          title => "treintay cuatro",
          titleFile => "treintayCuatro",
          wiki => "https://en.wikipedia.org/wiki/34_(number)",
        }, "ParsedKeys"),
        say => 34,
        start => 218,
        title => "treintay cuatro",
        titleFile => "treintayCuatro",
      }, "ParsedCmd"),
      bless({
        cmd => "photo",
        defaulted => { titleFile => 1 },
        end => 228,
        index => 35,
        name => 35,
        parsedKeys => bless({
          aFewChars => 35,
          cmd => "photo",
          level => 6,
          name => 35,
          say => 35,
          title => "treintay cinco",
          titleFile => "treintayCinco",
          wiki => "https://en.wikipedia.org/wiki/35_(number)",
        }, "ParsedKeys"),
        say => 35,
        start => 224,
        title => "treintay cinco",
        titleFile => "treintayCinco",
      }, "ParsedCmd"),
      bless({
        cmd => "photo",
        defaulted => { titleFile => 1 },
        end => 234,
        index => 36,
        name => 36,
        parsedKeys => bless({
          aFewChars => 36,
          cmd => "photo",
          level => 6,
          name => 36,
          say => 36,
          title => "treintay seis",
          titleFile => "treintaySeis",
          wiki => "https://en.wikipedia.org/wiki/36_(number)",
        }, "ParsedKeys"),
        say => 36,
        start => 230,
        title => "treintay seis",
        titleFile => "treintaySeis",
      }, "ParsedCmd"),
      bless({
        cmd => "photo",
        defaulted => { titleFile => 1 },
        end => 240,
        index => 37,
        name => 37,
        parsedKeys => bless({
          aFewChars => 37,
          cmd => "photo",
          level => 6,
          name => 37,
          say => 37,
          title => "treintay siete",
          titleFile => "treintaySiete",
          wiki => "https://en.wikipedia.org/wiki/37_(number)",
        }, "ParsedKeys"),
        say => 37,
        start => 236,
        title => "treintay siete",
        titleFile => "treintaySiete",
      }, "ParsedCmd"),
      bless({
        cmd => "photo",
        defaulted => { titleFile => 1 },
        end => 246,
        index => 38,
        name => 38,
        parsedKeys => bless({
          aFewChars => 38,
          cmd => "photo",
          level => 6,
          name => 38,
          say => 38,
          title => "treintay ocho",
          titleFile => "treintayOcho",
          wiki => "https://en.wikipedia.org/wiki/38_(number)",
        }, "ParsedKeys"),
        say => 38,
        start => 242,
        title => "treintay ocho",
        titleFile => "treintayOcho",
      }, "ParsedCmd"),
      bless({
        cmd => "photo",
        defaulted => { titleFile => 1 },
        end => 252,
        index => 39,
        name => 39,
        parsedKeys => bless({
          aFewChars => 39,
          cmd => "photo",
          level => 6,
          name => 39,
          say => 39,
          title => "treintay nueve",
          titleFile => "treintayNueve",
          wiki => "https://en.wikipedia.org/wiki/39_(number)",
        }, "ParsedKeys"),
        say => 39,
        start => 248,
        title => "treintay nueve",
        titleFile => "treintayNueve",
      }, "ParsedCmd"),
      bless({
        cmd => "photo",
        defaulted => { titleFile => 1 },
        end => 258,
        index => 40,
        name => 40,
        parsedKeys => bless({
          aFewChars => 40,
          cmd => "photo",
          level => 3,
          name => 40,
          say => 40,
          title => "cuarenta",
          titleFile => "cuarenta",
          wiki => "https://en.wikipedia.org/wiki/40_(number)",
        }, "ParsedKeys"),
        say => 40,
        start => 254,
        title => "cuarenta",
        titleFile => "cuarenta",
      }, "ParsedCmd"),
      bless({
        cmd => "photo",
        defaulted => { titleFile => 1 },
        end => 264,
        index => 41,
        name => 41,
        parsedKeys => bless({
          aFewChars => 41,
          cmd => "photo",
          level => 7,
          name => 41,
          say => 41,
          title => "cuarentay uno",
          titleFile => "cuarentayUno",
          wiki => "https://en.wikipedia.org/wiki/41_(number)",
        }, "ParsedKeys"),
        say => 41,
        start => 260,
        title => "cuarentay uno",
        titleFile => "cuarentayUno",
      }, "ParsedCmd"),
      bless({
        cmd => "photo",
        defaulted => { titleFile => 1 },
        end => 270,
        index => 42,
        name => 42,
        parsedKeys => bless({
          aFewChars => 42,
          cmd => "photo",
          level => 7,
          name => 42,
          say => 42,
          title => "cuarentay dos",
          titleFile => "cuarentayDos",
          wiki => "https://en.wikipedia.org/wiki/42_(number)",
        }, "ParsedKeys"),
        say => 42,
        start => 266,
        title => "cuarentay dos",
        titleFile => "cuarentayDos",
      }, "ParsedCmd"),
      bless({
        cmd => "photo",
        defaulted => { titleFile => 1 },
        end => 276,
        index => 43,
        name => 43,
        parsedKeys => bless({
          aFewChars => 43,
          cmd => "photo",
          level => 7,
          name => 43,
          say => 43,
          title => "cuarentay tres",
          titleFile => "cuarentayTres",
          wiki => "https://en.wikipedia.org/wiki/43_(number)",
        }, "ParsedKeys"),
        say => 43,
        start => 272,
        title => "cuarentay tres",
        titleFile => "cuarentayTres",
      }, "ParsedCmd"),
      bless({
        cmd => "photo",
        defaulted => { titleFile => 1 },
        end => 282,
        index => 44,
        name => 44,
        parsedKeys => bless({
          aFewChars => 44,
          cmd => "photo",
          level => 4,
          name => 44,
          say => 44,
          title => "cuarentay cuatro",
          titleFile => "cuarentayCuatro",
          wiki => "https://en.wikipedia.org/wiki/44_(number)",
        }, "ParsedKeys"),
        say => 44,
        start => 278,
        title => "cuarentay cuatro",
        titleFile => "cuarentayCuatro",
      }, "ParsedCmd"),
      bless({
        cmd => "photo",
        defaulted => { titleFile => 1 },
        end => 288,
        index => 45,
        name => 45,
        parsedKeys => bless({
          aFewChars => 45,
          cmd => "photo",
          level => 7,
          name => 45,
          say => 45,
          title => "cuarentay cinco",
          titleFile => "cuarentayCinco",
          wiki => "https://en.wikipedia.org/wiki/45_(number)",
        }, "ParsedKeys"),
        say => 45,
        start => 284,
        title => "cuarentay cinco",
        titleFile => "cuarentayCinco",
      }, "ParsedCmd"),
      bless({
        cmd => "photo",
        defaulted => { titleFile => 1 },
        end => 294,
        index => 46,
        name => 46,
        parsedKeys => bless({
          aFewChars => 46,
          cmd => "photo",
          level => 7,
          name => 46,
          say => 46,
          title => "cuarentay seis",
          titleFile => "cuarentaySeis",
          wiki => "https://en.wikipedia.org/wiki/46_(number)",
        }, "ParsedKeys"),
        say => 46,
        start => 290,
        title => "cuarentay seis",
        titleFile => "cuarentaySeis",
      }, "ParsedCmd"),
      bless({
        cmd => "photo",
        defaulted => { titleFile => 1 },
        end => 300,
        index => 47,
        name => 47,
        parsedKeys => bless({
          aFewChars => 47,
          cmd => "photo",
          level => 7,
          name => 47,
          say => 47,
          title => "cuarentay siete",
          titleFile => "cuarentaySiete",
          wiki => "https://en.wikipedia.org/wiki/47_(number)",
        }, "ParsedKeys"),
        say => 47,
        start => 296,
        title => "cuarentay siete",
        titleFile => "cuarentaySiete",
      }, "ParsedCmd"),
      bless({
        cmd => "photo",
        defaulted => { titleFile => 1 },
        end => 306,
        index => 48,
        name => 48,
        parsedKeys => bless({
          aFewChars => 48,
          cmd => "photo",
          level => 7,
          name => 48,
          say => 48,
          title => "cuarentay ocho",
          titleFile => "cuarentayOcho",
          wiki => "https://en.wikipedia.org/wiki/48_(number)",
        }, "ParsedKeys"),
        say => 48,
        start => 302,
        title => "cuarentay ocho",
        titleFile => "cuarentayOcho",
      }, "ParsedCmd"),
      bless({
        cmd => "photo",
        defaulted => { titleFile => 1 },
        end => 312,
        index => 49,
        name => 49,
        parsedKeys => bless({
          aFewChars => 49,
          cmd => "photo",
          level => 7,
          name => 49,
          say => 49,
          title => "cuarentay nueve",
          titleFile => "cuarentayNueve",
          wiki => "https://en.wikipedia.org/wiki/49_(number)",
        }, "ParsedKeys"),
        say => 49,
        start => 308,
        title => "cuarentay nueve",
        titleFile => "cuarentayNueve",
      }, "ParsedCmd"),
      bless({
        cmd => "photo",
        defaulted => { titleFile => 1 },
        end => 318,
        index => 50,
        name => 50,
        parsedKeys => bless({
          aFewChars => 50,
          cmd => "photo",
          level => 3,
          name => 50,
          say => 50,
          title => "cincuenta",
          titleFile => "cincuenta",
          wiki => "https://en.wikipedia.org/wiki/50_(number)",
        }, "ParsedKeys"),
        say => 50,
        start => 314,
        title => "cincuenta",
        titleFile => "cincuenta",
      }, "ParsedCmd"),
      bless({
        cmd => "photo",
        defaulted => { titleFile => 1 },
        end => 324,
        index => 51,
        name => 51,
        parsedKeys => bless({
          aFewChars => 51,
          cmd => "photo",
          level => 8,
          name => 51,
          say => 51,
          title => "cincuentay uno",
          titleFile => "cincuentayUno",
          wiki => "https://en.wikipedia.org/wiki/51_(number)",
        }, "ParsedKeys"),
        say => 51,
        start => 320,
        title => "cincuentay uno",
        titleFile => "cincuentayUno",
      }, "ParsedCmd"),
      bless({
        cmd => "photo",
        defaulted => { titleFile => 1 },
        end => 330,
        index => 52,
        name => 52,
        parsedKeys => bless({
          aFewChars => 52,
          cmd => "photo",
          level => 8,
          name => 52,
          say => 52,
          title => "cincuentay dos",
          titleFile => "cincuentayDos",
          wiki => "https://en.wikipedia.org/wiki/52_(number)",
        }, "ParsedKeys"),
        say => 52,
        start => 326,
        title => "cincuentay dos",
        titleFile => "cincuentayDos",
      }, "ParsedCmd"),
      bless({
        cmd => "photo",
        defaulted => { titleFile => 1 },
        end => 336,
        index => 53,
        name => 53,
        parsedKeys => bless({
          aFewChars => 53,
          cmd => "photo",
          level => 8,
          name => 53,
          say => 53,
          title => "cincuentay tres",
          titleFile => "cincuentayTres",
          wiki => "https://en.wikipedia.org/wiki/53_(number)",
        }, "ParsedKeys"),
        say => 53,
        start => 332,
        title => "cincuentay tres",
        titleFile => "cincuentayTres",
      }, "ParsedCmd"),
      bless({
        cmd => "photo",
        defaulted => { titleFile => 1 },
        end => 342,
        index => 54,
        name => 54,
        parsedKeys => bless({
          aFewChars => 54,
          cmd => "photo",
          level => 8,
          name => 54,
          say => 54,
          title => "cincuentay cuatro",
          titleFile => "cincuentayCuatro",
          wiki => "https://en.wikipedia.org/wiki/54_(number)",
        }, "ParsedKeys"),
        say => 54,
        start => 338,
        title => "cincuentay cuatro",
        titleFile => "cincuentayCuatro",
      }, "ParsedCmd"),
      bless({
        cmd => "photo",
        defaulted => { titleFile => 1 },
        end => 348,
        index => 55,
        name => 55,
        parsedKeys => bless({
          aFewChars => 55,
          cmd => "photo",
          level => 4,
          name => 55,
          say => 55,
          title => "cincuentay cinco",
          titleFile => "cincuentayCinco",
          wiki => "https://en.wikipedia.org/wiki/55_(number)",
        }, "ParsedKeys"),
        say => 55,
        start => 344,
        title => "cincuentay cinco",
        titleFile => "cincuentayCinco",
      }, "ParsedCmd"),
      bless({
        cmd => "photo",
        defaulted => { titleFile => 1 },
        end => 354,
        index => 56,
        name => 56,
        parsedKeys => bless({
          aFewChars => 56,
          cmd => "photo",
          level => 8,
          name => 56,
          say => 56,
          title => "cincuentay seis",
          titleFile => "cincuentaySeis",
          wiki => "https://en.wikipedia.org/wiki/56_(number)",
        }, "ParsedKeys"),
        say => 56,
        start => 350,
        title => "cincuentay seis",
        titleFile => "cincuentaySeis",
      }, "ParsedCmd"),
      bless({
        cmd => "photo",
        defaulted => { titleFile => 1 },
        end => 360,
        index => 57,
        name => 57,
        parsedKeys => bless({
          aFewChars => 57,
          cmd => "photo",
          level => 8,
          name => 57,
          say => 57,
          title => "cincuentay siete",
          titleFile => "cincuentaySiete",
          wiki => "https://en.wikipedia.org/wiki/57_(number)",
        }, "ParsedKeys"),
        say => 57,
        start => 356,
        title => "cincuentay siete",
        titleFile => "cincuentaySiete",
      }, "ParsedCmd"),
      bless({
        cmd => "photo",
        defaulted => { titleFile => 1 },
        end => 366,
        index => 58,
        name => 58,
        parsedKeys => bless({
          aFewChars => 58,
          cmd => "photo",
          level => 8,
          name => 58,
          say => 58,
          title => "cincuentay ocho",
          titleFile => "cincuentayOcho",
          wiki => "https://en.wikipedia.org/wiki/58_(number)",
        }, "ParsedKeys"),
        say => 58,
        start => 362,
        title => "cincuentay ocho",
        titleFile => "cincuentayOcho",
      }, "ParsedCmd"),
      bless({
        cmd => "photo",
        defaulted => { titleFile => 1 },
        end => 372,
        index => 59,
        name => 59,
        parsedKeys => bless({
          aFewChars => 59,
          cmd => "photo",
          level => 8,
          name => 59,
          say => 59,
          title => "cincuentay nueve",
          titleFile => "cincuentayNueve",
          wiki => "https://en.wikipedia.org/wiki/59_(number)",
        }, "ParsedKeys"),
        say => 59,
        start => 368,
        title => "cincuentay nueve",
        titleFile => "cincuentayNueve",
      }, "ParsedCmd"),
      bless({
        cmd => "photo",
        defaulted => { titleFile => 1 },
        end => 378,
        index => 60,
        name => 60,
        parsedKeys => bless({
          aFewChars => 60,
          cmd => "photo",
          level => 3,
          name => 60,
          say => 60,
          title => "sesenta",
          titleFile => "sesenta",
          wiki => "https://en.wikipedia.org/wiki/60_(number)",
        }, "ParsedKeys"),
        say => 60,
        start => 374,
        title => "sesenta",
        titleFile => "sesenta",
      }, "ParsedCmd"),
      bless({
        cmd => "photo",
        defaulted => { titleFile => 1 },
        end => 384,
        index => 61,
        name => 61,
        parsedKeys => bless({
          aFewChars => 61,
          cmd => "photo",
          level => 9,
          name => 61,
          say => 61,
          title => "sesentay uno",
          titleFile => "sesentayUno",
          wiki => "https://en.wikipedia.org/wiki/61_(number)",
        }, "ParsedKeys"),
        say => 61,
        start => 380,
        title => "sesentay uno",
        titleFile => "sesentayUno",
      }, "ParsedCmd"),
      bless({
        cmd => "photo",
        defaulted => { titleFile => 1 },
        end => 390,
        index => 62,
        name => 62,
        parsedKeys => bless({
          aFewChars => 62,
          cmd => "photo",
          level => 9,
          name => 62,
          say => 62,
          title => "sesentay dos",
          titleFile => "sesentayDos",
          wiki => "https://en.wikipedia.org/wiki/62_(number)",
        }, "ParsedKeys"),
        say => 62,
        start => 386,
        title => "sesentay dos",
        titleFile => "sesentayDos",
      }, "ParsedCmd"),
      bless({
        cmd => "photo",
        defaulted => { titleFile => 1 },
        end => 396,
        index => 63,
        name => 63,
        parsedKeys => bless({
          aFewChars => 63,
          cmd => "photo",
          level => 9,
          name => 63,
          say => 63,
          title => "sesentay tres",
          titleFile => "sesentayTres",
          wiki => "https://en.wikipedia.org/wiki/63_(number)",
        }, "ParsedKeys"),
        say => 63,
        start => 392,
        title => "sesentay tres",
        titleFile => "sesentayTres",
      }, "ParsedCmd"),
      bless({
        cmd => "photo",
        defaulted => { titleFile => 1 },
        end => 402,
        index => 64,
        name => 64,
        parsedKeys => bless({
          aFewChars => 64,
          cmd => "photo",
          level => 9,
          name => 64,
          say => 64,
          title => "sesentay cuatro",
          titleFile => "sesentayCuatro",
          wiki => "https://en.wikipedia.org/wiki/64_(number)",
        }, "ParsedKeys"),
        say => 64,
        start => 398,
        title => "sesentay cuatro",
        titleFile => "sesentayCuatro",
      }, "ParsedCmd"),
      bless({
        cmd => "photo",
        defaulted => { titleFile => 1 },
        end => 408,
        index => 65,
        name => 65,
        parsedKeys => bless({
          aFewChars => 65,
          cmd => "photo",
          level => 9,
          name => 65,
          say => 65,
          title => "sesentay cinco",
          titleFile => "sesentayCinco",
          wiki => "https://en.wikipedia.org/wiki/65_(number)",
        }, "ParsedKeys"),
        say => 65,
        start => 404,
        title => "sesentay cinco",
        titleFile => "sesentayCinco",
      }, "ParsedCmd"),
      bless({
        cmd => "photo",
        defaulted => { titleFile => 1 },
        end => 414,
        index => 66,
        name => 66,
        parsedKeys => bless({
          aFewChars => 66,
          cmd => "photo",
          level => 4,
          name => 66,
          say => 66,
          title => "sesentay seis",
          titleFile => "sesentaySeis",
          wiki => "https://en.wikipedia.org/wiki/66_(number)",
        }, "ParsedKeys"),
        say => 66,
        start => 410,
        title => "sesentay seis",
        titleFile => "sesentaySeis",
      }, "ParsedCmd"),
      bless({
        cmd => "photo",
        defaulted => { titleFile => 1 },
        end => 420,
        index => 67,
        name => 67,
        parsedKeys => bless({
          aFewChars => 67,
          cmd => "photo",
          level => 9,
          name => 67,
          say => 67,
          title => "sesentay siete",
          titleFile => "sesentaySiete",
          wiki => "https://en.wikipedia.org/wiki/67_(number)",
        }, "ParsedKeys"),
        say => 67,
        start => 416,
        title => "sesentay siete",
        titleFile => "sesentaySiete",
      }, "ParsedCmd"),
      bless({
        cmd => "photo",
        defaulted => { titleFile => 1 },
        end => 426,
        index => 68,
        name => 68,
        parsedKeys => bless({
          aFewChars => 68,
          cmd => "photo",
          level => 9,
          name => 68,
          say => 68,
          title => "sesentay ocho",
          titleFile => "sesentayOcho",
          wiki => "https://en.wikipedia.org/wiki/68_(number)",
        }, "ParsedKeys"),
        say => 68,
        start => 422,
        title => "sesentay ocho",
        titleFile => "sesentayOcho",
      }, "ParsedCmd"),
      bless({
        cmd => "photo",
        defaulted => { titleFile => 1 },
        end => 432,
        index => 69,
        name => 69,
        parsedKeys => bless({
          aFewChars => 69,
          cmd => "photo",
          level => 9,
          name => 69,
          say => 69,
          title => "sesentay nueve",
          titleFile => "sesentayNueve",
          wiki => "https://en.wikipedia.org/wiki/69_(number)",
        }, "ParsedKeys"),
        say => 69,
        start => 428,
        title => "sesentay nueve",
        titleFile => "sesentayNueve",
      }, "ParsedCmd"),
      bless({
        cmd => "photo",
        defaulted => { titleFile => 1 },
        end => 438,
        index => 70,
        name => 70,
        parsedKeys => bless({
          aFewChars => 70,
          cmd => "photo",
          level => 3,
          name => 70,
          say => 70,
          title => "setenta",
          titleFile => "setenta",
          wiki => "https://en.wikipedia.org/wiki/70_(number)",
        }, "ParsedKeys"),
        say => 70,
        start => 434,
        title => "setenta",
        titleFile => "setenta",
      }, "ParsedCmd"),
      bless({
        cmd => "photo",
        defaulted => { titleFile => 1 },
        end => 444,
        index => 71,
        name => 71,
        parsedKeys => bless({
          aFewChars => 71,
          cmd => "photo",
          level => 9,
          name => 71,
          say => 71,
          title => "setentay uno",
          titleFile => "setentayUno",
          wiki => "https://en.wikipedia.org/wiki/71_(number)",
        }, "ParsedKeys"),
        say => 71,
        start => 440,
        title => "setentay uno",
        titleFile => "setentayUno",
      }, "ParsedCmd"),
      bless({
        cmd => "photo",
        defaulted => { titleFile => 1 },
        end => 450,
        index => 72,
        name => 72,
        parsedKeys => bless({
          aFewChars => 72,
          cmd => "photo",
          level => 9,
          name => 72,
          say => 72,
          title => "setentay dos",
          titleFile => "setentayDos",
          wiki => "https://en.wikipedia.org/wiki/72_(number)",
        }, "ParsedKeys"),
        say => 72,
        start => 446,
        title => "setentay dos",
        titleFile => "setentayDos",
      }, "ParsedCmd"),
      bless({
        cmd => "photo",
        defaulted => { titleFile => 1 },
        end => 456,
        index => 73,
        name => 73,
        parsedKeys => bless({
          aFewChars => 73,
          cmd => "photo",
          level => 9,
          name => 73,
          say => 73,
          title => "setentay tres",
          titleFile => "setentayTres",
          wiki => "https://en.wikipedia.org/wiki/73_(number)",
        }, "ParsedKeys"),
        say => 73,
        start => 452,
        title => "setentay tres",
        titleFile => "setentayTres",
      }, "ParsedCmd"),
      bless({
        cmd => "photo",
        defaulted => { titleFile => 1 },
        end => 462,
        index => 74,
        name => 74,
        parsedKeys => bless({
          aFewChars => 74,
          cmd => "photo",
          level => 9,
          name => 74,
          say => 74,
          title => "setentay cuatro",
          titleFile => "setentayCuatro",
          wiki => "https://en.wikipedia.org/wiki/74_(number)",
        }, "ParsedKeys"),
        say => 74,
        start => 458,
        title => "setentay cuatro",
        titleFile => "setentayCuatro",
      }, "ParsedCmd"),
      bless({
        cmd => "photo",
        defaulted => { titleFile => 1 },
        end => 468,
        index => 75,
        name => 75,
        parsedKeys => bless({
          aFewChars => 75,
          cmd => "photo",
          level => 9,
          name => 75,
          say => 75,
          title => "setentay cinco",
          titleFile => "setentayCinco",
          wiki => "https://en.wikipedia.org/wiki/75_(number)",
        }, "ParsedKeys"),
        say => 75,
        start => 464,
        title => "setentay cinco",
        titleFile => "setentayCinco",
      }, "ParsedCmd"),
      bless({
        cmd => "photo",
        defaulted => { titleFile => 1 },
        end => 474,
        index => 76,
        name => 76,
        parsedKeys => bless({
          aFewChars => 76,
          cmd => "photo",
          level => 9,
          name => 76,
          say => 76,
          title => "setentay seis",
          titleFile => "setentaySeis",
          wiki => "https://en.wikipedia.org/wiki/76_(number)",
        }, "ParsedKeys"),
        say => 76,
        start => 470,
        title => "setentay seis",
        titleFile => "setentaySeis",
      }, "ParsedCmd"),
      bless({
        cmd => "photo",
        defaulted => { titleFile => 1 },
        end => 480,
        index => 77,
        name => 77,
        parsedKeys => bless({
          aFewChars => 77,
          cmd => "photo",
          level => 4,
          name => 77,
          say => 77,
          title => "setentay siete",
          titleFile => "setentaySiete",
          wiki => "https://en.wikipedia.org/wiki/77_(number)",
        }, "ParsedKeys"),
        say => 77,
        start => 476,
        title => "setentay siete",
        titleFile => "setentaySiete",
      }, "ParsedCmd"),
      bless({
        cmd => "photo",
        defaulted => { titleFile => 1 },
        end => 486,
        index => 78,
        name => 78,
        parsedKeys => bless({
          aFewChars => 78,
          cmd => "photo",
          level => 9,
          name => 78,
          say => 78,
          title => "setentay ocho",
          titleFile => "setentayOcho",
          wiki => "https://en.wikipedia.org/wiki/78_(number)",
        }, "ParsedKeys"),
        say => 78,
        start => 482,
        title => "setentay ocho",
        titleFile => "setentayOcho",
      }, "ParsedCmd"),
      bless({
        cmd => "photo",
        defaulted => { titleFile => 1 },
        end => 492,
        index => 79,
        name => 79,
        parsedKeys => bless({
          aFewChars => 79,
          cmd => "photo",
          level => 9,
          name => 79,
          say => 79,
          title => "setentay nueve",
          titleFile => "setentayNueve",
          wiki => "https://en.wikipedia.org/wiki/79_(number)",
        }, "ParsedKeys"),
        say => 79,
        start => 488,
        title => "setentay nueve",
        titleFile => "setentayNueve",
      }, "ParsedCmd"),
      bless({
        cmd => "photo",
        defaulted => { titleFile => 1 },
        end => 498,
        index => 80,
        name => 80,
        parsedKeys => bless({
          aFewChars => 80,
          cmd => "photo",
          level => 3,
          name => 80,
          say => 80,
          title => "ochenta",
          titleFile => "ochenta",
          wiki => "https://en.wikipedia.org/wiki/80_(number)",
        }, "ParsedKeys"),
        say => 80,
        start => 494,
        title => "ochenta",
        titleFile => "ochenta",
      }, "ParsedCmd"),
      bless({
        cmd => "photo",
        defaulted => { titleFile => 1 },
        end => 504,
        index => 81,
        name => 81,
        parsedKeys => bless({
          aFewChars => 81,
          cmd => "photo",
          level => 10,
          name => 81,
          say => 81,
          title => "ochentay uno",
          titleFile => "ochentayUno",
          wiki => "https://en.wikipedia.org/wiki/81_(number)",
        }, "ParsedKeys"),
        say => 81,
        start => 500,
        title => "ochentay uno",
        titleFile => "ochentayUno",
      }, "ParsedCmd"),
      bless({
        cmd => "photo",
        defaulted => { titleFile => 1 },
        end => 510,
        index => 82,
        name => 82,
        parsedKeys => bless({
          aFewChars => 82,
          cmd => "photo",
          level => 10,
          name => 82,
          say => 82,
          title => "ochentay dos",
          titleFile => "ochentayDos",
          wiki => "https://en.wikipedia.org/wiki/82_(number)",
        }, "ParsedKeys"),
        say => 82,
        start => 506,
        title => "ochentay dos",
        titleFile => "ochentayDos",
      }, "ParsedCmd"),
      bless({
        cmd => "photo",
        defaulted => { titleFile => 1 },
        end => 516,
        index => 83,
        name => 83,
        parsedKeys => bless({
          aFewChars => 83,
          cmd => "photo",
          level => 10,
          name => 83,
          say => 83,
          title => "ochentay tres",
          titleFile => "ochentayTres",
          wiki => "https://en.wikipedia.org/wiki/83_(number)",
        }, "ParsedKeys"),
        say => 83,
        start => 512,
        title => "ochentay tres",
        titleFile => "ochentayTres",
      }, "ParsedCmd"),
      bless({
        cmd => "photo",
        defaulted => { titleFile => 1 },
        end => 522,
        index => 84,
        name => 84,
        parsedKeys => bless({
          aFewChars => 84,
          cmd => "photo",
          level => 10,
          name => 84,
          say => 84,
          title => "ochentay cuatro",
          titleFile => "ochentayCuatro",
          wiki => "https://en.wikipedia.org/wiki/84_(number)",
        }, "ParsedKeys"),
        say => 84,
        start => 518,
        title => "ochentay cuatro",
        titleFile => "ochentayCuatro",
      }, "ParsedCmd"),
      bless({
        cmd => "photo",
        defaulted => { titleFile => 1 },
        end => 528,
        index => 85,
        name => 85,
        parsedKeys => bless({
          aFewChars => 85,
          cmd => "photo",
          level => 10,
          name => 85,
          say => 85,
          title => "ochentay cinco",
          titleFile => "ochentayCinco",
          wiki => "https://en.wikipedia.org/wiki/85_(number)",
        }, "ParsedKeys"),
        say => 85,
        start => 524,
        title => "ochentay cinco",
        titleFile => "ochentayCinco",
      }, "ParsedCmd"),
      bless({
        cmd => "photo",
        defaulted => { titleFile => 1 },
        end => 534,
        index => 86,
        name => 86,
        parsedKeys => bless({
          aFewChars => 86,
          cmd => "photo",
          level => 10,
          name => 86,
          say => 86,
          title => "ochentay seis",
          titleFile => "ochentaySeis",
          wiki => "https://en.wikipedia.org/wiki/86_(number)",
        }, "ParsedKeys"),
        say => 86,
        start => 530,
        title => "ochentay seis",
        titleFile => "ochentaySeis",
      }, "ParsedCmd"),
      bless({
        cmd => "photo",
        defaulted => { titleFile => 1 },
        end => 540,
        index => 87,
        name => 87,
        parsedKeys => bless({
          aFewChars => 87,
          cmd => "photo",
          level => 10,
          name => 87,
          say => 87,
          title => "ochentay siete",
          titleFile => "ochentaySiete",
          wiki => "https://en.wikipedia.org/wiki/87_(number)",
        }, "ParsedKeys"),
        say => 87,
        start => 536,
        title => "ochentay siete",
        titleFile => "ochentaySiete",
      }, "ParsedCmd"),
      bless({
        cmd => "photo",
        defaulted => { titleFile => 1 },
        end => 546,
        index => 88,
        name => 88,
        parsedKeys => bless({
          aFewChars => 88,
          cmd => "photo",
          level => 4,
          name => 88,
          say => 88,
          title => "ochentay ocho",
          titleFile => "ochentayOcho",
          wiki => "https://en.wikipedia.org/wiki/88_(number)",
        }, "ParsedKeys"),
        say => 88,
        start => 542,
        title => "ochentay ocho",
        titleFile => "ochentayOcho",
      }, "ParsedCmd"),
      bless({
        cmd => "photo",
        defaulted => { titleFile => 1 },
        end => 552,
        index => 89,
        name => 89,
        parsedKeys => bless({
          aFewChars => 89,
          cmd => "photo",
          level => 10,
          name => 89,
          say => 89,
          title => "ochentay nueve",
          titleFile => "ochentayNueve",
          wiki => "https://en.wikipedia.org/wiki/89_(number)",
        }, "ParsedKeys"),
        say => 89,
        start => 548,
        title => "ochentay nueve",
        titleFile => "ochentayNueve",
      }, "ParsedCmd"),
      bless({
        cmd => "photo",
        defaulted => { titleFile => 1 },
        end => 558,
        index => 90,
        name => 90,
        parsedKeys => bless({
          aFewChars => 90,
          cmd => "photo",
          level => 3,
          name => 90,
          say => 90,
          title => "noventa",
          titleFile => "noventa",
          wiki => "https://en.wikipedia.org/wiki/90_(number)",
        }, "ParsedKeys"),
        say => 90,
        start => 554,
        title => "noventa",
        titleFile => "noventa",
      }, "ParsedCmd"),
      bless({
        cmd => "photo",
        defaulted => { titleFile => 1 },
        end => 564,
        index => 91,
        name => 91,
        parsedKeys => bless({
          aFewChars => 91,
          cmd => "photo",
          level => 10,
          name => 91,
          say => 91,
          title => "noventay uno",
          titleFile => "noventayUno",
          wiki => "https://en.wikipedia.org/wiki/91_(number)",
        }, "ParsedKeys"),
        say => 91,
        start => 560,
        title => "noventay uno",
        titleFile => "noventayUno",
      }, "ParsedCmd"),
      bless({
        cmd => "photo",
        defaulted => { titleFile => 1 },
        end => 570,
        index => 92,
        name => 92,
        parsedKeys => bless({
          aFewChars => 92,
          cmd => "photo",
          level => 10,
          name => 92,
          say => 92,
          title => "noventay dos",
          titleFile => "noventayDos",
          wiki => "https://en.wikipedia.org/wiki/92_(number)",
        }, "ParsedKeys"),
        say => 92,
        start => 566,
        title => "noventay dos",
        titleFile => "noventayDos",
      }, "ParsedCmd"),
      bless({
        cmd => "photo",
        defaulted => { titleFile => 1 },
        end => 576,
        index => 93,
        name => 93,
        parsedKeys => bless({
          aFewChars => 93,
          cmd => "photo",
          level => 10,
          name => 93,
          say => 93,
          title => "noventay tres",
          titleFile => "noventayTres",
          wiki => "https://en.wikipedia.org/wiki/93_(number)",
        }, "ParsedKeys"),
        say => 93,
        start => 572,
        title => "noventay tres",
        titleFile => "noventayTres",
      }, "ParsedCmd"),
      bless({
        cmd => "photo",
        defaulted => { titleFile => 1 },
        end => 582,
        index => 94,
        name => 94,
        parsedKeys => bless({
          aFewChars => 94,
          cmd => "photo",
          level => 10,
          name => 94,
          say => 94,
          title => "noventay cuatro",
          titleFile => "noventayCuatro",
          wiki => "https://en.wikipedia.org/wiki/94_(number)",
        }, "ParsedKeys"),
        say => 94,
        start => 578,
        title => "noventay cuatro",
        titleFile => "noventayCuatro",
      }, "ParsedCmd"),
      bless({
        cmd => "photo",
        defaulted => { titleFile => 1 },
        end => 588,
        index => 95,
        name => 95,
        parsedKeys => bless({
          aFewChars => 95,
          cmd => "photo",
          level => 10,
          name => 95,
          say => 95,
          title => "noventay cinco",
          titleFile => "noventayCinco",
          wiki => "https://en.wikipedia.org/wiki/95_(number)",
        }, "ParsedKeys"),
        say => 95,
        start => 584,
        title => "noventay cinco",
        titleFile => "noventayCinco",
      }, "ParsedCmd"),
      bless({
        cmd => "photo",
        defaulted => { titleFile => 1 },
        end => 594,
        index => 96,
        name => 96,
        parsedKeys => bless({
          aFewChars => 96,
          cmd => "photo",
          level => 10,
          name => 96,
          say => 96,
          title => "noventay seis",
          titleFile => "noventaySeis",
          wiki => "https://en.wikipedia.org/wiki/96_(number)",
        }, "ParsedKeys"),
        say => 96,
        start => 590,
        title => "noventay seis",
        titleFile => "noventaySeis",
      }, "ParsedCmd"),
      bless({
        cmd => "photo",
        defaulted => { titleFile => 1 },
        end => 600,
        index => 97,
        name => 97,
        parsedKeys => bless({
          aFewChars => 97,
          cmd => "photo",
          level => 10,
          name => 97,
          say => 97,
          title => "noventay siete",
          titleFile => "noventaySiete",
          wiki => "https://en.wikipedia.org/wiki/97_(number)",
        }, "ParsedKeys"),
        say => 97,
        start => 596,
        title => "noventay siete",
        titleFile => "noventaySiete",
      }, "ParsedCmd"),
      bless({
        cmd => "photo",
        defaulted => { titleFile => 1 },
        end => 606,
        index => 98,
        name => 98,
        parsedKeys => bless({
          aFewChars => 98,
          cmd => "photo",
          level => 10,
          name => 98,
          say => 98,
          title => "noventay ocho",
          titleFile => "noventayOcho",
          wiki => "https://en.wikipedia.org/wiki/98_(number)",
        }, "ParsedKeys"),
        say => 98,
        start => 602,
        title => "noventay ocho",
        titleFile => "noventayOcho",
      }, "ParsedCmd"),
      bless({
        cmd => "photo",
        defaulted => { titleFile => 1 },
        end => 612,
        index => 99,
        name => 99,
        parsedKeys => bless({
          aFewChars => 99,
          cmd => "photo",
          level => 4,
          name => 99,
          say => 99,
          title => "noventay nueve",
          titleFile => "noventayNueve",
          wiki => "https://en.wikipedia.org/wiki/99_(number)",
        }, "ParsedKeys"),
        say => 99,
        start => 608,
        title => "noventay nueve",
        titleFile => "noventayNueve",
      }, "ParsedCmd"),
      bless({
        cmd => "photo",
        defaulted => { titleFile => 1 },
        end => 618,
        index => 100,
        name => 100,
        parsedKeys => bless({
          aFewChars => 100,
          cmd => "photo",
          level => 3,
          name => 100,
          say => 100,
          title => "cien",
          titleFile => "cien",
          wiki => "https://en.wikipedia.org/wiki/100_(number)",
        }, "ParsedKeys"),
        say => 100,
        start => 614,
        title => "cien",
        titleFile => "cien",
      }, "ParsedCmd"),
    ],
    project => "philiprbrenan/100/l/es",
    source => "app 100.l.es    = The Numbers from 0 to 100 in Spanish\n  description   = Learn to recognize and say the Numbers from 0 to 100 in spoken Spanish\n  ordered       = finally\n  icon          = icon.png\n  maxImages     = 12\n  author        = philiprbrenan\n  email         = philiprbrenan\@gmail.com\n  emphasis      = 3\n  language      = es \n  full_name_on_google_play = com.appaapps.photoapp.es100                                           # The original names of these apps when they were all inspearate repositories on Github instead of just one as they are now\n  version       = 2017-12-28 at 19:06:23\n\n\nphoto 0 = cero\n  afewchars = 0\n  level     = 1\n  say       = 0\n  wiki      = https://en.wikipedia.org/wiki/0_(number)\n\nphoto 1 = uno\n  afewchars = 1\n  level     = 1\n  say       = 1\n  wiki      = https://en.wikipedia.org/wiki/1_(number)\n\nphoto 2 = dos\n  afewchars = 2\n  level     = 1\n  say       = 2\n  wiki      = https://en.wikipedia.org/wiki/2_(number)\n\nphoto 3 = tres\n  afewchars = 3\n  level     = 1\n  say       = 3\n  wiki      = https://en.wikipedia.org/wiki/3_(number)\n\nphoto 4 = cuatro\n  afewchars = 4\n  level     = 1\n  say       = 4\n  wiki      = https://en.wikipedia.org/wiki/4_(number)\n\nphoto 5 = cinco\n  afewchars = 5\n  level     = 1\n  say       = 5\n  wiki      = https://en.wikipedia.org/wiki/5_(number)\n\nphoto 6 = seis\n  afewchars = 6\n  level     = 1\n  say       = 6\n  wiki      = https://en.wikipedia.org/wiki/6_(number)\n\nphoto 7 = siete\n  afewchars = 7\n  level     = 1\n  say       = 7\n  wiki      = https://en.wikipedia.org/wiki/7_(number)\n\nphoto 8 = ocho\n  afewchars = 8\n  level     = 1\n  say       = 8\n  wiki      = https://en.wikipedia.org/wiki/8_(number)\n\nphoto 9 = nueve\n  afewchars = 9\n  level     = 1\n  say       = 9\n  wiki      = https://en.wikipedia.org/wiki/9_(number)\n\nphoto 10 = diez\n  afewchars = 10\n  level     = 2\n  say       = 10\n  wiki      = https://en.wikipedia.org/wiki/10_(number)\n\nphoto 11 = once\n  afewchars = 11\n  level     = 2\n  say       = 11\n  wiki      = https://en.wikipedia.org/wiki/11_(number)\n\nphoto 12 = doce\n  afewchars = 12\n  level     = 2\n  say       = 12\n  wiki      = https://en.wikipedia.org/wiki/12_(number)\n\nphoto 13 = trece\n  afewchars = 13\n  level     = 2\n  say       = 13\n  wiki      = https://en.wikipedia.org/wiki/13_(number)\n\nphoto 14 = catorce\n  afewchars = 14\n  level     = 2\n  say       = 14\n  wiki      = https://en.wikipedia.org/wiki/14_(number)\n\nphoto 15 = quince\n  afewchars = 15\n  level     = 2\n  say       = 15\n  wiki      = https://en.wikipedia.org/wiki/15_(number)\n\nphoto 16 = diecis\xE9is\n  afewchars = 16\n  level     = 2\n  say       = 16\n  wiki      = https://en.wikipedia.org/wiki/16_(number)\n\nphoto 17 = diecisiete\n  afewchars = 17\n  level     = 2\n  say       = 17\n  wiki      = https://en.wikipedia.org/wiki/17_(number)\n\nphoto 18 = dieciocho\n  afewchars = 18\n  level     = 2\n  say       = 18\n  wiki      = https://en.wikipedia.org/wiki/18_(number)\n\nphoto 19 = diecinueve\n  afewchars = 19\n  level     = 2\n  say       = 19\n  wiki      = https://en.wikipedia.org/wiki/19_(number)\n\nphoto 20 = veinte\n  afewchars = 20\n  level     = 3\n  say       = 20\n  wiki      = https://en.wikipedia.org/wiki/20_(number)\n\nphoto 21 = veintiuno\n  afewchars = 21\n  level     = 5\n  say       = 21\n  wiki      = https://en.wikipedia.org/wiki/21_(number)\n\nphoto 22 = veintid\xF3s\n  afewchars = 22\n  level     = 4\n  say       = 22\n  wiki      = https://en.wikipedia.org/wiki/22_(number)\n\nphoto 23 = veintitr\xE9s\n  afewchars = 23\n  level     = 5\n  say       = 23\n  wiki      = https://en.wikipedia.org/wiki/23_(number)\n\nphoto 24 = veinticuatro\n  afewchars = 24\n  level     = 5\n  say       = 24\n  wiki      = https://en.wikipedia.org/wiki/24_(number)\n\nphoto 25 = veinticinco\n  afewchars = 25\n  level     = 5\n  say       = 25\n  wiki      = https://en.wikipedia.org/wiki/25_(number)\n\nphoto 26 = veintis\xE9is\n  afewchars = 26\n  level     = 5\n  say       = 26\n  wiki      = https://en.wikipedia.org/wiki/26_(number)\n\nphoto 27 = veintisiete\n  afewchars = 27\n  level     = 5\n  say       = 27\n  wiki      = https://en.wikipedia.org/wiki/27_(number)\n\nphoto 28 = veintiocho\n  afewchars = 28\n  level     = 5\n  say       = 28\n  wiki      = https://en.wikipedia.org/wiki/28_(number)\n\nphoto 29 = veintinueve\n  afewchars = 29\n  level     = 5\n  say       = 29\n  wiki      = https://en.wikipedia.org/wiki/29_(number)\n\nphoto 30 = treinta\n  afewchars = 30\n  level     = 3\n  say       = 30\n  wiki      = https://en.wikipedia.org/wiki/30_(number)\n\nphoto 31 = treintay uno\n  afewchars = 31\n  level     = 6\n  say       = 31\n  wiki      = https://en.wikipedia.org/wiki/31_(number)\n\nphoto 32 = treintay dos\n  afewchars = 32\n  level     = 6\n  say       = 32\n  wiki      = https://en.wikipedia.org/wiki/32_(number)\n\nphoto 33 = treintay tres\n  afewchars = 33\n  level     = 4\n  say       = 33\n  wiki      = https://en.wikipedia.org/wiki/33_(number)\n\nphoto 34 = treintay cuatro\n  afewchars = 34\n  level     = 6\n  say       = 34\n  wiki      = https://en.wikipedia.org/wiki/34_(number)\n\nphoto 35 = treintay cinco\n  afewchars = 35\n  level     = 6\n  say       = 35\n  wiki      = https://en.wikipedia.org/wiki/35_(number)\n\nphoto 36 = treintay seis\n  afewchars = 36\n  level     = 6\n  say       = 36\n  wiki      = https://en.wikipedia.org/wiki/36_(number)\n\nphoto 37 = treintay siete\n  afewchars = 37\n  level     = 6\n  say       = 37\n  wiki      = https://en.wikipedia.org/wiki/37_(number)\n\nphoto 38 = treintay ocho\n  afewchars = 38\n  level     = 6\n  say       = 38\n  wiki      = https://en.wikipedia.org/wiki/38_(number)\n\nphoto 39 = treintay nueve\n  afewchars = 39\n  level     = 6\n  say       = 39\n  wiki      = https://en.wikipedia.org/wiki/39_(number)\n\nphoto 40 = cuarenta\n  afewchars = 40\n  level     = 3\n  say       = 40\n  wiki      = https://en.wikipedia.org/wiki/40_(number)\n\nphoto 41 = cuarentay uno\n  afewchars = 41\n  level     = 7\n  say       = 41\n  wiki      = https://en.wikipedia.org/wiki/41_(number)\n\nphoto 42 = cuarentay dos\n  afewchars = 42\n  level     = 7\n  say       = 42\n  wiki      = https://en.wikipedia.org/wiki/42_(number)\n\nphoto 43 = cuarentay tres\n  afewchars = 43\n  level     = 7\n  say       = 43\n  wiki      = https://en.wikipedia.org/wiki/43_(number)\n\nphoto 44 = cuarentay cuatro\n  afewchars = 44\n  level     = 4\n  say       = 44\n  wiki      = https://en.wikipedia.org/wiki/44_(number)\n\nphoto 45 = cuarentay cinco\n  afewchars = 45\n  level     = 7\n  say       = 45\n  wiki      = https://en.wikipedia.org/wiki/45_(number)\n\nphoto 46 = cuarentay seis\n  afewchars = 46\n  level     = 7\n  say       = 46\n  wiki      = https://en.wikipedia.org/wiki/46_(number)\n\nphoto 47 = cuarentay siete\n  afewchars = 47\n  level     = 7\n  say       = 47\n  wiki      = https://en.wikipedia.org/wiki/47_(number)\n\nphoto 48 = cuarentay ocho\n  afewchars = 48\n  level     = 7\n  say       = 48\n  wiki      = https://en.wikipedia.org/wiki/48_(number)\n\nphoto 49 = cuarentay nueve\n  afewchars = 49\n  level     = 7\n  say       = 49\n  wiki      = https://en.wikipedia.org/wiki/49_(number)\n\nphoto 50 = cincuenta\n  afewchars = 50\n  level     = 3\n  say       = 50\n  wiki      = https://en.wikipedia.org/wiki/50_(number)\n\nphoto 51 = cincuentay uno\n  afewchars = 51\n  level     = 8\n  say       = 51\n  wiki      = https://en.wikipedia.org/wiki/51_(number)\n\nphoto 52 = cincuentay dos\n  afewchars = 52\n  level     = 8\n  say       = 52\n  wiki      = https://en.wikipedia.org/wiki/52_(number)\n\nphoto 53 = cincuentay tres\n  afewchars = 53\n  level     = 8\n  say       = 53\n  wiki      = https://en.wikipedia.org/wiki/53_(number)\n\nphoto 54 = cincuentay cuatro\n  afewchars = 54\n  level     = 8\n  say       = 54\n  wiki      = https://en.wikipedia.org/wiki/54_(number)\n\nphoto 55 = cincuentay cinco\n  afewchars = 55\n  level     = 4\n  say       = 55\n  wiki      = https://en.wikipedia.org/wiki/55_(number)\n\nphoto 56 = cincuentay seis\n  afewchars = 56\n  level     = 8\n  say       = 56\n  wiki      = https://en.wikipedia.org/wiki/56_(number)\n\nphoto 57 = cincuentay siete\n  afewchars = 57\n  level     = 8\n  say       = 57\n  wiki      = https://en.wikipedia.org/wiki/57_(number)\n\nphoto 58 = cincuentay ocho\n  afewchars = 58\n  level     = 8\n  say       = 58\n  wiki      = https://en.wikipedia.org/wiki/58_(number)\n\nphoto 59 = cincuentay nueve\n  afewchars = 59\n  level     = 8\n  say       = 59\n  wiki      = https://en.wikipedia.org/wiki/59_(number)\n\nphoto 60 = sesenta\n  afewchars = 60\n  level     = 3\n  say       = 60\n  wiki      = https://en.wikipedia.org/wiki/60_(number)\n\nphoto 61 = sesentay uno\n  afewchars = 61\n  level     = 9\n  say       = 61\n  wiki      = https://en.wikipedia.org/wiki/61_(number)\n\nphoto 62 = sesentay dos\n  afewchars = 62\n  level     = 9\n  say       = 62\n  wiki      = https://en.wikipedia.org/wiki/62_(number)\n\nphoto 63 = sesentay tres\n  afewchars = 63\n  level     = 9\n  say       = 63\n  wiki      = https://en.wikipedia.org/wiki/63_(number)\n\nphoto 64 = sesentay cuatro\n  afewchars = 64\n  level     = 9\n  say       = 64\n  wiki      = https://en.wikipedia.org/wiki/64_(number)\n\nphoto 65 = sesentay cinco\n  afewchars = 65\n  level     = 9\n  say       = 65\n  wiki      = https://en.wikipedia.org/wiki/65_(number)\n\nphoto 66 = sesentay seis\n  afewchars = 66\n  level     = 4\n  say       = 66\n  wiki      = https://en.wikipedia.org/wiki/66_(number)\n\nphoto 67 = sesentay siete\n  afewchars = 67\n  level     = 9\n  say       = 67\n  wiki      = https://en.wikipedia.org/wiki/67_(number)\n\nphoto 68 = sesentay ocho\n  afewchars = 68\n  level     = 9\n  say       = 68\n  wiki      = https://en.wikipedia.org/wiki/68_(number)\n\nphoto 69 = sesentay nueve\n  afewchars = 69\n  level     = 9\n  say       = 69\n  wiki      = https://en.wikipedia.org/wiki/69_(number)\n\nphoto 70 = setenta\n  afewchars = 70\n  level     = 3\n  say       = 70\n  wiki      = https://en.wikipedia.org/wiki/70_(number)\n\nphoto 71 = setentay uno\n  afewchars = 71\n  level     = 9\n  say       = 71\n  wiki      = https://en.wikipedia.org/wiki/71_(number)\n\nphoto 72 = setentay dos\n  afewchars = 72\n  level     = 9\n  say       = 72\n  wiki      = https://en.wikipedia.org/wiki/72_(number)\n\nphoto 73 = setentay tres\n  afewchars = 73\n  level     = 9\n  say       = 73\n  wiki      = https://en.wikipedia.org/wiki/73_(number)\n\nphoto 74 = setentay cuatro\n  afewchars = 74\n  level     = 9\n  say       = 74\n  wiki      = https://en.wikipedia.org/wiki/74_(number)\n\nphoto 75 = setentay cinco\n  afewchars = 75\n  level     = 9\n  say       = 75\n  wiki      = https://en.wikipedia.org/wiki/75_(number)\n\nphoto 76 = setentay seis\n  afewchars = 76\n  level     = 9\n  say       = 76\n  wiki      = https://en.wikipedia.org/wiki/76_(number)\n\nphoto 77 = setentay siete\n  afewchars = 77\n  level     = 4\n  say       = 77\n  wiki      = https://en.wikipedia.org/wiki/77_(number)\n\nphoto 78 = setentay ocho\n  afewchars = 78\n  level     = 9\n  say       = 78\n  wiki      = https://en.wikipedia.org/wiki/78_(number)\n\nphoto 79 = setentay nueve\n  afewchars = 79\n  level     = 9\n  say       = 79\n  wiki      = https://en.wikipedia.org/wiki/79_(number)\n\nphoto 80 = ochenta\n  afewchars = 80\n  level     = 3\n  say       = 80\n  wiki      = https://en.wikipedia.org/wiki/80_(number)\n\nphoto 81 = ochentay uno\n  afewchars = 81\n  level     = 10\n  say       = 81\n  wiki      = https://en.wikipedia.org/wiki/81_(number)\n\nphoto 82 = ochentay dos\n  afewchars = 82\n  level     = 10\n  say       = 82\n  wiki      = https://en.wikipedia.org/wiki/82_(number)\n\nphoto 83 = ochentay tres\n  afewchars = 83\n  level     = 10\n  say       = 83\n  wiki      = https://en.wikipedia.org/wiki/83_(number)\n\nphoto 84 = ochentay cuatro\n  afewchars = 84\n  level     = 10\n  say       = 84\n  wiki      = https://en.wikipedia.org/wiki/84_(number)\n\nphoto 85 = ochentay cinco\n  afewchars = 85\n  level     = 10\n  say       = 85\n  wiki      = https://en.wikipedia.org/wiki/85_(number)\n\nphoto 86 = ochentay seis\n  afewchars = 86\n  level     = 10\n  say       = 86\n  wiki      = https://en.wikipedia.org/wiki/86_(number)\n\nphoto 87 = ochentay siete\n  afewchars = 87\n  level     = 10\n  say       = 87\n  wiki      = https://en.wikipedia.org/wiki/87_(number)\n\nphoto 88 = ochentay ocho\n  afewchars = 88\n  level     = 4\n  say       = 88\n  wiki      = https://en.wikipedia.org/wiki/88_(number)\n\nphoto 89 = ochentay nueve\n  afewchars = 89\n  level     = 10\n  say       = 89\n  wiki      = https://en.wikipedia.org/wiki/89_(number)\n\nphoto 90 = noventa\n  afewchars = 90\n  level     = 3\n  say       = 90\n  wiki      = https://en.wikipedia.org/wiki/90_(number)\n\nphoto 91 = noventay uno\n  afewchars = 91\n  level     = 10\n  say       = 91\n  wiki      = https://en.wikipedia.org/wiki/91_(number)\n\nphoto 92 = noventay dos\n  afewchars = 92\n  level     = 10\n  say       = 92\n  wiki      = https://en.wikipedia.org/wiki/92_(number)\n\nphoto 93 = noventay tres\n  afewchars = 93\n  level     = 10\n  say       = 93\n  wiki      = https://en.wikipedia.org/wiki/93_(number)\n\nphoto 94 = noventay cuatro\n  afewchars = 94\n  level     = 10\n  say       = 94\n  wiki      = https://en.wikipedia.org/wiki/94_(number)\n\nphoto 95 = noventay cinco\n  afewchars = 95\n  level     = 10\n  say       = 95\n  wiki      = https://en.wikipedia.org/wiki/95_(number)\n\nphoto 96 = noventay seis\n  afewchars = 96\n  level     = 10\n  say       = 96\n  wiki      = https://en.wikipedia.org/wiki/96_(number)\n\nphoto 97 = noventay siete\n  afewchars = 97\n  level     = 10\n  say       = 97\n  wiki      = https://en.wikipedia.org/wiki/97_(number)\n\nphoto 98 = noventay ocho\n  afewchars = 98\n  level     = 10\n  say       = 98\n  wiki      = https://en.wikipedia.org/wiki/98_(number)\n\nphoto 99 = noventay nueve\n  afewchars = 99\n  level     = 4\n  say       = 99\n  wiki      = https://en.wikipedia.org/wiki/99_(number)\n\nphoto 100 = cien\n  afewchars = 100\n  level     = 3\n  say       = 100\n  wiki      = https://en.wikipedia.org/wiki/100_(number)\n",
    sourceFileSha => "7084e31a99d43ba3cbf02cf974d335dd44f21dad",
    step => "completed",
    time => 1514491740,
  }, "Manifest");
  $a->{parsedCmds}[0] = $a->{app};
  $a;
}