Failed.

2017-12-18 at 11:01:59 Generate AppaAppsPhotoApp version 20171205-1 philiprbrenan/100

2017-12-18 at 11:02:01 Step: parseSource
2017-12-18 at 11:02:01 The app command name keyword is <b>=100.en.100=</b> but it should be <b>=100=</b>
 on line(s) 1-12
--------------------------------------------------------------------------------
do {
  my $a = bless({
    app => bless({
      cmd        => "app",
      end        => 12,
      index      => 0,
      name       => "100.en.100",
      parsedKeys => bless({
                      author               => "philiprbrenan",
                      cmd                  => "app",
                      description          => "Learn to recognize and say the numbers from 0 to 100 in spoken English",
                      email                => "philiprbrenan\@gmail.com",
                      fullNameOnGooglePlay => "com.appaapps.photoapp.en100",
                      icon                 => "icon.png",
                      language             => "en",
                      maximages            => 12,
                      name                 => "100.en.100",
                      ordered              => "finally",
                      rightInARow          => 7,
                      title                => "The Numbers from 0 to 100 in English",
                      version              => "2017-12-05 at 06:37:58",
                    }, "ParsedKeys"),
      start      => 1,
      title      => "The Numbers from 0 to 100 in English",
    }, "ParsedCmd"),
    error => 1,
    log => [
      "\n2017-12-18 at 11:01:59 Generate AppaAppsPhotoApp version 20171205-1 philiprbrenan/100\n",
      "2017-12-18 at 11:02:01 Step: parseSource",
      "2017-12-18 at 11:02:01 The app command name keyword is <b>=100.en.100=</b> but it should be <b>=100=</b>\n on line(s) 1-12",
    ],
    parsedCmds => [
      'fix',
      bless({
        cmd        => "photo",
        end        => 19,
        index      => 0,
        name       => undef,
        parsedKeys => bless({
                        afewchars => 0,
                        cmd       => "photo",
                        level     => 1,
                        say       => 0,
                        title     => "zero",
                        wiki      => "https://en.wikipedia.org/wiki/0_(number)",
                      }, "ParsedKeys"),
        start      => 15,
        title      => "zero",
      }, "ParsedCmd"),
      bless({
        cmd        => "photo",
        end        => 25,
        index      => 1,
        name       => 1,
        parsedKeys => bless({
                        afewchars => 1,
                        cmd       => "photo",
                        level     => 1,
                        name      => 1,
                        say       => 1,
                        title     => "one",
                        wiki      => "https://en.wikipedia.org/wiki/1_(number)",
                      }, "ParsedKeys"),
        start      => 21,
        title      => "one",
      }, "ParsedCmd"),
      bless({
        cmd        => "photo",
        end        => 31,
        index      => 2,
        name       => 2,
        parsedKeys => bless({
                        afewchars => 2,
                        cmd       => "photo",
                        level     => 1,
                        name      => 2,
                        say       => 2,
                        title     => "two",
                        wiki      => "https://en.wikipedia.org/wiki/2_(number)",
                      }, "ParsedKeys"),
        start      => 27,
        title      => "two",
      }, "ParsedCmd"),
      bless({
        cmd        => "photo",
        end        => 37,
        index      => 3,
        name       => 3,
        parsedKeys => bless({
                        afewchars => 3,
                        cmd       => "photo",
                        level     => 1,
                        name      => 3,
                        say       => 3,
                        title     => "three",
                        wiki      => "https://en.wikipedia.org/wiki/3_(number)",
                      }, "ParsedKeys"),
        start      => 33,
        title      => "three",
      }, "ParsedCmd"),
      bless({
        cmd        => "photo",
        end        => 43,
        index      => 4,
        name       => 4,
        parsedKeys => bless({
                        afewchars => 4,
                        cmd       => "photo",
                        level     => 1,
                        name      => 4,
                        say       => 4,
                        title     => "four",
                        wiki      => "https://en.wikipedia.org/wiki/4_(number)",
                      }, "ParsedKeys"),
        start      => 39,
        title      => "four",
      }, "ParsedCmd"),
      bless({
        cmd        => "photo",
        end        => 48,
        index      => 5,
        name       => 5,
        parsedKeys => bless({ afewchars => 5, cmd => "photo", level => 1, name => 5, say => 5, title => "five" }, "ParsedKeys"),
        start      => 45,
        title      => "five",
      }, "ParsedCmd"),
    ],
    project => "philiprbrenan/100",
    source => "app 100.en.100 = The Numbers from 0 to 100 in English\n  description   = Learn to recognize and say the numbers from 0 to 100 in spoken English\n  icon          = icon.png\n  ordered       = finally\n  maxImages     = 12\n  author        = philiprbrenan\n  email         = philiprbrenan\@gmail.com\n  language      = en\n#  prerequisites = philiprbrenan/100/en/9 philiprbrenan/100/en/10x10\n#  enables       = \n  full_name_on_google_play = com.appaapps.photoapp.en100                    # The original names of these apps when they were all inspearate repositories on Github instead of just one as they are now\n  version       = 2017-12-05 at 06:37:58\n\n\nphoto 0 = zero\n  afewchars = 0\n  level     = 1\n  say       = 0\n  wiki      = https://en.wikipedia.org/wiki/0_(number)\n\nphoto 1 = one\n  afewchars = 1\n  level     = 1\n  say       = 1\n  wiki      = https://en.wikipedia.org/wiki/1_(number)\n\nphoto 2 = two\n  afewchars = 2\n  level     = 1\n  say       = 2\n  wiki      = https://en.wikipedia.org/wiki/2_(number)\n\nphoto 3 = three\n  afewchars = 3\n  level     = 1\n  say       = 3\n  wiki      = https://en.wikipedia.org/wiki/3_(number)\n\nphoto 4 = four\n  afewchars = 4\n  level     = 1\n  say       = 4\n  wiki      = https://en.wikipedia.org/wiki/4_(number)\n\nphoto 5 = five\n  afewchars = 5\n  level     = 1\n  say       = 5\n",
    sourceFileSha => "1698d34654cf84668d26b65f272f38b9c21b1f27",
    step => "parseSource",
  }, "Manifest");
  $a->{parsedCmds}[0] = $a->{app};
  $a;
}