SUCCESS!

2017-12-28 at 20:41:49 Generate AppaAppsPhotoApp version 20171228-204149 philiprbrenan/100/l/fr

2017-12-28 at 20:41:52 Step: parseSource
2017-12-28 at 20:41:52 <b>Good source file!</b>
2017-12-28 at 20:41:52 Step: loadAssets
2017-12-28 at 20:41:53 0 new, 606 reused audio files
2017-12-28 at 20:41:53 Step: multiplyPhotosByFacts
2017-12-28 at 20:41:53 Step: genJavaManifest
2017-12-28 at 20:41:53 Step: genJsonManifest
2017-12-28 at 20:41:53 Step: genGameHtml
2017-12-28 at 20:41:53 Step: genHtmlAssets
2017-12-28 at 20:41:53 Step: zipAssets
2017-12-28 at 20:41:53 Step: compileApp
2017-12-28 at 20:42:00 Step: copyLinksToGitHub
2017-12-28 at 20:42:04 Step: copyFilesIntoPositionOnWebServer
--------------------------------------------------------------------------------
do {
  my $a = bless({
    android => bless({
      action        => "run",
      activity      => "Activity",
      buildFolder   => "/tmp/AppaAppsPhotoApp/build/",
      buildTools    => "/home/phil/Android/sdk/build-tools/25.0.2/",
      debug         => 0,
      device        => "-s emulator-5554",
      fastIcons     => undef,
      home          => "/home/phil/AppaAppsPhotoApp/",
      icon          => "/home/phil/audioImageCache/images/icon.png",
      keyAlias      => "genApp",
      keyStoreFile  => "/home/phil/AppaAppsPhotoApp/keys/genApp.keystore",
      keyStorePwd   => "genApp",
      libs          => [],
      log           => [],
      package       => "com.appaapps.photoapp.fr100",
      parameters    => {
                         appName  => 100,
                         appPath  => "l/fr",
                         cTime    => 1514493713,
                         devMode  => 1,
                         download => "http://www.appaapps.com",
                         title    => "The Numbers from 0 to 100 in French",
                         userid   => "philiprbrenan",
                       },
      permissions   => ["INTERNET", "ACCESS_NETWORK_STATE", "WRITE_EXTERNAL_STORAGE"],
      platform      => "/home/phil/Android/sdk/platforms/android-25/",
      platformTools => "/home/phil/Android/sdk/platform-tools/",
      sdkLevels     => [15, 25],
      src           => [
                         "/home/phil/java/appState/AppState.java",
                         "/home/phil/java/choices/Choices.java",
                         "/home/phil/java/congratulations/Congratulations.java",
                         "/home/phil/java/coloursTransformed/ColoursTransformed.java",
                         "/home/phil/java/download/Download.java",
                         "/home/phil/java/email/Email.java",
                         "/home/phil/java/fourier/Fourier.java",
                         "/home/phil/java/gradients/Gradients.java",
                         "/home/phil/java/log/Log.java",
                         "/home/phil/java/maths/Maths.java",
                         "/home/phil/java/randomChoice/RandomChoice.java",
                         "/home/phil/java/save/Save.java",
                         "/home/phil/java/say/Say.java",
                         "/home/phil/java/sound/Midi.java",
                         "/home/phil/java/sound/Speech.java",
                         "/home/phil/java/svg/Svg.java",
                         "/home/phil/java/time/Time.java",
                         "/home/phil/java/translations/Translations.java",
                         "/home/phil/java/unpackappdescription/Unpackappdescription.java",
                         "/home/phil/java/upload/UploadStream.java",
                         "/home/phil/java/upload/GitHubUploadStream.java",
                         "/home/phil/java/unzip/Unzip.java",
                       ],
      title         => "The Numbers from 0 to 100 in French",
      titles        => undef,
      verifyApk     => undef,
      version       => 20171228,
    }, "Android::Build"),
    app => bless({
      cmd => "app",
      defaulted => { rightInARow => 1 },
      end => 11,
      index => 0,
      name => "100.l.fr",
      parsedKeys => bless({
        author               => "philiprbrenan",
        cmd                  => "app",
        description          => "Learn to recognize and say the Numbers from 0 to 100 in spoken French",
        email                => "philiprbrenan\@gmail.com",
        emphasis             => 3,
        fullNameOnGooglePlay => "com.appaapps.photoapp.fr100",
        icon                 => "icon.png",
        language             => "fr",
        maxImages            => 12,
        name                 => "100.l.fr",
        ordered              => "finally",
        rightInARow          => 7,
        screenShots          => undef,
        speakers             => "Celine Chantal Mathieu",
        title                => "The Numbers from 0 to 100 in French",
        version              => "2017-12-28 at 19:06:26",
      }, "ParsedKeys"),
      start => 1,
      title => "The Numbers from 0 to 100 in French",
      titleFile => undef,
    }, "ParsedCmd"),
    dateTimeStamp => "2017-12-28 at 20:41:49",
    error => 0,
    iconFile => "/home/phil/audioImageCache/images/icon.png",
    log => [
      "\n2017-12-28 at 20:41:49 Generate AppaAppsPhotoApp version 20171228-204149 philiprbrenan/100/l/fr\n",
      "2017-12-28 at 20:41:52 Step: parseSource",
      "2017-12-28 at 20:41:52 <b>Good source file!</b>",
      "2017-12-28 at 20:41:52 Step: loadAssets",
      "2017-12-28 at 20:41:53 0 new, 606 reused audio files",
      "2017-12-28 at 20:41:53 Step: multiplyPhotosByFacts",
      "2017-12-28 at 20:41:53 Step: genJavaManifest",
      "2017-12-28 at 20:41:53 Step: genJsonManifest",
      "2017-12-28 at 20:41:53 Step: genGameHtml",
      "2017-12-28 at 20:41:53 Step: genHtmlAssets",
      "2017-12-28 at 20:41:53 Step: zipAssets",
      "2017-12-28 at 20:41:53 Step: compileApp",
      "2017-12-28 at 20:42:00 Step: copyLinksToGitHub",
      "2017-12-28 at 20:42:04 Step: copyFilesIntoPositionOnWebServer",
    ],
    parsedCmds => [
      'fix',
      bless({
        cmd => "photo",
        defaulted => { titleFile => 1 },
        end => 18,
        index => 0,
        name => 0,
        parsedKeys => bless({
          aFewChars => 0,
          cmd => "photo",
          level => 1,
          name => 0,
          say => 0,
          title => "z\xE9ro",
          titleFile => "z\xE9ro",
          wiki => "https://en.wikipedia.org/wiki/0_(number)",
        }, "ParsedKeys"),
        say => 0,
        start => 14,
        title => "z\xE9ro",
        titleFile => "z\xE9ro",
      }, "ParsedCmd"),
      bless({
        cmd => "photo",
        defaulted => { titleFile => 1 },
        end => 24,
        index => 1,
        name => 1,
        parsedKeys => bless({
          aFewChars => 1,
          cmd => "photo",
          level => 1,
          name => 1,
          say => 1,
          title => "un",
          titleFile => "un",
          wiki => "https://en.wikipedia.org/wiki/1_(number)",
        }, "ParsedKeys"),
        say => 1,
        start => 20,
        title => "un",
        titleFile => "un",
      }, "ParsedCmd"),
      bless({
        cmd => "photo",
        defaulted => { titleFile => 1 },
        end => 30,
        index => 2,
        name => 2,
        parsedKeys => bless({
          aFewChars => 2,
          cmd => "photo",
          level => 1,
          name => 2,
          say => 2,
          title => "deux",
          titleFile => "deux",
          wiki => "https://en.wikipedia.org/wiki/2_(number)",
        }, "ParsedKeys"),
        say => 2,
        start => 26,
        title => "deux",
        titleFile => "deux",
      }, "ParsedCmd"),
      bless({
        cmd => "photo",
        defaulted => { titleFile => 1 },
        end => 36,
        index => 3,
        name => 3,
        parsedKeys => bless({
          aFewChars => 3,
          cmd => "photo",
          level => 1,
          name => 3,
          say => 3,
          title => "trois",
          titleFile => "trois",
          wiki => "https://en.wikipedia.org/wiki/3_(number)",
        }, "ParsedKeys"),
        say => 3,
        start => 32,
        title => "trois",
        titleFile => "trois",
      }, "ParsedCmd"),
      bless({
        cmd => "photo",
        defaulted => { titleFile => 1 },
        end => 42,
        index => 4,
        name => 4,
        parsedKeys => bless({
          aFewChars => 4,
          cmd => "photo",
          level => 1,
          name => 4,
          say => 4,
          title => "quatre",
          titleFile => "quatre",
          wiki => "https://en.wikipedia.org/wiki/4_(number)",
        }, "ParsedKeys"),
        say => 4,
        start => 38,
        title => "quatre",
        titleFile => "quatre",
      }, "ParsedCmd"),
      bless({
        cmd => "photo",
        defaulted => { titleFile => 1 },
        end => 48,
        index => 5,
        name => 5,
        parsedKeys => bless({
          aFewChars => 5,
          cmd => "photo",
          level => 1,
          name => 5,
          say => 5,
          title => "cinq",
          titleFile => "cinq",
          wiki => "https://en.wikipedia.org/wiki/5_(number)",
        }, "ParsedKeys"),
        say => 5,
        start => 44,
        title => "cinq",
        titleFile => "cinq",
      }, "ParsedCmd"),
      bless({
        cmd => "photo",
        defaulted => { titleFile => 1 },
        end => 54,
        index => 6,
        name => 6,
        parsedKeys => bless({
          aFewChars => 6,
          cmd => "photo",
          level => 1,
          name => 6,
          say => 6,
          title => "six",
          titleFile => "six",
          wiki => "https://en.wikipedia.org/wiki/6_(number)",
        }, "ParsedKeys"),
        say => 6,
        start => 50,
        title => "six",
        titleFile => "six",
      }, "ParsedCmd"),
      bless({
        cmd => "photo",
        defaulted => { titleFile => 1 },
        end => 60,
        index => 7,
        name => 7,
        parsedKeys => bless({
          aFewChars => 7,
          cmd => "photo",
          level => 1,
          name => 7,
          say => 7,
          title => "sept",
          titleFile => "sept",
          wiki => "https://en.wikipedia.org/wiki/7_(number)",
        }, "ParsedKeys"),
        say => 7,
        start => 56,
        title => "sept",
        titleFile => "sept",
      }, "ParsedCmd"),
      bless({
        cmd => "photo",
        defaulted => { titleFile => 1 },
        end => 66,
        index => 8,
        name => 8,
        parsedKeys => bless({
          aFewChars => 8,
          cmd => "photo",
          level => 1,
          name => 8,
          say => 8,
          title => "huit",
          titleFile => "huit",
          wiki => "https://en.wikipedia.org/wiki/8_(number)",
        }, "ParsedKeys"),
        say => 8,
        start => 62,
        title => "huit",
        titleFile => "huit",
      }, "ParsedCmd"),
      bless({
        cmd => "photo",
        defaulted => { titleFile => 1 },
        end => 72,
        index => 9,
        name => 9,
        parsedKeys => bless({
          aFewChars => 9,
          cmd => "photo",
          level => 1,
          name => 9,
          say => 9,
          title => "neuf",
          titleFile => "neuf",
          wiki => "https://en.wikipedia.org/wiki/9_(number)",
        }, "ParsedKeys"),
        say => 9,
        start => 68,
        title => "neuf",
        titleFile => "neuf",
      }, "ParsedCmd"),
      bless({
        cmd => "photo",
        defaulted => { titleFile => 1 },
        end => 78,
        index => 10,
        name => 10,
        parsedKeys => bless({
          aFewChars => 10,
          cmd => "photo",
          level => 2,
          name => 10,
          say => 10,
          title => "dix",
          titleFile => "dix",
          wiki => "https://en.wikipedia.org/wiki/10_(number)",
        }, "ParsedKeys"),
        say => 10,
        start => 74,
        title => "dix",
        titleFile => "dix",
      }, "ParsedCmd"),
      bless({
        cmd => "photo",
        defaulted => { titleFile => 1 },
        end => 84,
        index => 11,
        name => 11,
        parsedKeys => bless({
          aFewChars => 11,
          cmd => "photo",
          level => 2,
          name => 11,
          say => 11,
          title => "onze",
          titleFile => "onze",
          wiki => "https://en.wikipedia.org/wiki/11_(number)",
        }, "ParsedKeys"),
        say => 11,
        start => 80,
        title => "onze",
        titleFile => "onze",
      }, "ParsedCmd"),
      bless({
        cmd => "photo",
        defaulted => { titleFile => 1 },
        end => 90,
        index => 12,
        name => 12,
        parsedKeys => bless({
          aFewChars => 12,
          cmd => "photo",
          level => 2,
          name => 12,
          say => 12,
          title => "douze",
          titleFile => "douze",
          wiki => "https://en.wikipedia.org/wiki/12_(number)",
        }, "ParsedKeys"),
        say => 12,
        start => 86,
        title => "douze",
        titleFile => "douze",
      }, "ParsedCmd"),
      bless({
        cmd => "photo",
        defaulted => { titleFile => 1 },
        end => 96,
        index => 13,
        name => 13,
        parsedKeys => bless({
          aFewChars => 13,
          cmd => "photo",
          level => 2,
          name => 13,
          say => 13,
          title => "treize",
          titleFile => "treize",
          wiki => "https://en.wikipedia.org/wiki/13_(number)",
        }, "ParsedKeys"),
        say => 13,
        start => 92,
        title => "treize",
        titleFile => "treize",
      }, "ParsedCmd"),
      bless({
        cmd => "photo",
        defaulted => { titleFile => 1 },
        end => 102,
        index => 14,
        name => 14,
        parsedKeys => bless({
          aFewChars => 14,
          cmd => "photo",
          level => 2,
          name => 14,
          say => 14,
          title => "quatorze",
          titleFile => "quatorze",
          wiki => "https://en.wikipedia.org/wiki/14_(number)",
        }, "ParsedKeys"),
        say => 14,
        start => 98,
        title => "quatorze",
        titleFile => "quatorze",
      }, "ParsedCmd"),
      bless({
        cmd => "photo",
        defaulted => { titleFile => 1 },
        end => 108,
        index => 15,
        name => 15,
        parsedKeys => bless({
          aFewChars => 15,
          cmd => "photo",
          level => 2,
          name => 15,
          say => 15,
          title => "quinze",
          titleFile => "quinze",
          wiki => "https://en.wikipedia.org/wiki/15_(number)",
        }, "ParsedKeys"),
        say => 15,
        start => 104,
        title => "quinze",
        titleFile => "quinze",
      }, "ParsedCmd"),
      bless({
        cmd => "photo",
        defaulted => { titleFile => 1 },
        end => 114,
        index => 16,
        name => 16,
        parsedKeys => bless({
          aFewChars => 16,
          cmd => "photo",
          level => 2,
          name => 16,
          say => 16,
          title => "seize",
          titleFile => "seize",
          wiki => "https://en.wikipedia.org/wiki/16_(number)",
        }, "ParsedKeys"),
        say => 16,
        start => 110,
        title => "seize",
        titleFile => "seize",
      }, "ParsedCmd"),
      bless({
        cmd => "photo",
        defaulted => { titleFile => 1 },
        end => 120,
        index => 17,
        name => 17,
        parsedKeys => bless({
          aFewChars => 17,
          cmd => "photo",
          level => 2,
          name => 17,
          say => 17,
          title => "dix-sept",
          titleFile => "dixSept",
          wiki => "https://en.wikipedia.org/wiki/17_(number)",
        }, "ParsedKeys"),
        say => 17,
        start => 116,
        title => "dix-sept",
        titleFile => "dixSept",
      }, "ParsedCmd"),
      bless({
        cmd => "photo",
        defaulted => { titleFile => 1 },
        end => 126,
        index => 18,
        name => 18,
        parsedKeys => bless({
          aFewChars => 18,
          cmd => "photo",
          level => 2,
          name => 18,
          say => 18,
          title => "dix-huit",
          titleFile => "dixHuit",
          wiki => "https://en.wikipedia.org/wiki/18_(number)",
        }, "ParsedKeys"),
        say => 18,
        start => 122,
        title => "dix-huit",
        titleFile => "dixHuit",
      }, "ParsedCmd"),
      bless({
        cmd => "photo",
        defaulted => { titleFile => 1 },
        end => 132,
        index => 19,
        name => 19,
        parsedKeys => bless({
          aFewChars => 19,
          cmd => "photo",
          level => 2,
          name => 19,
          say => 19,
          title => "dix neuf",
          titleFile => "dixNeuf",
          wiki => "https://en.wikipedia.org/wiki/19_(number)",
        }, "ParsedKeys"),
        say => 19,
        start => 128,
        title => "dix neuf",
        titleFile => "dixNeuf",
      }, "ParsedCmd"),
      bless({
        cmd => "photo",
        defaulted => { titleFile => 1 },
        end => 138,
        index => 20,
        name => 20,
        parsedKeys => bless({
          aFewChars => 20,
          cmd => "photo",
          level => 3,
          name => 20,
          say => 20,
          title => "vingt",
          titleFile => "vingt",
          wiki => "https://en.wikipedia.org/wiki/20_(number)",
        }, "ParsedKeys"),
        say => 20,
        start => 134,
        title => "vingt",
        titleFile => "vingt",
      }, "ParsedCmd"),
      bless({
        cmd => "photo",
        defaulted => { titleFile => 1 },
        end => 144,
        index => 21,
        name => 21,
        parsedKeys => bless({
          aFewChars => 21,
          cmd => "photo",
          level => 5,
          name => 21,
          say => 21,
          title => "vingt et un",
          titleFile => "vingtEtUn",
          wiki => "https://en.wikipedia.org/wiki/21_(number)",
        }, "ParsedKeys"),
        say => 21,
        start => 140,
        title => "vingt et un",
        titleFile => "vingtEtUn",
      }, "ParsedCmd"),
      bless({
        cmd => "photo",
        defaulted => { titleFile => 1 },
        end => 150,
        index => 22,
        name => 22,
        parsedKeys => bless({
          aFewChars => 22,
          cmd => "photo",
          level => 4,
          name => 22,
          say => 22,
          title => "vingt-deux",
          titleFile => "vingtDeux",
          wiki => "https://en.wikipedia.org/wiki/22_(number)",
        }, "ParsedKeys"),
        say => 22,
        start => 146,
        title => "vingt-deux",
        titleFile => "vingtDeux",
      }, "ParsedCmd"),
      bless({
        cmd => "photo",
        defaulted => { titleFile => 1 },
        end => 156,
        index => 23,
        name => 23,
        parsedKeys => bless({
          aFewChars => 23,
          cmd => "photo",
          level => 5,
          name => 23,
          say => 23,
          title => "vingt-trois",
          titleFile => "vingtTrois",
          wiki => "https://en.wikipedia.org/wiki/23_(number)",
        }, "ParsedKeys"),
        say => 23,
        start => 152,
        title => "vingt-trois",
        titleFile => "vingtTrois",
      }, "ParsedCmd"),
      bless({
        cmd => "photo",
        defaulted => { titleFile => 1 },
        end => 162,
        index => 24,
        name => 24,
        parsedKeys => bless({
          aFewChars => 24,
          cmd => "photo",
          level => 5,
          name => 24,
          say => 24,
          title => "vingt-quatre",
          titleFile => "vingtQuatre",
          wiki => "https://en.wikipedia.org/wiki/24_(number)",
        }, "ParsedKeys"),
        say => 24,
        start => 158,
        title => "vingt-quatre",
        titleFile => "vingtQuatre",
      }, "ParsedCmd"),
      bless({
        cmd => "photo",
        defaulted => { titleFile => 1 },
        end => 168,
        index => 25,
        name => 25,
        parsedKeys => bless({
          aFewChars => 25,
          cmd => "photo",
          level => 5,
          name => 25,
          say => 25,
          title => "vingt-cinq",
          titleFile => "vingtCinq",
          wiki => "https://en.wikipedia.org/wiki/25_(number)",
        }, "ParsedKeys"),
        say => 25,
        start => 164,
        title => "vingt-cinq",
        titleFile => "vingtCinq",
      }, "ParsedCmd"),
      bless({
        cmd => "photo",
        defaulted => { titleFile => 1 },
        end => 174,
        index => 26,
        name => 26,
        parsedKeys => bless({
          aFewChars => 26,
          cmd => "photo",
          level => 5,
          name => 26,
          say => 26,
          title => "vingt-six",
          titleFile => "vingtSix",
          wiki => "https://en.wikipedia.org/wiki/26_(number)",
        }, "ParsedKeys"),
        say => 26,
        start => 170,
        title => "vingt-six",
        titleFile => "vingtSix",
      }, "ParsedCmd"),
      bless({
        cmd => "photo",
        defaulted => { titleFile => 1 },
        end => 180,
        index => 27,
        name => 27,
        parsedKeys => bless({
          aFewChars => 27,
          cmd => "photo",
          level => 5,
          name => 27,
          say => 27,
          title => "vingt-sept",
          titleFile => "vingtSept",
          wiki => "https://en.wikipedia.org/wiki/27_(number)",
        }, "ParsedKeys"),
        say => 27,
        start => 176,
        title => "vingt-sept",
        titleFile => "vingtSept",
      }, "ParsedCmd"),
      bless({
        cmd => "photo",
        defaulted => { titleFile => 1 },
        end => 186,
        index => 28,
        name => 28,
        parsedKeys => bless({
          aFewChars => 28,
          cmd => "photo",
          level => 5,
          name => 28,
          say => 28,
          title => "vingt-huit",
          titleFile => "vingtHuit",
          wiki => "https://en.wikipedia.org/wiki/28_(number)",
        }, "ParsedKeys"),
        say => 28,
        start => 182,
        title => "vingt-huit",
        titleFile => "vingtHuit",
      }, "ParsedCmd"),
      bless({
        cmd => "photo",
        defaulted => { titleFile => 1 },
        end => 192,
        index => 29,
        name => 29,
        parsedKeys => bless({
          aFewChars => 29,
          cmd => "photo",
          level => 5,
          name => 29,
          say => 29,
          title => "vingt-neuf",
          titleFile => "vingtNeuf",
          wiki => "https://en.wikipedia.org/wiki/29_(number)",
        }, "ParsedKeys"),
        say => 29,
        start => 188,
        title => "vingt-neuf",
        titleFile => "vingtNeuf",
      }, "ParsedCmd"),
      bless({
        cmd => "photo",
        defaulted => { titleFile => 1 },
        end => 198,
        index => 30,
        name => 30,
        parsedKeys => bless({
          aFewChars => 30,
          cmd => "photo",
          level => 3,
          name => 30,
          say => 30,
          title => "trente",
          titleFile => "trente",
          wiki => "https://en.wikipedia.org/wiki/30_(number)",
        }, "ParsedKeys"),
        say => 30,
        start => 194,
        title => "trente",
        titleFile => "trente",
      }, "ParsedCmd"),
      bless({
        cmd => "photo",
        defaulted => { titleFile => 1 },
        end => 204,
        index => 31,
        name => 31,
        parsedKeys => bless({
          aFewChars => 31,
          cmd => "photo",
          level => 6,
          name => 31,
          say => 31,
          title => "trente et un",
          titleFile => "trenteEtUn",
          wiki => "https://en.wikipedia.org/wiki/31_(number)",
        }, "ParsedKeys"),
        say => 31,
        start => 200,
        title => "trente et un",
        titleFile => "trenteEtUn",
      }, "ParsedCmd"),
      bless({
        cmd => "photo",
        defaulted => { titleFile => 1 },
        end => 210,
        index => 32,
        name => 32,
        parsedKeys => bless({
          aFewChars => 32,
          cmd => "photo",
          level => 6,
          name => 32,
          say => 32,
          title => "trente-deux",
          titleFile => "trenteDeux",
          wiki => "https://en.wikipedia.org/wiki/32_(number)",
        }, "ParsedKeys"),
        say => 32,
        start => 206,
        title => "trente-deux",
        titleFile => "trenteDeux",
      }, "ParsedCmd"),
      bless({
        cmd => "photo",
        defaulted => { titleFile => 1 },
        end => 216,
        index => 33,
        name => 33,
        parsedKeys => bless({
          aFewChars => 33,
          cmd => "photo",
          level => 4,
          name => 33,
          say => 33,
          title => "trente-trois",
          titleFile => "trenteTrois",
          wiki => "https://en.wikipedia.org/wiki/33_(number)",
        }, "ParsedKeys"),
        say => 33,
        start => 212,
        title => "trente-trois",
        titleFile => "trenteTrois",
      }, "ParsedCmd"),
      bless({
        cmd => "photo",
        defaulted => { titleFile => 1 },
        end => 222,
        index => 34,
        name => 34,
        parsedKeys => bless({
          aFewChars => 34,
          cmd => "photo",
          level => 6,
          name => 34,
          say => 34,
          title => "trente-quatre",
          titleFile => "trenteQuatre",
          wiki => "https://en.wikipedia.org/wiki/34_(number)",
        }, "ParsedKeys"),
        say => 34,
        start => 218,
        title => "trente-quatre",
        titleFile => "trenteQuatre",
      }, "ParsedCmd"),
      bless({
        cmd => "photo",
        defaulted => { titleFile => 1 },
        end => 228,
        index => 35,
        name => 35,
        parsedKeys => bless({
          aFewChars => 35,
          cmd => "photo",
          level => 6,
          name => 35,
          say => 35,
          title => "trente-cinq",
          titleFile => "trenteCinq",
          wiki => "https://en.wikipedia.org/wiki/35_(number)",
        }, "ParsedKeys"),
        say => 35,
        start => 224,
        title => "trente-cinq",
        titleFile => "trenteCinq",
      }, "ParsedCmd"),
      bless({
        cmd => "photo",
        defaulted => { titleFile => 1 },
        end => 234,
        index => 36,
        name => 36,
        parsedKeys => bless({
          aFewChars => 36,
          cmd => "photo",
          level => 6,
          name => 36,
          say => 36,
          title => "trente-six",
          titleFile => "trenteSix",
          wiki => "https://en.wikipedia.org/wiki/36_(number)",
        }, "ParsedKeys"),
        say => 36,
        start => 230,
        title => "trente-six",
        titleFile => "trenteSix",
      }, "ParsedCmd"),
      bless({
        cmd => "photo",
        defaulted => { titleFile => 1 },
        end => 240,
        index => 37,
        name => 37,
        parsedKeys => bless({
          aFewChars => 37,
          cmd => "photo",
          level => 6,
          name => 37,
          say => 37,
          title => "trente-sept",
          titleFile => "trenteSept",
          wiki => "https://en.wikipedia.org/wiki/37_(number)",
        }, "ParsedKeys"),
        say => 37,
        start => 236,
        title => "trente-sept",
        titleFile => "trenteSept",
      }, "ParsedCmd"),
      bless({
        cmd => "photo",
        defaulted => { titleFile => 1 },
        end => 246,
        index => 38,
        name => 38,
        parsedKeys => bless({
          aFewChars => 38,
          cmd => "photo",
          level => 6,
          name => 38,
          say => 38,
          title => "trente-huit",
          titleFile => "trenteHuit",
          wiki => "https://en.wikipedia.org/wiki/38_(number)",
        }, "ParsedKeys"),
        say => 38,
        start => 242,
        title => "trente-huit",
        titleFile => "trenteHuit",
      }, "ParsedCmd"),
      bless({
        cmd => "photo",
        defaulted => { titleFile => 1 },
        end => 252,
        index => 39,
        name => 39,
        parsedKeys => bless({
          aFewChars => 39,
          cmd => "photo",
          level => 6,
          name => 39,
          say => 39,
          title => "trente-neuf",
          titleFile => "trenteNeuf",
          wiki => "https://en.wikipedia.org/wiki/39_(number)",
        }, "ParsedKeys"),
        say => 39,
        start => 248,
        title => "trente-neuf",
        titleFile => "trenteNeuf",
      }, "ParsedCmd"),
      bless({
        cmd => "photo",
        defaulted => { titleFile => 1 },
        end => 258,
        index => 40,
        name => 40,
        parsedKeys => bless({
          aFewChars => 40,
          cmd => "photo",
          level => 3,
          name => 40,
          say => 40,
          title => "quarante",
          titleFile => "quarante",
          wiki => "https://en.wikipedia.org/wiki/40_(number)",
        }, "ParsedKeys"),
        say => 40,
        start => 254,
        title => "quarante",
        titleFile => "quarante",
      }, "ParsedCmd"),
      bless({
        cmd => "photo",
        defaulted => { titleFile => 1 },
        end => 264,
        index => 41,
        name => 41,
        parsedKeys => bless({
          aFewChars => 41,
          cmd => "photo",
          level => 7,
          name => 41,
          say => 41,
          title => "quarante et un",
          titleFile => "quaranteEtUn",
          wiki => "https://en.wikipedia.org/wiki/41_(number)",
        }, "ParsedKeys"),
        say => 41,
        start => 260,
        title => "quarante et un",
        titleFile => "quaranteEtUn",
      }, "ParsedCmd"),
      bless({
        cmd => "photo",
        defaulted => { titleFile => 1 },
        end => 270,
        index => 42,
        name => 42,
        parsedKeys => bless({
          aFewChars => 42,
          cmd => "photo",
          level => 7,
          name => 42,
          say => 42,
          title => "quarante-deux",
          titleFile => "quaranteDeux",
          wiki => "https://en.wikipedia.org/wiki/42_(number)",
        }, "ParsedKeys"),
        say => 42,
        start => 266,
        title => "quarante-deux",
        titleFile => "quaranteDeux",
      }, "ParsedCmd"),
      bless({
        cmd => "photo",
        defaulted => { titleFile => 1 },
        end => 276,
        index => 43,
        name => 43,
        parsedKeys => bless({
          aFewChars => 43,
          cmd => "photo",
          level => 7,
          name => 43,
          say => 43,
          title => "quarante-trois",
          titleFile => "quaranteTrois",
          wiki => "https://en.wikipedia.org/wiki/43_(number)",
        }, "ParsedKeys"),
        say => 43,
        start => 272,
        title => "quarante-trois",
        titleFile => "quaranteTrois",
      }, "ParsedCmd"),
      bless({
        cmd => "photo",
        defaulted => { titleFile => 1 },
        end => 282,
        index => 44,
        name => 44,
        parsedKeys => bless({
          aFewChars => 44,
          cmd => "photo",
          level => 4,
          name => 44,
          say => 44,
          title => "quarante-quatre",
          titleFile => "quaranteQuatre",
          wiki => "https://en.wikipedia.org/wiki/44_(number)",
        }, "ParsedKeys"),
        say => 44,
        start => 278,
        title => "quarante-quatre",
        titleFile => "quaranteQuatre",
      }, "ParsedCmd"),
      bless({
        cmd => "photo",
        defaulted => { titleFile => 1 },
        end => 288,
        index => 45,
        name => 45,
        parsedKeys => bless({
          aFewChars => 45,
          cmd => "photo",
          level => 7,
          name => 45,
          say => 45,
          title => "quarante-cinq",
          titleFile => "quaranteCinq",
          wiki => "https://en.wikipedia.org/wiki/45_(number)",
        }, "ParsedKeys"),
        say => 45,
        start => 284,
        title => "quarante-cinq",
        titleFile => "quaranteCinq",
      }, "ParsedCmd"),
      bless({
        cmd => "photo",
        defaulted => { titleFile => 1 },
        end => 294,
        index => 46,
        name => 46,
        parsedKeys => bless({
          aFewChars => 46,
          cmd => "photo",
          level => 7,
          name => 46,
          say => 46,
          title => "quarante-six",
          titleFile => "quaranteSix",
          wiki => "https://en.wikipedia.org/wiki/46_(number)",
        }, "ParsedKeys"),
        say => 46,
        start => 290,
        title => "quarante-six",
        titleFile => "quaranteSix",
      }, "ParsedCmd"),
      bless({
        cmd => "photo",
        defaulted => { titleFile => 1 },
        end => 300,
        index => 47,
        name => 47,
        parsedKeys => bless({
          aFewChars => 47,
          cmd => "photo",
          level => 7,
          name => 47,
          say => 47,
          title => "quarante-sept",
          titleFile => "quaranteSept",
          wiki => "https://en.wikipedia.org/wiki/47_(number)",
        }, "ParsedKeys"),
        say => 47,
        start => 296,
        title => "quarante-sept",
        titleFile => "quaranteSept",
      }, "ParsedCmd"),
      bless({
        cmd => "photo",
        defaulted => { titleFile => 1 },
        end => 306,
        index => 48,
        name => 48,
        parsedKeys => bless({
          aFewChars => 48,
          cmd => "photo",
          level => 7,
          name => 48,
          say => 48,
          title => "quarante-huit",
          titleFile => "quaranteHuit",
          wiki => "https://en.wikipedia.org/wiki/48_(number)",
        }, "ParsedKeys"),
        say => 48,
        start => 302,
        title => "quarante-huit",
        titleFile => "quaranteHuit",
      }, "ParsedCmd"),
      bless({
        cmd => "photo",
        defaulted => { titleFile => 1 },
        end => 312,
        index => 49,
        name => 49,
        parsedKeys => bless({
          aFewChars => 49,
          cmd => "photo",
          level => 7,
          name => 49,
          say => 49,
          title => "quarante-neuf",
          titleFile => "quaranteNeuf",
          wiki => "https://en.wikipedia.org/wiki/49_(number)",
        }, "ParsedKeys"),
        say => 49,
        start => 308,
        title => "quarante-neuf",
        titleFile => "quaranteNeuf",
      }, "ParsedCmd"),
      bless({
        cmd => "photo",
        defaulted => { titleFile => 1 },
        end => 318,
        index => 50,
        name => 50,
        parsedKeys => bless({
          aFewChars => 50,
          cmd => "photo",
          level => 3,
          name => 50,
          say => 50,
          title => "cinquante",
          titleFile => "cinquante",
          wiki => "https://en.wikipedia.org/wiki/50_(number)",
        }, "ParsedKeys"),
        say => 50,
        start => 314,
        title => "cinquante",
        titleFile => "cinquante",
      }, "ParsedCmd"),
      bless({
        cmd => "photo",
        defaulted => { titleFile => 1 },
        end => 324,
        index => 51,
        name => 51,
        parsedKeys => bless({
          aFewChars => 51,
          cmd => "photo",
          level => 8,
          name => 51,
          say => 51,
          title => "cinquante et un",
          titleFile => "cinquanteEtUn",
          wiki => "https://en.wikipedia.org/wiki/51_(number)",
        }, "ParsedKeys"),
        say => 51,
        start => 320,
        title => "cinquante et un",
        titleFile => "cinquanteEtUn",
      }, "ParsedCmd"),
      bless({
        cmd => "photo",
        defaulted => { titleFile => 1 },
        end => 330,
        index => 52,
        name => 52,
        parsedKeys => bless({
          aFewChars => 52,
          cmd => "photo",
          level => 8,
          name => 52,
          say => 52,
          title => "cinquante-deux",
          titleFile => "cinquanteDeux",
          wiki => "https://en.wikipedia.org/wiki/52_(number)",
        }, "ParsedKeys"),
        say => 52,
        start => 326,
        title => "cinquante-deux",
        titleFile => "cinquanteDeux",
      }, "ParsedCmd"),
      bless({
        cmd => "photo",
        defaulted => { titleFile => 1 },
        end => 336,
        index => 53,
        name => 53,
        parsedKeys => bless({
          aFewChars => 53,
          cmd => "photo",
          level => 8,
          name => 53,
          say => 53,
          title => "cinquante-trois",
          titleFile => "cinquanteTrois",
          wiki => "https://en.wikipedia.org/wiki/53_(number)",
        }, "ParsedKeys"),
        say => 53,
        start => 332,
        title => "cinquante-trois",
        titleFile => "cinquanteTrois",
      }, "ParsedCmd"),
      bless({
        cmd => "photo",
        defaulted => { titleFile => 1 },
        end => 342,
        index => 54,
        name => 54,
        parsedKeys => bless({
          aFewChars => 54,
          cmd => "photo",
          level => 8,
          name => 54,
          say => 54,
          title => "cinquante-quatre",
          titleFile => "cinquanteQuatre",
          wiki => "https://en.wikipedia.org/wiki/54_(number)",
        }, "ParsedKeys"),
        say => 54,
        start => 338,
        title => "cinquante-quatre",
        titleFile => "cinquanteQuatre",
      }, "ParsedCmd"),
      bless({
        cmd => "photo",
        defaulted => { titleFile => 1 },
        end => 348,
        index => 55,
        name => 55,
        parsedKeys => bless({
          aFewChars => 55,
          cmd => "photo",
          level => 4,
          name => 55,
          say => 55,
          title => "cinquante-cinq",
          titleFile => "cinquanteCinq",
          wiki => "https://en.wikipedia.org/wiki/55_(number)",
        }, "ParsedKeys"),
        say => 55,
        start => 344,
        title => "cinquante-cinq",
        titleFile => "cinquanteCinq",
      }, "ParsedCmd"),
      bless({
        cmd => "photo",
        defaulted => { titleFile => 1 },
        end => 354,
        index => 56,
        name => 56,
        parsedKeys => bless({
          aFewChars => 56,
          cmd => "photo",
          level => 8,
          name => 56,
          say => 56,
          title => "cinquante-six",
          titleFile => "cinquanteSix",
          wiki => "https://en.wikipedia.org/wiki/56_(number)",
        }, "ParsedKeys"),
        say => 56,
        start => 350,
        title => "cinquante-six",
        titleFile => "cinquanteSix",
      }, "ParsedCmd"),
      bless({
        cmd => "photo",
        defaulted => { titleFile => 1 },
        end => 360,
        index => 57,
        name => 57,
        parsedKeys => bless({
          aFewChars => 57,
          cmd => "photo",
          level => 8,
          name => 57,
          say => 57,
          title => "cinquante-sept",
          titleFile => "cinquanteSept",
          wiki => "https://en.wikipedia.org/wiki/57_(number)",
        }, "ParsedKeys"),
        say => 57,
        start => 356,
        title => "cinquante-sept",
        titleFile => "cinquanteSept",
      }, "ParsedCmd"),
      bless({
        cmd => "photo",
        defaulted => { titleFile => 1 },
        end => 366,
        index => 58,
        name => 58,
        parsedKeys => bless({
          aFewChars => 58,
          cmd => "photo",
          level => 8,
          name => 58,
          say => 58,
          title => "cinquante-huit",
          titleFile => "cinquanteHuit",
          wiki => "https://en.wikipedia.org/wiki/58_(number)",
        }, "ParsedKeys"),
        say => 58,
        start => 362,
        title => "cinquante-huit",
        titleFile => "cinquanteHuit",
      }, "ParsedCmd"),
      bless({
        cmd => "photo",
        defaulted => { titleFile => 1 },
        end => 372,
        index => 59,
        name => 59,
        parsedKeys => bless({
          aFewChars => 59,
          cmd => "photo",
          level => 8,
          name => 59,
          say => 59,
          title => "cinquante-neuf",
          titleFile => "cinquanteNeuf",
          wiki => "https://en.wikipedia.org/wiki/59_(number)",
        }, "ParsedKeys"),
        say => 59,
        start => 368,
        title => "cinquante-neuf",
        titleFile => "cinquanteNeuf",
      }, "ParsedCmd"),
      bless({
        cmd => "photo",
        defaulted => { titleFile => 1 },
        end => 378,
        index => 60,
        name => 60,
        parsedKeys => bless({
          aFewChars => 60,
          cmd => "photo",
          level => 3,
          name => 60,
          say => 60,
          title => "soixante",
          titleFile => "soixante",
          wiki => "https://en.wikipedia.org/wiki/60_(number)",
        }, "ParsedKeys"),
        say => 60,
        start => 374,
        title => "soixante",
        titleFile => "soixante",
      }, "ParsedCmd"),
      bless({
        cmd => "photo",
        defaulted => { titleFile => 1 },
        end => 384,
        index => 61,
        name => 61,
        parsedKeys => bless({
          aFewChars => 61,
          cmd => "photo",
          level => 9,
          name => 61,
          say => 61,
          title => "soixante et un",
          titleFile => "soixanteEtUn",
          wiki => "https://en.wikipedia.org/wiki/61_(number)",
        }, "ParsedKeys"),
        say => 61,
        start => 380,
        title => "soixante et un",
        titleFile => "soixanteEtUn",
      }, "ParsedCmd"),
      bless({
        cmd => "photo",
        defaulted => { titleFile => 1 },
        end => 390,
        index => 62,
        name => 62,
        parsedKeys => bless({
          aFewChars => 62,
          cmd => "photo",
          level => 9,
          name => 62,
          say => 62,
          title => "soixante-deux",
          titleFile => "soixanteDeux",
          wiki => "https://en.wikipedia.org/wiki/62_(number)",
        }, "ParsedKeys"),
        say => 62,
        start => 386,
        title => "soixante-deux",
        titleFile => "soixanteDeux",
      }, "ParsedCmd"),
      bless({
        cmd => "photo",
        defaulted => { titleFile => 1 },
        end => 396,
        index => 63,
        name => 63,
        parsedKeys => bless({
          aFewChars => 63,
          cmd => "photo",
          level => 9,
          name => 63,
          say => 63,
          title => "soixante-trois",
          titleFile => "soixanteTrois",
          wiki => "https://en.wikipedia.org/wiki/63_(number)",
        }, "ParsedKeys"),
        say => 63,
        start => 392,
        title => "soixante-trois",
        titleFile => "soixanteTrois",
      }, "ParsedCmd"),
      bless({
        cmd => "photo",
        defaulted => { titleFile => 1 },
        end => 402,
        index => 64,
        name => 64,
        parsedKeys => bless({
          aFewChars => 64,
          cmd => "photo",
          level => 9,
          name => 64,
          say => 64,
          title => "soixante-quatre",
          titleFile => "soixanteQuatre",
          wiki => "https://en.wikipedia.org/wiki/64_(number)",
        }, "ParsedKeys"),
        say => 64,
        start => 398,
        title => "soixante-quatre",
        titleFile => "soixanteQuatre",
      }, "ParsedCmd"),
      bless({
        cmd => "photo",
        defaulted => { titleFile => 1 },
        end => 408,
        index => 65,
        name => 65,
        parsedKeys => bless({
          aFewChars => 65,
          cmd => "photo",
          level => 9,
          name => 65,
          say => 65,
          title => "soixante-cinq",
          titleFile => "soixanteCinq",
          wiki => "https://en.wikipedia.org/wiki/65_(number)",
        }, "ParsedKeys"),
        say => 65,
        start => 404,
        title => "soixante-cinq",
        titleFile => "soixanteCinq",
      }, "ParsedCmd"),
      bless({
        cmd => "photo",
        defaulted => { titleFile => 1 },
        end => 414,
        index => 66,
        name => 66,
        parsedKeys => bless({
          aFewChars => 66,
          cmd => "photo",
          level => 4,
          name => 66,
          say => 66,
          title => "soixante-six",
          titleFile => "soixanteSix",
          wiki => "https://en.wikipedia.org/wiki/66_(number)",
        }, "ParsedKeys"),
        say => 66,
        start => 410,
        title => "soixante-six",
        titleFile => "soixanteSix",
      }, "ParsedCmd"),
      bless({
        cmd => "photo",
        defaulted => { titleFile => 1 },
        end => 420,
        index => 67,
        name => 67,
        parsedKeys => bless({
          aFewChars => 67,
          cmd => "photo",
          level => 9,
          name => 67,
          say => 67,
          title => "soixante-sept",
          titleFile => "soixanteSept",
          wiki => "https://en.wikipedia.org/wiki/67_(number)",
        }, "ParsedKeys"),
        say => 67,
        start => 416,
        title => "soixante-sept",
        titleFile => "soixanteSept",
      }, "ParsedCmd"),
      bless({
        cmd => "photo",
        defaulted => { titleFile => 1 },
        end => 426,
        index => 68,
        name => 68,
        parsedKeys => bless({
          aFewChars => 68,
          cmd => "photo",
          level => 9,
          name => 68,
          say => 68,
          title => "soixante-huit",
          titleFile => "soixanteHuit",
          wiki => "https://en.wikipedia.org/wiki/68_(number)",
        }, "ParsedKeys"),
        say => 68,
        start => 422,
        title => "soixante-huit",
        titleFile => "soixanteHuit",
      }, "ParsedCmd"),
      bless({
        cmd => "photo",
        defaulted => { titleFile => 1 },
        end => 432,
        index => 69,
        name => 69,
        parsedKeys => bless({
          aFewChars => 69,
          cmd => "photo",
          level => 9,
          name => 69,
          say => 69,
          title => "soixante-neuf",
          titleFile => "soixanteNeuf",
          wiki => "https://en.wikipedia.org/wiki/69_(number)",
        }, "ParsedKeys"),
        say => 69,
        start => 428,
        title => "soixante-neuf",
        titleFile => "soixanteNeuf",
      }, "ParsedCmd"),
      bless({
        cmd => "photo",
        defaulted => { titleFile => 1 },
        end => 438,
        index => 70,
        name => 70,
        parsedKeys => bless({
          aFewChars => 70,
          cmd => "photo",
          level => 3,
          name => 70,
          say => 70,
          title => "soixante-dix",
          titleFile => "soixanteDix",
          wiki => "https://en.wikipedia.org/wiki/70_(number)",
        }, "ParsedKeys"),
        say => 70,
        start => 434,
        title => "soixante-dix",
        titleFile => "soixanteDix",
      }, "ParsedCmd"),
      bless({
        cmd => "photo",
        defaulted => { titleFile => 1 },
        end => 444,
        index => 71,
        name => 71,
        parsedKeys => bless({
          aFewChars => 71,
          cmd => "photo",
          level => 9,
          name => 71,
          say => 71,
          title => "soixante et onze",
          titleFile => "soixanteEtOnze",
          wiki => "https://en.wikipedia.org/wiki/71_(number)",
        }, "ParsedKeys"),
        say => 71,
        start => 440,
        title => "soixante et onze",
        titleFile => "soixanteEtOnze",
      }, "ParsedCmd"),
      bless({
        cmd => "photo",
        defaulted => { titleFile => 1 },
        end => 450,
        index => 72,
        name => 72,
        parsedKeys => bless({
          aFewChars => 72,
          cmd => "photo",
          level => 9,
          name => 72,
          say => 72,
          title => "soixante-douze",
          titleFile => "soixanteDouze",
          wiki => "https://en.wikipedia.org/wiki/72_(number)",
        }, "ParsedKeys"),
        say => 72,
        start => 446,
        title => "soixante-douze",
        titleFile => "soixanteDouze",
      }, "ParsedCmd"),
      bless({
        cmd => "photo",
        defaulted => { titleFile => 1 },
        end => 456,
        index => 73,
        name => 73,
        parsedKeys => bless({
          aFewChars => 73,
          cmd => "photo",
          level => 9,
          name => 73,
          say => 73,
          title => "soixante-treize",
          titleFile => "soixanteTreize",
          wiki => "https://en.wikipedia.org/wiki/73_(number)",
        }, "ParsedKeys"),
        say => 73,
        start => 452,
        title => "soixante-treize",
        titleFile => "soixanteTreize",
      }, "ParsedCmd"),
      bless({
        cmd => "photo",
        defaulted => { titleFile => 1 },
        end => 462,
        index => 74,
        name => 74,
        parsedKeys => bless({
          aFewChars => 74,
          cmd => "photo",
          level => 9,
          name => 74,
          say => 74,
          title => "soixante-quatorze",
          titleFile => "soixanteQuatorze",
          wiki => "https://en.wikipedia.org/wiki/74_(number)",
        }, "ParsedKeys"),
        say => 74,
        start => 458,
        title => "soixante-quatorze",
        titleFile => "soixanteQuatorze",
      }, "ParsedCmd"),
      bless({
        cmd => "photo",
        defaulted => { titleFile => 1 },
        end => 468,
        index => 75,
        name => 75,
        parsedKeys => bless({
          aFewChars => 75,
          cmd => "photo",
          level => 9,
          name => 75,
          say => 75,
          title => "soixante-quinze",
          titleFile => "soixanteQuinze",
          wiki => "https://en.wikipedia.org/wiki/75_(number)",
        }, "ParsedKeys"),
        say => 75,
        start => 464,
        title => "soixante-quinze",
        titleFile => "soixanteQuinze",
      }, "ParsedCmd"),
      bless({
        cmd => "photo",
        defaulted => { titleFile => 1 },
        end => 474,
        index => 76,
        name => 76,
        parsedKeys => bless({
          aFewChars => 76,
          cmd => "photo",
          level => 9,
          name => 76,
          say => 76,
          title => "soixante-seize",
          titleFile => "soixanteSeize",
          wiki => "https://en.wikipedia.org/wiki/76_(number)",
        }, "ParsedKeys"),
        say => 76,
        start => 470,
        title => "soixante-seize",
        titleFile => "soixanteSeize",
      }, "ParsedCmd"),
      bless({
        cmd => "photo",
        defaulted => { titleFile => 1 },
        end => 480,
        index => 77,
        name => 77,
        parsedKeys => bless({
          aFewChars => 77,
          cmd => "photo",
          level => 4,
          name => 77,
          say => 77,
          title => "soixante-dix-sept",
          titleFile => "soixanteDixSept",
          wiki => "https://en.wikipedia.org/wiki/77_(number)",
        }, "ParsedKeys"),
        say => 77,
        start => 476,
        title => "soixante-dix-sept",
        titleFile => "soixanteDixSept",
      }, "ParsedCmd"),
      bless({
        cmd => "photo",
        defaulted => { titleFile => 1 },
        end => 486,
        index => 78,
        name => 78,
        parsedKeys => bless({
          aFewChars => 78,
          cmd => "photo",
          level => 9,
          name => 78,
          say => 78,
          title => "soixante-dix-huit",
          titleFile => "soixanteDixHuit",
          wiki => "https://en.wikipedia.org/wiki/78_(number)",
        }, "ParsedKeys"),
        say => 78,
        start => 482,
        title => "soixante-dix-huit",
        titleFile => "soixanteDixHuit",
      }, "ParsedCmd"),
      bless({
        cmd => "photo",
        defaulted => { titleFile => 1 },
        end => 492,
        index => 79,
        name => 79,
        parsedKeys => bless({
          aFewChars => 79,
          cmd => "photo",
          level => 9,
          name => 79,
          say => 79,
          title => "soixante-dix-neuf",
          titleFile => "soixanteDixNeuf",
          wiki => "https://en.wikipedia.org/wiki/79_(number)",
        }, "ParsedKeys"),
        say => 79,
        start => 488,
        title => "soixante-dix-neuf",
        titleFile => "soixanteDixNeuf",
      }, "ParsedCmd"),
      bless({
        cmd => "photo",
        defaulted => { titleFile => 1 },
        end => 498,
        index => 80,
        name => 80,
        parsedKeys => bless({
          aFewChars => 80,
          cmd => "photo",
          level => 3,
          name => 80,
          say => 80,
          title => "quatre-vingts",
          titleFile => "quatreVingts",
          wiki => "https://en.wikipedia.org/wiki/80_(number)",
        }, "ParsedKeys"),
        say => 80,
        start => 494,
        title => "quatre-vingts",
        titleFile => "quatreVingts",
      }, "ParsedCmd"),
      bless({
        cmd => "photo",
        defaulted => { titleFile => 1 },
        end => 504,
        index => 81,
        name => 81,
        parsedKeys => bless({
          aFewChars => 81,
          cmd => "photo",
          level => 10,
          name => 81,
          say => 81,
          title => "quatre-vingt-un",
          titleFile => "quatreVingtUn",
          wiki => "https://en.wikipedia.org/wiki/81_(number)",
        }, "ParsedKeys"),
        say => 81,
        start => 500,
        title => "quatre-vingt-un",
        titleFile => "quatreVingtUn",
      }, "ParsedCmd"),
      bless({
        cmd => "photo",
        defaulted => { titleFile => 1 },
        end => 510,
        index => 82,
        name => 82,
        parsedKeys => bless({
          aFewChars => 82,
          cmd => "photo",
          level => 10,
          name => 82,
          say => 82,
          title => "quatre-vingt-deux",
          titleFile => "quatreVingtDeux",
          wiki => "https://en.wikipedia.org/wiki/82_(number)",
        }, "ParsedKeys"),
        say => 82,
        start => 506,
        title => "quatre-vingt-deux",
        titleFile => "quatreVingtDeux",
      }, "ParsedCmd"),
      bless({
        cmd => "photo",
        defaulted => { titleFile => 1 },
        end => 516,
        index => 83,
        name => 83,
        parsedKeys => bless({
          aFewChars => 83,
          cmd => "photo",
          level => 10,
          name => 83,
          say => 83,
          title => "quatre-vingt-trois",
          titleFile => "quatreVingtTrois",
          wiki => "https://en.wikipedia.org/wiki/83_(number)",
        }, "ParsedKeys"),
        say => 83,
        start => 512,
        title => "quatre-vingt-trois",
        titleFile => "quatreVingtTrois",
      }, "ParsedCmd"),
      bless({
        cmd => "photo",
        defaulted => { titleFile => 1 },
        end => 522,
        index => 84,
        name => 84,
        parsedKeys => bless({
          aFewChars => 84,
          cmd => "photo",
          level => 10,
          name => 84,
          say => 84,
          title => "quatre-vingt-quatre",
          titleFile => "quatreVingtQuatre",
          wiki => "https://en.wikipedia.org/wiki/84_(number)",
        }, "ParsedKeys"),
        say => 84,
        start => 518,
        title => "quatre-vingt-quatre",
        titleFile => "quatreVingtQuatre",
      }, "ParsedCmd"),
      bless({
        cmd => "photo",
        defaulted => { titleFile => 1 },
        end => 528,
        index => 85,
        name => 85,
        parsedKeys => bless({
          aFewChars => 85,
          cmd => "photo",
          level => 10,
          name => 85,
          say => 85,
          title => "quatre-vingt-cinq",
          titleFile => "quatreVingtCinq",
          wiki => "https://en.wikipedia.org/wiki/85_(number)",
        }, "ParsedKeys"),
        say => 85,
        start => 524,
        title => "quatre-vingt-cinq",
        titleFile => "quatreVingtCinq",
      }, "ParsedCmd"),
      bless({
        cmd => "photo",
        defaulted => { titleFile => 1 },
        end => 534,
        index => 86,
        name => 86,
        parsedKeys => bless({
          aFewChars => 86,
          cmd => "photo",
          level => 10,
          name => 86,
          say => 86,
          title => "quatre-vingt-six",
          titleFile => "quatreVingtSix",
          wiki => "https://en.wikipedia.org/wiki/86_(number)",
        }, "ParsedKeys"),
        say => 86,
        start => 530,
        title => "quatre-vingt-six",
        titleFile => "quatreVingtSix",
      }, "ParsedCmd"),
      bless({
        cmd => "photo",
        defaulted => { titleFile => 1 },
        end => 540,
        index => 87,
        name => 87,
        parsedKeys => bless({
          aFewChars => 87,
          cmd => "photo",
          level => 10,
          name => 87,
          say => 87,
          title => "quatre-vingt-sept",
          titleFile => "quatreVingtSept",
          wiki => "https://en.wikipedia.org/wiki/87_(number)",
        }, "ParsedKeys"),
        say => 87,
        start => 536,
        title => "quatre-vingt-sept",
        titleFile => "quatreVingtSept",
      }, "ParsedCmd"),
      bless({
        cmd => "photo",
        defaulted => { titleFile => 1 },
        end => 546,
        index => 88,
        name => 88,
        parsedKeys => bless({
          aFewChars => 88,
          cmd => "photo",
          level => 4,
          name => 88,
          say => 88,
          title => "quatre-vingt-huit",
          titleFile => "quatreVingtHuit",
          wiki => "https://en.wikipedia.org/wiki/88_(number)",
        }, "ParsedKeys"),
        say => 88,
        start => 542,
        title => "quatre-vingt-huit",
        titleFile => "quatreVingtHuit",
      }, "ParsedCmd"),
      bless({
        cmd => "photo",
        defaulted => { titleFile => 1 },
        end => 552,
        index => 89,
        name => 89,
        parsedKeys => bless({
          aFewChars => 89,
          cmd => "photo",
          level => 10,
          name => 89,
          say => 89,
          title => "quatre-vingt-neuf",
          titleFile => "quatreVingtNeuf",
          wiki => "https://en.wikipedia.org/wiki/89_(number)",
        }, "ParsedKeys"),
        say => 89,
        start => 548,
        title => "quatre-vingt-neuf",
        titleFile => "quatreVingtNeuf",
      }, "ParsedCmd"),
      bless({
        cmd => "photo",
        defaulted => { titleFile => 1 },
        end => 558,
        index => 90,
        name => 90,
        parsedKeys => bless({
          aFewChars => 90,
          cmd => "photo",
          level => 3,
          name => 90,
          say => 90,
          title => "quatre-vingt-dix",
          titleFile => "quatreVingtDix",
          wiki => "https://en.wikipedia.org/wiki/90_(number)",
        }, "ParsedKeys"),
        say => 90,
        start => 554,
        title => "quatre-vingt-dix",
        titleFile => "quatreVingtDix",
      }, "ParsedCmd"),
      bless({
        cmd => "photo",
        defaulted => { titleFile => 1 },
        end => 564,
        index => 91,
        name => 91,
        parsedKeys => bless({
          aFewChars => 91,
          cmd => "photo",
          level => 10,
          name => 91,
          say => 91,
          title => "quatre-vingt-un",
          titleFile => "quatreVingtUn",
          wiki => "https://en.wikipedia.org/wiki/91_(number)",
        }, "ParsedKeys"),
        say => 91,
        start => 560,
        title => "quatre-vingt-un",
        titleFile => "quatreVingtUn",
      }, "ParsedCmd"),
      bless({
        cmd => "photo",
        defaulted => { titleFile => 1 },
        end => 570,
        index => 92,
        name => 92,
        parsedKeys => bless({
          aFewChars => 92,
          cmd => "photo",
          level => 10,
          name => 92,
          say => 92,
          title => "quatre-vingt-douze",
          titleFile => "quatreVingtDouze",
          wiki => "https://en.wikipedia.org/wiki/92_(number)",
        }, "ParsedKeys"),
        say => 92,
        start => 566,
        title => "quatre-vingt-douze",
        titleFile => "quatreVingtDouze",
      }, "ParsedCmd"),
      bless({
        cmd => "photo",
        defaulted => { titleFile => 1 },
        end => 576,
        index => 93,
        name => 93,
        parsedKeys => bless({
          aFewChars => 93,
          cmd => "photo",
          level => 10,
          name => 93,
          say => 93,
          title => "quatre-vingt-treize",
          titleFile => "quatreVingtTreize",
          wiki => "https://en.wikipedia.org/wiki/93_(number)",
        }, "ParsedKeys"),
        say => 93,
        start => 572,
        title => "quatre-vingt-treize",
        titleFile => "quatreVingtTreize",
      }, "ParsedCmd"),
      bless({
        cmd => "photo",
        defaulted => { titleFile => 1 },
        end => 582,
        index => 94,
        name => 94,
        parsedKeys => bless({
          aFewChars => 94,
          cmd => "photo",
          level => 10,
          name => 94,
          say => 94,
          title => "quatre-vingt-quatorze",
          titleFile => "quatreVingtQuatorze",
          wiki => "https://en.wikipedia.org/wiki/94_(number)",
        }, "ParsedKeys"),
        say => 94,
        start => 578,
        title => "quatre-vingt-quatorze",
        titleFile => "quatreVingtQuatorze",
      }, "ParsedCmd"),
      bless({
        cmd => "photo",
        defaulted => { titleFile => 1 },
        end => 588,
        index => 95,
        name => 95,
        parsedKeys => bless({
          aFewChars => 95,
          cmd => "photo",
          level => 10,
          name => 95,
          say => 95,
          title => "quatre-vingt-quinze",
          titleFile => "quatreVingtQuinze",
          wiki => "https://en.wikipedia.org/wiki/95_(number)",
        }, "ParsedKeys"),
        say => 95,
        start => 584,
        title => "quatre-vingt-quinze",
        titleFile => "quatreVingtQuinze",
      }, "ParsedCmd"),
      bless({
        cmd => "photo",
        defaulted => { titleFile => 1 },
        end => 594,
        index => 96,
        name => 96,
        parsedKeys => bless({
          aFewChars => 96,
          cmd => "photo",
          level => 10,
          name => 96,
          say => 96,
          title => "quatre-vingt-seize",
          titleFile => "quatreVingtSeize",
          wiki => "https://en.wikipedia.org/wiki/96_(number)",
        }, "ParsedKeys"),
        say => 96,
        start => 590,
        title => "quatre-vingt-seize",
        titleFile => "quatreVingtSeize",
      }, "ParsedCmd"),
      bless({
        cmd => "photo",
        defaulted => { titleFile => 1 },
        end => 600,
        index => 97,
        name => 97,
        parsedKeys => bless({
          aFewChars => 97,
          cmd => "photo",
          level => 10,
          name => 97,
          say => 97,
          title => "quatre-vingt-dix-sept",
          titleFile => "quatreVingtDixSept",
          wiki => "https://en.wikipedia.org/wiki/97_(number)",
        }, "ParsedKeys"),
        say => 97,
        start => 596,
        title => "quatre-vingt-dix-sept",
        titleFile => "quatreVingtDixSept",
      }, "ParsedCmd"),
      bless({
        cmd => "photo",
        defaulted => { titleFile => 1 },
        end => 606,
        index => 98,
        name => 98,
        parsedKeys => bless({
          aFewChars => 98,
          cmd => "photo",
          level => 10,
          name => 98,
          say => 98,
          title => "quatre-vingt-dix-huit",
          titleFile => "quatreVingtDixHuit",
          wiki => "https://en.wikipedia.org/wiki/98_(number)",
        }, "ParsedKeys"),
        say => 98,
        start => 602,
        title => "quatre-vingt-dix-huit",
        titleFile => "quatreVingtDixHuit",
      }, "ParsedCmd"),
      bless({
        cmd => "photo",
        defaulted => { titleFile => 1 },
        end => 612,
        index => 99,
        name => 99,
        parsedKeys => bless({
          aFewChars => 99,
          cmd => "photo",
          level => 4,
          name => 99,
          say => 99,
          title => "quatre-vingt-dix-neuf",
          titleFile => "quatreVingtDixNeuf",
          wiki => "https://en.wikipedia.org/wiki/99_(number)",
        }, "ParsedKeys"),
        say => 99,
        start => 608,
        title => "quatre-vingt-dix-neuf",
        titleFile => "quatreVingtDixNeuf",
      }, "ParsedCmd"),
      bless({
        cmd => "photo",
        defaulted => { titleFile => 1 },
        end => 618,
        index => 100,
        name => 100,
        parsedKeys => bless({
          aFewChars => 100,
          cmd => "photo",
          level => 3,
          name => 100,
          say => 100,
          title => "cent",
          titleFile => "cent",
          wiki => "https://en.wikipedia.org/wiki/100_(number)",
        }, "ParsedKeys"),
        say => 100,
        start => 614,
        title => "cent",
        titleFile => "cent",
      }, "ParsedCmd"),
    ],
    project => "philiprbrenan/100/l/fr",
    source => "app 100.l.fr    = The Numbers from 0 to 100 in French\n  description   = Learn to recognize and say the Numbers from 0 to 100 in spoken French\n  ordered       = finally\n  icon          = icon.png\n  maxImages     = 12\n  author        = philiprbrenan\n  email         = philiprbrenan\@gmail.com\n  emphasis      = 3\n  language      = fr \n  full_name_on_google_play = com.appaapps.photoapp.fr100                                           # The original names of these apps when they were all inspearate repositories on Github instead of just one as they are now\n  version       = 2017-12-28 at 19:06:26\n\n\nphoto 0 = z\xE9ro\n  afewchars = 0\n  level     = 1\n  say       = 0\n  wiki      = https://en.wikipedia.org/wiki/0_(number)\n\nphoto 1 = un\n  afewchars = 1\n  level     = 1\n  say       = 1\n  wiki      = https://en.wikipedia.org/wiki/1_(number)\n\nphoto 2 = deux\n  afewchars = 2\n  level     = 1\n  say       = 2\n  wiki      = https://en.wikipedia.org/wiki/2_(number)\n\nphoto 3 = trois\n  afewchars = 3\n  level     = 1\n  say       = 3\n  wiki      = https://en.wikipedia.org/wiki/3_(number)\n\nphoto 4 = quatre\n  afewchars = 4\n  level     = 1\n  say       = 4\n  wiki      = https://en.wikipedia.org/wiki/4_(number)\n\nphoto 5 = cinq\n  afewchars = 5\n  level     = 1\n  say       = 5\n  wiki      = https://en.wikipedia.org/wiki/5_(number)\n\nphoto 6 = six\n  afewchars = 6\n  level     = 1\n  say       = 6\n  wiki      = https://en.wikipedia.org/wiki/6_(number)\n\nphoto 7 = sept\n  afewchars = 7\n  level     = 1\n  say       = 7\n  wiki      = https://en.wikipedia.org/wiki/7_(number)\n\nphoto 8 = huit\n  afewchars = 8\n  level     = 1\n  say       = 8\n  wiki      = https://en.wikipedia.org/wiki/8_(number)\n\nphoto 9 = neuf\n  afewchars = 9\n  level     = 1\n  say       = 9\n  wiki      = https://en.wikipedia.org/wiki/9_(number)\n\nphoto 10 = dix\n  afewchars = 10\n  level     = 2\n  say       = 10\n  wiki      = https://en.wikipedia.org/wiki/10_(number)\n\nphoto 11 = onze\n  afewchars = 11\n  level     = 2\n  say       = 11\n  wiki      = https://en.wikipedia.org/wiki/11_(number)\n\nphoto 12 = douze\n  afewchars = 12\n  level     = 2\n  say       = 12\n  wiki      = https://en.wikipedia.org/wiki/12_(number)\n\nphoto 13 = treize\n  afewchars = 13\n  level     = 2\n  say       = 13\n  wiki      = https://en.wikipedia.org/wiki/13_(number)\n\nphoto 14 = quatorze\n  afewchars = 14\n  level     = 2\n  say       = 14\n  wiki      = https://en.wikipedia.org/wiki/14_(number)\n\nphoto 15 = quinze\n  afewchars = 15\n  level     = 2\n  say       = 15\n  wiki      = https://en.wikipedia.org/wiki/15_(number)\n\nphoto 16 = seize\n  afewchars = 16\n  level     = 2\n  say       = 16\n  wiki      = https://en.wikipedia.org/wiki/16_(number)\n\nphoto 17 = dix-sept\n  afewchars = 17\n  level     = 2\n  say       = 17\n  wiki      = https://en.wikipedia.org/wiki/17_(number)\n\nphoto 18 = dix-huit\n  afewchars = 18\n  level     = 2\n  say       = 18\n  wiki      = https://en.wikipedia.org/wiki/18_(number)\n\nphoto 19 = dix neuf\n  afewchars = 19\n  level     = 2\n  say       = 19\n  wiki      = https://en.wikipedia.org/wiki/19_(number)\n\nphoto 20 = vingt\n  afewchars = 20\n  level     = 3\n  say       = 20\n  wiki      = https://en.wikipedia.org/wiki/20_(number)\n\nphoto 21 = vingt et un\n  afewchars = 21\n  level     = 5\n  say       = 21\n  wiki      = https://en.wikipedia.org/wiki/21_(number)\n\nphoto 22 = vingt-deux\n  afewchars = 22\n  level     = 4\n  say       = 22\n  wiki      = https://en.wikipedia.org/wiki/22_(number)\n\nphoto 23 = vingt-trois\n  afewchars = 23\n  level     = 5\n  say       = 23\n  wiki      = https://en.wikipedia.org/wiki/23_(number)\n\nphoto 24 = vingt-quatre\n  afewchars = 24\n  level     = 5\n  say       = 24\n  wiki      = https://en.wikipedia.org/wiki/24_(number)\n\nphoto 25 = vingt-cinq\n  afewchars = 25\n  level     = 5\n  say       = 25\n  wiki      = https://en.wikipedia.org/wiki/25_(number)\n\nphoto 26 = vingt-six\n  afewchars = 26\n  level     = 5\n  say       = 26\n  wiki      = https://en.wikipedia.org/wiki/26_(number)\n\nphoto 27 = vingt-sept\n  afewchars = 27\n  level     = 5\n  say       = 27\n  wiki      = https://en.wikipedia.org/wiki/27_(number)\n\nphoto 28 = vingt-huit\n  afewchars = 28\n  level     = 5\n  say       = 28\n  wiki      = https://en.wikipedia.org/wiki/28_(number)\n\nphoto 29 = vingt-neuf\n  afewchars = 29\n  level     = 5\n  say       = 29\n  wiki      = https://en.wikipedia.org/wiki/29_(number)\n\nphoto 30 = trente\n  afewchars = 30\n  level     = 3\n  say       = 30\n  wiki      = https://en.wikipedia.org/wiki/30_(number)\n\nphoto 31 = trente et un\n  afewchars = 31\n  level     = 6\n  say       = 31\n  wiki      = https://en.wikipedia.org/wiki/31_(number)\n\nphoto 32 = trente-deux\n  afewchars = 32\n  level     = 6\n  say       = 32\n  wiki      = https://en.wikipedia.org/wiki/32_(number)\n\nphoto 33 = trente-trois\n  afewchars = 33\n  level     = 4\n  say       = 33\n  wiki      = https://en.wikipedia.org/wiki/33_(number)\n\nphoto 34 = trente-quatre\n  afewchars = 34\n  level     = 6\n  say       = 34\n  wiki      = https://en.wikipedia.org/wiki/34_(number)\n\nphoto 35 = trente-cinq\n  afewchars = 35\n  level     = 6\n  say       = 35\n  wiki      = https://en.wikipedia.org/wiki/35_(number)\n\nphoto 36 = trente-six\n  afewchars = 36\n  level     = 6\n  say       = 36\n  wiki      = https://en.wikipedia.org/wiki/36_(number)\n\nphoto 37 = trente-sept\n  afewchars = 37\n  level     = 6\n  say       = 37\n  wiki      = https://en.wikipedia.org/wiki/37_(number)\n\nphoto 38 = trente-huit\n  afewchars = 38\n  level     = 6\n  say       = 38\n  wiki      = https://en.wikipedia.org/wiki/38_(number)\n\nphoto 39 = trente-neuf\n  afewchars = 39\n  level     = 6\n  say       = 39\n  wiki      = https://en.wikipedia.org/wiki/39_(number)\n\nphoto 40 = quarante\n  afewchars = 40\n  level     = 3\n  say       = 40\n  wiki      = https://en.wikipedia.org/wiki/40_(number)\n\nphoto 41 = quarante et un\n  afewchars = 41\n  level     = 7\n  say       = 41\n  wiki      = https://en.wikipedia.org/wiki/41_(number)\n\nphoto 42 = quarante-deux\n  afewchars = 42\n  level     = 7\n  say       = 42\n  wiki      = https://en.wikipedia.org/wiki/42_(number)\n\nphoto 43 = quarante-trois\n  afewchars = 43\n  level     = 7\n  say       = 43\n  wiki      = https://en.wikipedia.org/wiki/43_(number)\n\nphoto 44 = quarante-quatre\n  afewchars = 44\n  level     = 4\n  say       = 44\n  wiki      = https://en.wikipedia.org/wiki/44_(number)\n\nphoto 45 = quarante-cinq\n  afewchars = 45\n  level     = 7\n  say       = 45\n  wiki      = https://en.wikipedia.org/wiki/45_(number)\n\nphoto 46 = quarante-six\n  afewchars = 46\n  level     = 7\n  say       = 46\n  wiki      = https://en.wikipedia.org/wiki/46_(number)\n\nphoto 47 = quarante-sept\n  afewchars = 47\n  level     = 7\n  say       = 47\n  wiki      = https://en.wikipedia.org/wiki/47_(number)\n\nphoto 48 = quarante-huit\n  afewchars = 48\n  level     = 7\n  say       = 48\n  wiki      = https://en.wikipedia.org/wiki/48_(number)\n\nphoto 49 = quarante-neuf\n  afewchars = 49\n  level     = 7\n  say       = 49\n  wiki      = https://en.wikipedia.org/wiki/49_(number)\n\nphoto 50 = cinquante\n  afewchars = 50\n  level     = 3\n  say       = 50\n  wiki      = https://en.wikipedia.org/wiki/50_(number)\n\nphoto 51 = cinquante et un\n  afewchars = 51\n  level     = 8\n  say       = 51\n  wiki      = https://en.wikipedia.org/wiki/51_(number)\n\nphoto 52 = cinquante-deux\n  afewchars = 52\n  level     = 8\n  say       = 52\n  wiki      = https://en.wikipedia.org/wiki/52_(number)\n\nphoto 53 = cinquante-trois\n  afewchars = 53\n  level     = 8\n  say       = 53\n  wiki      = https://en.wikipedia.org/wiki/53_(number)\n\nphoto 54 = cinquante-quatre\n  afewchars = 54\n  level     = 8\n  say       = 54\n  wiki      = https://en.wikipedia.org/wiki/54_(number)\n\nphoto 55 = cinquante-cinq\n  afewchars = 55\n  level     = 4\n  say       = 55\n  wiki      = https://en.wikipedia.org/wiki/55_(number)\n\nphoto 56 = cinquante-six\n  afewchars = 56\n  level     = 8\n  say       = 56\n  wiki      = https://en.wikipedia.org/wiki/56_(number)\n\nphoto 57 = cinquante-sept\n  afewchars = 57\n  level     = 8\n  say       = 57\n  wiki      = https://en.wikipedia.org/wiki/57_(number)\n\nphoto 58 = cinquante-huit\n  afewchars = 58\n  level     = 8\n  say       = 58\n  wiki      = https://en.wikipedia.org/wiki/58_(number)\n\nphoto 59 = cinquante-neuf\n  afewchars = 59\n  level     = 8\n  say       = 59\n  wiki      = https://en.wikipedia.org/wiki/59_(number)\n\nphoto 60 = soixante\n  afewchars = 60\n  level     = 3\n  say       = 60\n  wiki      = https://en.wikipedia.org/wiki/60_(number)\n\nphoto 61 = soixante et un\n  afewchars = 61\n  level     = 9\n  say       = 61\n  wiki      = https://en.wikipedia.org/wiki/61_(number)\n\nphoto 62 = soixante-deux\n  afewchars = 62\n  level     = 9\n  say       = 62\n  wiki      = https://en.wikipedia.org/wiki/62_(number)\n\nphoto 63 = soixante-trois\n  afewchars = 63\n  level     = 9\n  say       = 63\n  wiki      = https://en.wikipedia.org/wiki/63_(number)\n\nphoto 64 = soixante-quatre\n  afewchars = 64\n  level     = 9\n  say       = 64\n  wiki      = https://en.wikipedia.org/wiki/64_(number)\n\nphoto 65 = soixante-cinq\n  afewchars = 65\n  level     = 9\n  say       = 65\n  wiki      = https://en.wikipedia.org/wiki/65_(number)\n\nphoto 66 = soixante-six\n  afewchars = 66\n  level     = 4\n  say       = 66\n  wiki      = https://en.wikipedia.org/wiki/66_(number)\n\nphoto 67 = soixante-sept\n  afewchars = 67\n  level     = 9\n  say       = 67\n  wiki      = https://en.wikipedia.org/wiki/67_(number)\n\nphoto 68 = soixante-huit\n  afewchars = 68\n  level     = 9\n  say       = 68\n  wiki      = https://en.wikipedia.org/wiki/68_(number)\n\nphoto 69 = soixante-neuf\n  afewchars = 69\n  level     = 9\n  say       = 69\n  wiki      = https://en.wikipedia.org/wiki/69_(number)\n\nphoto 70 = soixante-dix\n  afewchars = 70\n  level     = 3\n  say       = 70\n  wiki      = https://en.wikipedia.org/wiki/70_(number)\n\nphoto 71 = soixante et onze\n  afewchars = 71\n  level     = 9\n  say       = 71\n  wiki      = https://en.wikipedia.org/wiki/71_(number)\n\nphoto 72 = soixante-douze\n  afewchars = 72\n  level     = 9\n  say       = 72\n  wiki      = https://en.wikipedia.org/wiki/72_(number)\n\nphoto 73 = soixante-treize\n  afewchars = 73\n  level     = 9\n  say       = 73\n  wiki      = https://en.wikipedia.org/wiki/73_(number)\n\nphoto 74 = soixante-quatorze\n  afewchars = 74\n  level     = 9\n  say       = 74\n  wiki      = https://en.wikipedia.org/wiki/74_(number)\n\nphoto 75 = soixante-quinze\n  afewchars = 75\n  level     = 9\n  say       = 75\n  wiki      = https://en.wikipedia.org/wiki/75_(number)\n\nphoto 76 = soixante-seize\n  afewchars = 76\n  level     = 9\n  say       = 76\n  wiki      = https://en.wikipedia.org/wiki/76_(number)\n\nphoto 77 = soixante-dix-sept\n  afewchars = 77\n  level     = 4\n  say       = 77\n  wiki      = https://en.wikipedia.org/wiki/77_(number)\n\nphoto 78 = soixante-dix-huit\n  afewchars = 78\n  level     = 9\n  say       = 78\n  wiki      = https://en.wikipedia.org/wiki/78_(number)\n\nphoto 79 = soixante-dix-neuf\n  afewchars = 79\n  level     = 9\n  say       = 79\n  wiki      = https://en.wikipedia.org/wiki/79_(number)\n\nphoto 80 = quatre-vingts\n  afewchars = 80\n  level     = 3\n  say       = 80\n  wiki      = https://en.wikipedia.org/wiki/80_(number)\n\nphoto 81 = quatre-vingt-un\n  afewchars = 81\n  level     = 10\n  say       = 81\n  wiki      = https://en.wikipedia.org/wiki/81_(number)\n\nphoto 82 = quatre-vingt-deux\n  afewchars = 82\n  level     = 10\n  say       = 82\n  wiki      = https://en.wikipedia.org/wiki/82_(number)\n\nphoto 83 = quatre-vingt-trois\n  afewchars = 83\n  level     = 10\n  say       = 83\n  wiki      = https://en.wikipedia.org/wiki/83_(number)\n\nphoto 84 = quatre-vingt-quatre\n  afewchars = 84\n  level     = 10\n  say       = 84\n  wiki      = https://en.wikipedia.org/wiki/84_(number)\n\nphoto 85 = quatre-vingt-cinq\n  afewchars = 85\n  level     = 10\n  say       = 85\n  wiki      = https://en.wikipedia.org/wiki/85_(number)\n\nphoto 86 = quatre-vingt-six\n  afewchars = 86\n  level     = 10\n  say       = 86\n  wiki      = https://en.wikipedia.org/wiki/86_(number)\n\nphoto 87 = quatre-vingt-sept\n  afewchars = 87\n  level     = 10\n  say       = 87\n  wiki      = https://en.wikipedia.org/wiki/87_(number)\n\nphoto 88 = quatre-vingt-huit\n  afewchars = 88\n  level     = 4\n  say       = 88\n  wiki      = https://en.wikipedia.org/wiki/88_(number)\n\nphoto 89 = quatre-vingt-neuf\n  afewchars = 89\n  level     = 10\n  say       = 89\n  wiki      = https://en.wikipedia.org/wiki/89_(number)\n\nphoto 90 = quatre-vingt-dix\n  afewchars = 90\n  level     = 3\n  say       = 90\n  wiki      = https://en.wikipedia.org/wiki/90_(number)\n\nphoto 91 = quatre-vingt-un\n  afewchars = 91\n  level     = 10\n  say       = 91\n  wiki      = https://en.wikipedia.org/wiki/91_(number)\n\nphoto 92 = quatre-vingt-douze\n  afewchars = 92\n  level     = 10\n  say       = 92\n  wiki      = https://en.wikipedia.org/wiki/92_(number)\n\nphoto 93 = quatre-vingt-treize\n  afewchars = 93\n  level     = 10\n  say       = 93\n  wiki      = https://en.wikipedia.org/wiki/93_(number)\n\nphoto 94 = quatre-vingt-quatorze\n  afewchars = 94\n  level     = 10\n  say       = 94\n  wiki      = https://en.wikipedia.org/wiki/94_(number)\n\nphoto 95 = quatre-vingt-quinze\n  afewchars = 95\n  level     = 10\n  say       = 95\n  wiki      = https://en.wikipedia.org/wiki/95_(number)\n\nphoto 96 = quatre-vingt-seize\n  afewchars = 96\n  level     = 10\n  say       = 96\n  wiki      = https://en.wikipedia.org/wiki/96_(number)\n\nphoto 97 = quatre-vingt-dix-sept\n  afewchars = 97\n  level     = 10\n  say       = 97\n  wiki      = https://en.wikipedia.org/wiki/97_(number)\n\nphoto 98 = quatre-vingt-dix-huit\n  afewchars = 98\n  level     = 10\n  say       = 98\n  wiki      = https://en.wikipedia.org/wiki/98_(number)\n\nphoto 99 = quatre-vingt-dix-neuf\n  afewchars = 99\n  level     = 4\n  say       = 99\n  wiki      = https://en.wikipedia.org/wiki/99_(number)\n\nphoto 100 = cent\n  afewchars = 100\n  level     = 3\n  say       = 100\n  wiki      = https://en.wikipedia.org/wiki/100_(number)\n",
    sourceFileSha => "2e30839f43278eb5df2b08278a5bb759e2c7bbb7",
    step => "completed",
    time => 1514493709,
  }, "Manifest");
  $a->{parsedCmds}[0] = $a->{app};
  $a;
}