Failed.

2017-12-02 at 22:34:41 Generate AppaAppsPhotoApp version 20171126-222 philiprbrenan/100/sv/9

2017-12-02 at 22:34:45 Step: parseSource
2017-12-02 at 22:34:45 The app command name keyword is <b>=100.sv.9 =</b> but it should be <b>=100.sv.9=</b>
 on line(s) 1-11
--------------------------------------------------------------------------------
do {
  my $a = bless({
    app => bless({
      cmd        => "app",
      end        => 11,
      index      => 0,
      name       => "100.sv.9 ",
      parsedKeys => bless({
                      author        => "philiprbrenan",
                      cmd           => "app",
                      description   => "Learn to recognize and say the digits 0 to 9 in Swedish",
                      email         => "philiprbrenan\@gmail.com",
                      enables       => "philiprbrenan/100/sv/100 philiprbrenan/100/sv/10x10",
                      icon          => "icon.png",
                      language      => "sv",
                      maximages     => 12,
                      name          => "100.sv.9 ",
                      ordered       => "finally",
                      prerequisites => "",
                      rightInARow   => 7,
                      title         => "The Digits 0 to 9 in Swedish",
                      version       => "2017-11-28 at 01:14:16",
                    }, "ParsedKeys"),
      start      => 1,
      title      => "The Digits 0 to 9 in Swedish",
    }, "ParsedCmd"),
    error => 1,
    log => [
      "\n2017-12-02 at 22:34:41 Generate AppaAppsPhotoApp version 20171126-222 philiprbrenan/100/sv/9\n",
      "2017-12-02 at 22:34:45 Step: parseSource",
      "2017-12-02 at 22:34:45 The app command name keyword is <b>=100.sv.9 =</b> but it should be <b>=100.sv.9=</b>\n on line(s) 1-11",
    ],
    parsedCmds => [
      'fix',
      bless({
        cmd        => "photo",
        end        => 17,
        index      => 0,
        name       => "0 ",
        parsedKeys => bless({
                        afewchars => 0,
                        cmd       => "photo",
                        level     => 1,
                        name      => "0 ",
                        say       => 0,
                        title     => "noll",
                        wiki      => "https://en.wikipedia.org/wiki/0_(number)",
                      }, "ParsedKeys"),
        start      => 14,
        title      => "noll",
      }, "ParsedCmd"),
      bless({
        cmd        => "photo",
        end        => 22,
        index      => 1,
        name       => "1 ",
        parsedKeys => bless({
                        afewchars => 1,
                        cmd       => "photo",
                        level     => 1,
                        name      => "1 ",
                        say       => 1,
                        title     => "en",
                        wiki      => "https://en.wikipedia.org/wiki/1_(number)",
                      }, "ParsedKeys"),
        start      => 19,
        title      => "en",
      }, "ParsedCmd"),
      bless({
        cmd        => "photo",
        end        => 27,
        index      => 2,
        name       => "2 ",
        parsedKeys => bless({
                        afewchars => 2,
                        cmd       => "photo",
                        level     => 1,
                        name      => "2 ",
                        say       => 2,
                        title     => "tv\xE5",
                        wiki      => "https://en.wikipedia.org/wiki/2_(number)",
                      }, "ParsedKeys"),
        start      => 24,
        title      => "tv\xE5",
      }, "ParsedCmd"),
      bless({
        cmd        => "photo",
        end        => 32,
        index      => 3,
        name       => "3 ",
        parsedKeys => bless({
                        afewchars => 3,
                        cmd       => "photo",
                        level     => 1,
                        name      => "3 ",
                        say       => 3,
                        title     => "tre",
                        wiki      => "https://en.wikipedia.org/wiki/3_(number)",
                      }, "ParsedKeys"),
        start      => 29,
        title      => "tre",
      }, "ParsedCmd"),
      bless({
        cmd        => "photo",
        end        => 37,
        index      => 4,
        name       => "4 ",
        parsedKeys => bless({
                        afewchars => 4,
                        cmd       => "photo",
                        level     => 1,
                        name      => "4 ",
                        say       => 4,
                        title     => "fyra",
                        wiki      => "https://en.wikipedia.org/wiki/4_(number)",
                      }, "ParsedKeys"),
        start      => 34,
        title      => "fyra",
      }, "ParsedCmd"),
      bless({
        cmd        => "photo",
        end        => 42,
        index      => 5,
        name       => "5 ",
        parsedKeys => bless({
                        afewchars => 5,
                        cmd       => "photo",
                        level     => 1,
                        name      => "5 ",
                        say       => 5,
                        title     => "fem",
                        wiki      => "https://en.wikipedia.org/wiki/5_(number)",
                      }, "ParsedKeys"),
        start      => 39,
        title      => "fem",
      }, "ParsedCmd"),
      bless({
        cmd        => "photo",
        end        => 47,
        index      => 6,
        name       => "6 ",
        parsedKeys => bless({
                        afewchars => 6,
                        cmd       => "photo",
                        level     => 1,
                        name      => "6 ",
                        say       => 6,
                        title     => "sex",
                        wiki      => "https://en.wikipedia.org/wiki/6_(number)",
                      }, "ParsedKeys"),
        start      => 44,
        title      => "sex",
      }, "ParsedCmd"),
      bless({
        cmd        => "photo",
        end        => 52,
        index      => 7,
        name       => "7 ",
        parsedKeys => bless({
                        afewchars => 7,
                        cmd       => "photo",
                        level     => 1,
                        name      => "7 ",
                        say       => 7,
                        title     => "sju",
                        wiki      => "https://en.wikipedia.org/wiki/7_(number)",
                      }, "ParsedKeys"),
        start      => 49,
        title      => "sju",
      }, "ParsedCmd"),
      bless({
        cmd        => "photo",
        end        => 57,
        index      => 8,
        name       => "8 ",
        parsedKeys => bless({
                        afewchars => 8,
                        cmd       => "photo",
                        level     => 1,
                        name      => "8 ",
                        say       => 8,
                        title     => "\xE5tta",
                        wiki      => "https://en.wikipedia.org/wiki/8_(number)",
                      }, "ParsedKeys"),
        start      => 54,
        title      => "\xE5tta",
      }, "ParsedCmd"),
      bless({
        cmd        => "photo",
        end        => 62,
        index      => 9,
        name       => "9 ",
        parsedKeys => bless({
                        afewchars => 9,
                        cmd       => "photo",
                        level     => 1,
                        name      => "9 ",
                        say       => 9,
                        title     => "nio",
                        wiki      => "https://en.wikipedia.org/wiki/9_(number)",
                      }, "ParsedKeys"),
        start      => 59,
        title      => "nio",
      }, "ParsedCmd"),
    ],
    project => "philiprbrenan/100/sv/9",
    source => "  app 100.sv.9 = The Digits 0 to 9 in Swedish\n  description   = Learn to recognize and say the digits 0 to 9 in Swedish\n  icon          = icon.png\n  ordered       = finally\n  maxImages     = 12\n  author        = philiprbrenan\n  email         = philiprbrenan\@gmail.com\n  language      = sv\n  prerequisites = \n  enables       = philiprbrenan/100/sv/100 philiprbrenan/100/sv/10x10\n  version       = 2017-11-28 at 01:14:16\n\n\nphoto 0 = noll\n  afewchars = 0\n  say       = 0\n  wiki      = https://en.wikipedia.org/wiki/0_(number)\n\nphoto 1 = en\n  afewchars = 1\n  say       = 1\n  wiki      = https://en.wikipedia.org/wiki/1_(number)\n\nphoto 2 = tv\xE5\n  afewchars = 2\n  say       = 2\n  wiki      = https://en.wikipedia.org/wiki/2_(number)\n\nphoto 3 = tre\n  afewchars = 3\n  say       = 3\n  wiki      = https://en.wikipedia.org/wiki/3_(number)\n\nphoto 4 = fyra\n  afewchars = 4\n  say       = 4\n  wiki      = https://en.wikipedia.org/wiki/4_(number)\n\nphoto 5 = fem\n  afewchars = 5\n  say       = 5\n  wiki      = https://en.wikipedia.org/wiki/5_(number)\n\nphoto 6 = sex\n  afewchars = 6\n  say       = 6\n  wiki      = https://en.wikipedia.org/wiki/6_(number)\n\nphoto 7 = sju\n  afewchars = 7\n  say       = 7\n  wiki      = https://en.wikipedia.org/wiki/7_(number)\n\nphoto 8 = \xE5tta\n  afewchars = 8\n  say       = 8\n  wiki      = https://en.wikipedia.org/wiki/8_(number)\n\nphoto 9 = nio\n  afewchars = 9\n  say       = 9\n  wiki      = https://en.wikipedia.org/wiki/9_(number)\n",
    sourceFileSha => "b975dd4a4174d328cbc78fcd7b4e3640a205391f",
    step => "parseSource",
  }, "Manifest");
  $a->{parsedCmds}[0] = $a->{app};
  $a;
}