SUCCESS!

2017-11-28 at 01:33:46 Generate AppaAppsPhotoApp version 20171126-222 philiprbrenan/100/sv/s

2017-11-28 at 01:33:50 Step: parseSource
2017-11-28 at 01:33:50 <b>Good source file!</b>
2017-11-28 at 01:33:50 Step: loadAssets
2017-11-28 at 01:33:51 0 new, 10 reused audio files
2017-11-28 at 01:33:51 Step: multiplyPhotosByFacts
2017-11-28 at 01:33:51 Step: genJavaManifest
2017-11-28 at 01:33:51 Step: genJsonManifest
2017-11-28 at 01:33:51 Step: genGameHtml
2017-11-28 at 01:33:51 Step: genHtmlAssets
2017-11-28 at 01:33:51 Step: zipAssets
2017-11-28 at 01:33:51 Zip file is only 61422 bytes which is small?

2017-11-28 at 01:33:51 Step: compileApp
2017-11-28 at 01:33:55 Step: copyLinksToGitHub
2017-11-28 at 01:33:59 Step: copyFilesIntoPositionOnWebServer
2017-11-28 at 01:44:19 Compilation already done
--------------------------------------------------------------------------------
do {
  my $a = bless({
    android       => bless({
                       action        => "run",
                       activity      => "Activity",
                       buildFolder   => "/tmp/AppaAppsPhotoApp/build/",
                       buildTools    => "/home/phil/Android/sdk/build-tools/25.0.2/",
                       debug         => 0,
                       device        => "-s emulator-5554",
                       home          => "/home/phil/AppaAppsPhotoApp/",
                       icon          => "/home/phil/audioImageCache/images/icon.png",
                       keyAlias      => "genApp",
                       keyStoreFile  => "/home/phil/AppaAppsPhotoApp/keys/genApp.keystore",
                       keyStorePwd   => "genApp",
                       libs          => [],
                       log           => [
                                          "",
                                          "",
                                          "Crunching PNG Files in source dir: /tmp/AppaAppsPhotoApp/build/res/\nTo destination dir: /tmp/AppaAppsPhotoApp/build/bin//tmp/AppaAppsPhotoApp/build/res",
                                          "",
                                          "Enter Passphrase for keystore: jar signed.\n\nWarning: \nNo -tsa or -tsacert is provided and this jar is not timestamped. Without a timestamp, users may not be able to validate this jar after the signer certificate's expiration date (2044-09-10) or after any future revocation date.",
                                          "",
                                        ],
                       package       => "com.appaapps.photoapp.philiprbrenan100svs",
                       parameters    => "1511832831,philiprbrenan,100,sv/s,http://www.appaapps.com/users/philiprbrenan/100/sv/s/zip/philiprbrenan100svs.zip,100.sv.s - The Screenshots in Swedish",
                       permissions   => ["INTERNET", "ACCESS_NETWORK_STATE", "WRITE_EXTERNAL_STORAGE"],
                       platform      => "/home/phil/Android/sdk/platforms/android-25/",
                       platformTools => "/home/phil/Android/sdk/platform-tools/",
                       sdkLevels     => [15, 25],
                       src           => [
                                          "/home/phil/java/appState/AppState.java",
                                          "/home/phil/java/choices/Choices.java",
                                          "/home/phil/java/coloursTransformed/ColoursTransformed.java",
                                          "/home/phil/java/download/Download.java",
                                          "/home/phil/java/email/Email.java",
                                          "/home/phil/java/fourier/Fourier.java",
                                          "/home/phil/java/gradients/Gradients.java",
                                          "/home/phil/java/log/Log.java",
                                          "/home/phil/java/maths/Maths.java",
                                          "/home/phil/java/randomChoice/RandomChoice.java",
                                          "/home/phil/java/save/Save.java",
                                          "/home/phil/java/sound/Midi.java",
                                          "/home/phil/java/sound/Speech.java",
                                          "/home/phil/java/svg/Svg.java",
                                          "/home/phil/java/unpackappdescription/Unpackappdescription.java",
                                          "/home/phil/java/upload/UploadStream.java",
                                          "/home/phil/java/upload/GitHubUploadStream.java",
                                          "/home/phil/java/unzip/Unzip.java",
                                        ],
                       title         => "The Screenshots in Swedish",
                       verifyApk     => undef,
                       version       => 20171128,
                     }, "Android::Build"),
    app           => bless({
                       cmd => "app",
                       end => 11,
                       index => 0,
                       name => "100.sv.s",
                       parsedKeys => bless({
                         author        => "philiprbrenan",
                         cmd           => "app",
                         description   => "Learn to recognize and say the screenshots in Swedish",
                         email         => "philiprbrenan\@gmail.com",
                         enables       => "",
                         icon          => "icon.png",
                         language      => "sv",
                         maximages     => 12,
                         name          => "100.sv.s",
                         ordered       => "always",
                         prerequisites => "",
                         rightInARow   => 6,
                         speakers      => "Astrid",
                         title         => "The Screenshots in Swedish",
                         version       => "2017-11-28 at 01:14:23",
                       }, "ParsedKeys"),
                       start => 1,
                       title => "The Screenshots in Swedish",
                       titleFile => undef,
                     }, "ParsedCmd"),
    error         => 0,
    iconFile      => "/home/phil/audioImageCache/images/icon.png",
    log           => [
                       "\n2017-11-28 at 01:33:46 Generate AppaAppsPhotoApp version 20171126-222 philiprbrenan/100/sv/s\n",
                       "2017-11-28 at 01:33:50 Step: parseSource",
                       "2017-11-28 at 01:33:50 <b>Good source file!</b>",
                       "2017-11-28 at 01:33:50 Step: loadAssets",
                       "2017-11-28 at 01:33:51 0 new, 10 reused audio files",
                       "2017-11-28 at 01:33:51 Step: multiplyPhotosByFacts",
                       "2017-11-28 at 01:33:51 Step: genJavaManifest",
                       "2017-11-28 at 01:33:51 Step: genJsonManifest",
                       "2017-11-28 at 01:33:51 Step: genGameHtml",
                       "2017-11-28 at 01:33:51 Step: genHtmlAssets",
                       "2017-11-28 at 01:33:51 Step: zipAssets",
                       "2017-11-28 at 01:33:51 Zip file is only 61422 bytes which is small?\n",
                       "2017-11-28 at 01:33:51 Step: compileApp",
                       "2017-11-28 at 01:33:55 Step: copyLinksToGitHub",
                       "2017-11-28 at 01:33:59 Step: copyFilesIntoPositionOnWebServer",
                       "2017-11-28 at 01:44:19 Compilation already done",
                     ],
    parsedCmds    => [
                       'fix',
                       bless({
                         cmd => "photo",
                         end => 17,
                         index => 0,
                         name => 0,
                         parsedKeys => bless({
                           afewchars => 0,
                           cmd => "photo",
                           name => 0,
                           say => 0,
                           title => "noll",
                           titleFile => "noll",
                           wiki => "https://en.wikipedia.org/wiki/0_(number)",
                         }, "ParsedKeys"),
                         say => 0,
                         start => 14,
                         title => "noll",
                         titleFile => "noll",
                       }, "ParsedCmd"),
                       bless({
                         cmd => "photo",
                         end => 22,
                         index => 1,
                         name => 1,
                         parsedKeys => bless({
                           afewchars => 1,
                           cmd => "photo",
                           name => 1,
                           say => 1,
                           title => "en",
                           titleFile => "en",
                           wiki => "https://en.wikipedia.org/wiki/1_(number)",
                         }, "ParsedKeys"),
                         say => 1,
                         start => 19,
                         title => "en",
                         titleFile => "en",
                       }, "ParsedCmd"),
                       bless({
                         cmd => "photo",
                         end => 27,
                         index => 2,
                         name => 2,
                         parsedKeys => bless({
                           afewchars => 2,
                           cmd => "photo",
                           name => 2,
                           say => 2,
                           title => "tv\xE5",
                           titleFile => "tv\xE5",
                           wiki => "https://en.wikipedia.org/wiki/2_(number)",
                         }, "ParsedKeys"),
                         say => 2,
                         start => 24,
                         title => "tv\xE5",
                         titleFile => "tv\xE5",
                       }, "ParsedCmd"),
                       bless({
                         cmd => "photo",
                         end => 32,
                         index => 3,
                         name => 3,
                         parsedKeys => bless({
                           afewchars => 3,
                           cmd => "photo",
                           name => 3,
                           say => 3,
                           title => "tre",
                           titleFile => "tre",
                           wiki => "https://en.wikipedia.org/wiki/3_(number)",
                         }, "ParsedKeys"),
                         say => 3,
                         start => 29,
                         title => "tre",
                         titleFile => "tre",
                       }, "ParsedCmd"),
                       bless({
                         cmd => "photo",
                         end => 37,
                         index => 4,
                         name => 4,
                         parsedKeys => bless({
                           afewchars => 4,
                           cmd => "photo",
                           name => 4,
                           say => 4,
                           title => "fyra",
                           titleFile => "fyra",
                           wiki => "https://en.wikipedia.org/wiki/4_(number)",
                         }, "ParsedKeys"),
                         say => 4,
                         start => 34,
                         title => "fyra",
                         titleFile => "fyra",
                       }, "ParsedCmd"),
                       bless({
                         cmd => "photo",
                         end => 42,
                         index => 5,
                         name => 5,
                         parsedKeys => bless({
                           afewchars => 5,
                           cmd => "photo",
                           name => 5,
                           say => 5,
                           title => "fem",
                           titleFile => "fem",
                           wiki => "https://en.wikipedia.org/wiki/5_(number)",
                         }, "ParsedKeys"),
                         say => 5,
                         start => 39,
                         title => "fem",
                         titleFile => "fem",
                       }, "ParsedCmd"),
                       bless({
                         cmd => "photo",
                         end => 47,
                         index => 6,
                         name => 6,
                         parsedKeys => bless({
                           afewchars => 6,
                           cmd => "photo",
                           name => 6,
                           say => 6,
                           title => "sex",
                           titleFile => "sex",
                           wiki => "https://en.wikipedia.org/wiki/6_(number)",
                         }, "ParsedKeys"),
                         say => 6,
                         start => 44,
                         title => "sex",
                         titleFile => "sex",
                       }, "ParsedCmd"),
                       bless({
                         cmd => "photo",
                         end => 52,
                         index => 7,
                         name => 7,
                         parsedKeys => bless({
                           afewchars => 7,
                           cmd => "photo",
                           name => 7,
                           say => 7,
                           title => "sju",
                           titleFile => "sju",
                           wiki => "https://en.wikipedia.org/wiki/7_(number)",
                         }, "ParsedKeys"),
                         say => 7,
                         start => 49,
                         title => "sju",
                         titleFile => "sju",
                       }, "ParsedCmd"),
                       bless({
                         cmd => "photo",
                         end => 57,
                         index => 8,
                         name => 8,
                         parsedKeys => bless({
                           afewchars => 8,
                           cmd => "photo",
                           name => 8,
                           say => 8,
                           title => "\xE5tta",
                           titleFile => "\xE5tta",
                           wiki => "https://en.wikipedia.org/wiki/8_(number)",
                         }, "ParsedKeys"),
                         say => 8,
                         start => 54,
                         title => "\xE5tta",
                         titleFile => "\xE5tta",
                       }, "ParsedCmd"),
                       bless({
                         cmd => "photo",
                         end => 62,
                         index => 9,
                         name => 9,
                         parsedKeys => bless({
                           afewchars => 9,
                           cmd => "photo",
                           name => 9,
                           say => 9,
                           title => "nio",
                           titleFile => "nio",
                           wiki => "https://en.wikipedia.org/wiki/9_(number)",
                         }, "ParsedKeys"),
                         say => 9,
                         start => 59,
                         title => "nio",
                         titleFile => "nio",
                       }, "ParsedCmd"),
                     ],
    project       => "philiprbrenan/100/sv/s",
    source        => "  app 100.sv.s = The Screenshots in Swedish\n  description   = Learn to recognize and say the screenshots in Swedish\n  icon          = icon.png\n  ordered       = always\n  maxImages     = 12\n  author        = philiprbrenan\n  email         = philiprbrenan\@gmail.com\n  language      = sv\n  prerequisites = \n  enables       = \n  version       = 2017-11-28 at 01:14:23\n\n\nphoto 0 = noll\n  afewchars = 0\n  say       = 0\n  wiki      = https://en.wikipedia.org/wiki/0_(number)\n\nphoto 1 = en\n  afewchars = 1\n  say       = 1\n  wiki      = https://en.wikipedia.org/wiki/1_(number)\n\nphoto 2 = tv\xE5\n  afewchars = 2\n  say       = 2\n  wiki      = https://en.wikipedia.org/wiki/2_(number)\n\nphoto 3 = tre\n  afewchars = 3\n  say       = 3\n  wiki      = https://en.wikipedia.org/wiki/3_(number)\n\nphoto 4 = fyra\n  afewchars = 4\n  say       = 4\n  wiki      = https://en.wikipedia.org/wiki/4_(number)\n\nphoto 5 = fem\n  afewchars = 5\n  say       = 5\n  wiki      = https://en.wikipedia.org/wiki/5_(number)\n\nphoto 6 = sex\n  afewchars = 6\n  say       = 6\n  wiki      = https://en.wikipedia.org/wiki/6_(number)\n\nphoto 7 = sju\n  afewchars = 7\n  say       = 7\n  wiki      = https://en.wikipedia.org/wiki/7_(number)\n\nphoto 8 = \xE5tta\n  afewchars = 8\n  say       = 8\n  wiki      = https://en.wikipedia.org/wiki/8_(number)\n\nphoto 9 = nio\n  afewchars = 9\n  say       = 9\n  wiki      = https://en.wikipedia.org/wiki/9_(number)\n",
    sourceFileSha => "fa8947df6ff101631c090761b5242e50df02b845",
    step          => "completed",
  }, "Manifest");
  $a->{parsedCmds}[0] = $a->{app};
  $a;
}