SUCCESS!

2017-12-28 at 22:04:41 Generate AppaAppsPhotoApp version 20171228-220441 philiprbrenan/100/l/is

2017-12-28 at 22:04:42 Step: parseSource
2017-12-28 at 22:04:42 <b>Good source file!</b>
2017-12-28 at 22:04:42 Step: loadAssets
2017-12-28 at 22:10:16 404 new, 0 reused audio files
2017-12-28 at 22:10:16 Step: multiplyPhotosByFacts
2017-12-28 at 22:10:16 Step: genJavaManifest
2017-12-28 at 22:10:16 Step: genJsonManifest
2017-12-28 at 22:10:16 Step: genGameHtml
2017-12-28 at 22:10:16 Step: genHtmlAssets
2017-12-28 at 22:10:16 Step: zipAssets
2017-12-28 at 22:10:17 Step: compileApp
2017-12-28 at 22:10:28 Step: copyLinksToGitHub
2017-12-28 at 22:10:29 Step: copyFilesIntoPositionOnWebServer
--------------------------------------------------------------------------------
do {
  my $a = bless({
    android => bless({
      action        => "run",
      activity      => "Activity",
      buildFolder   => "/tmp/AppaAppsPhotoApp/build/",
      buildTools    => "/home/phil/Android/sdk/build-tools/25.0.3/",
      debug         => 0,
      device        => "-s emulator-5554",
      fastIcons     => undef,
      home          => "/root/",
      icon          => "/home/phil/audioImageCache/images/icon.png",
      keyAlias      => "genApp",
      keyStoreFile  => "/home/phil/AppaAppsPhotoApp/keys/genApp.keystore",
      keyStorePwd   => "genApp",
      libs          => [],
      log           => [],
      package       => "com.appaapps.photoapp.is100",
      parameters    => {
                         appName  => 100,
                         appPath  => "l/is",
                         cTime    => 1514499017,
                         devMode  => 0,
                         download => "http://www.appaapps.com",
                         title    => "The Numbers from 0 to 100 in Icelandic",
                         userid   => "philiprbrenan",
                       },
      permissions   => ["INTERNET", "ACCESS_NETWORK_STATE", "WRITE_EXTERNAL_STORAGE"],
      platform      => "/home/phil/Android/sdk/platforms/android-25/",
      platformTools => "/home/phil/Android/sdk/platform-tools/",
      sdkLevels     => [15, 25],
      src           => [
                         "/home/phil/java/appState/AppState.java",
                         "/home/phil/java/choices/Choices.java",
                         "/home/phil/java/congratulations/Congratulations.java",
                         "/home/phil/java/coloursTransformed/ColoursTransformed.java",
                         "/home/phil/java/download/Download.java",
                         "/home/phil/java/email/Email.java",
                         "/home/phil/java/fourier/Fourier.java",
                         "/home/phil/java/gradients/Gradients.java",
                         "/home/phil/java/log/Log.java",
                         "/home/phil/java/maths/Maths.java",
                         "/home/phil/java/randomChoice/RandomChoice.java",
                         "/home/phil/java/save/Save.java",
                         "/home/phil/java/say/Say.java",
                         "/home/phil/java/sound/Midi.java",
                         "/home/phil/java/sound/Speech.java",
                         "/home/phil/java/svg/Svg.java",
                         "/home/phil/java/time/Time.java",
                         "/home/phil/java/translations/Translations.java",
                         "/home/phil/java/unpackappdescription/Unpackappdescription.java",
                         "/home/phil/java/upload/UploadStream.java",
                         "/home/phil/java/upload/GitHubUploadStream.java",
                         "/home/phil/java/unzip/Unzip.java",
                       ],
      title         => "The Numbers from 0 to 100 in Icelandic",
      titles        => undef,
      verifyApk     => undef,
      version       => 20171228,
    }, "Android::Build"),
    app => bless({
      cmd => "app",
      defaulted => { rightInARow => 1 },
      end => 11,
      index => 0,
      name => "100.l.is",
      parsedKeys => bless({
        author               => "philiprbrenan",
        cmd                  => "app",
        description          => "Learn to recognize and say the Numbers from 0 to 100 in spoken Icelandic",
        email                => "philiprbrenan\@gmail.com",
        emphasis             => 3,
        fullNameOnGooglePlay => "com.appaapps.photoapp.is100",
        icon                 => "icon.png",
        language             => "is",
        maxImages            => 12,
        name                 => "100.l.is",
        ordered              => "finally",
        rightInARow          => 7,
        screenShots          => undef,
        speakers             => "Dora Karl",
        title                => "The Numbers from 0 to 100 in Icelandic",
        version              => "2017-12-28 at 19:06:29",
      }, "ParsedKeys"),
      start => 1,
      title => "The Numbers from 0 to 100 in Icelandic",
      titleFile => undef,
    }, "ParsedCmd"),
    dateTimeStamp => "2017-12-28 at 22:04:41",
    error => 0,
    iconFile => "/home/phil/audioImageCache/images/icon.png",
    log => [
      "\n2017-12-28 at 22:04:41 Generate AppaAppsPhotoApp version 20171228-220441 philiprbrenan/100/l/is\n",
      "2017-12-28 at 22:04:42 Step: parseSource",
      "2017-12-28 at 22:04:42 <b>Good source file!</b>",
      "2017-12-28 at 22:04:42 Step: loadAssets",
      "2017-12-28 at 22:10:16 404 new, 0 reused audio files",
      "2017-12-28 at 22:10:16 Step: multiplyPhotosByFacts",
      "2017-12-28 at 22:10:16 Step: genJavaManifest",
      "2017-12-28 at 22:10:16 Step: genJsonManifest",
      "2017-12-28 at 22:10:16 Step: genGameHtml",
      "2017-12-28 at 22:10:16 Step: genHtmlAssets",
      "2017-12-28 at 22:10:16 Step: zipAssets",
      "2017-12-28 at 22:10:17 Step: compileApp",
      "2017-12-28 at 22:10:28 Step: copyLinksToGitHub",
      "2017-12-28 at 22:10:29 Step: copyFilesIntoPositionOnWebServer",
    ],
    parsedCmds => [
      'fix',
      bless({
        cmd => "photo",
        defaulted => { titleFile => 1 },
        end => 18,
        index => 0,
        name => 0,
        parsedKeys => bless({
          aFewChars => 0,
          cmd => "photo",
          level => 1,
          name => 0,
          say => 0,
          title => "n\xFAll",
          titleFile => "n\xFAll",
          wiki => "https://en.wikipedia.org/wiki/0_(number)",
        }, "ParsedKeys"),
        say => 0,
        start => 14,
        title => "n\xFAll",
        titleFile => "n\xFAll",
      }, "ParsedCmd"),
      bless({
        cmd => "photo",
        defaulted => { titleFile => 1 },
        end => 24,
        index => 1,
        name => 1,
        parsedKeys => bless({
          aFewChars => 1,
          cmd => "photo",
          level => 1,
          name => 1,
          say => 1,
          title => "einn",
          titleFile => "einn",
          wiki => "https://en.wikipedia.org/wiki/1_(number)",
        }, "ParsedKeys"),
        say => 1,
        start => 20,
        title => "einn",
        titleFile => "einn",
      }, "ParsedCmd"),
      bless({
        cmd => "photo",
        defaulted => { titleFile => 1 },
        end => 30,
        index => 2,
        name => 2,
        parsedKeys => bless({
          aFewChars => 2,
          cmd => "photo",
          level => 1,
          name => 2,
          say => 2,
          title => "tveir",
          titleFile => "tveir",
          wiki => "https://en.wikipedia.org/wiki/2_(number)",
        }, "ParsedKeys"),
        say => 2,
        start => 26,
        title => "tveir",
        titleFile => "tveir",
      }, "ParsedCmd"),
      bless({
        cmd => "photo",
        defaulted => { titleFile => 1 },
        end => 36,
        index => 3,
        name => 3,
        parsedKeys => bless({
          aFewChars => 3,
          cmd => "photo",
          level => 1,
          name => 3,
          say => 3,
          title => "\xFEr\xEDr",
          titleFile => "\xFEr\xEDr",
          wiki => "https://en.wikipedia.org/wiki/3_(number)",
        }, "ParsedKeys"),
        say => 3,
        start => 32,
        title => "\xFEr\xEDr",
        titleFile => "\xFEr\xEDr",
      }, "ParsedCmd"),
      bless({
        cmd => "photo",
        defaulted => { titleFile => 1 },
        end => 42,
        index => 4,
        name => 4,
        parsedKeys => bless({
          aFewChars => 4,
          cmd => "photo",
          level => 1,
          name => 4,
          say => 4,
          title => "fj\xF3rir",
          titleFile => "fj\xF3rir",
          wiki => "https://en.wikipedia.org/wiki/4_(number)",
        }, "ParsedKeys"),
        say => 4,
        start => 38,
        title => "fj\xF3rir",
        titleFile => "fj\xF3rir",
      }, "ParsedCmd"),
      bless({
        cmd => "photo",
        defaulted => { titleFile => 1 },
        end => 48,
        index => 5,
        name => 5,
        parsedKeys => bless({
          aFewChars => 5,
          cmd => "photo",
          level => 1,
          name => 5,
          say => 5,
          title => "fimm",
          titleFile => "fimm",
          wiki => "https://en.wikipedia.org/wiki/5_(number)",
        }, "ParsedKeys"),
        say => 5,
        start => 44,
        title => "fimm",
        titleFile => "fimm",
      }, "ParsedCmd"),
      bless({
        cmd => "photo",
        defaulted => { titleFile => 1 },
        end => 54,
        index => 6,
        name => 6,
        parsedKeys => bless({
          aFewChars => 6,
          cmd => "photo",
          level => 1,
          name => 6,
          say => 6,
          title => "sex",
          titleFile => "sex",
          wiki => "https://en.wikipedia.org/wiki/6_(number)",
        }, "ParsedKeys"),
        say => 6,
        start => 50,
        title => "sex",
        titleFile => "sex",
      }, "ParsedCmd"),
      bless({
        cmd => "photo",
        defaulted => { titleFile => 1 },
        end => 60,
        index => 7,
        name => 7,
        parsedKeys => bless({
          aFewChars => 7,
          cmd => "photo",
          level => 1,
          name => 7,
          say => 7,
          title => "sj\xF6",
          titleFile => "sj\xF6",
          wiki => "https://en.wikipedia.org/wiki/7_(number)",
        }, "ParsedKeys"),
        say => 7,
        start => 56,
        title => "sj\xF6",
        titleFile => "sj\xF6",
      }, "ParsedCmd"),
      bless({
        cmd => "photo",
        defaulted => { titleFile => 1 },
        end => 66,
        index => 8,
        name => 8,
        parsedKeys => bless({
          aFewChars => 8,
          cmd => "photo",
          level => 1,
          name => 8,
          say => 8,
          title => "\xE1tta",
          titleFile => "\xE1tta",
          wiki => "https://en.wikipedia.org/wiki/8_(number)",
        }, "ParsedKeys"),
        say => 8,
        start => 62,
        title => "\xE1tta",
        titleFile => "\xE1tta",
      }, "ParsedCmd"),
      bless({
        cmd => "photo",
        defaulted => { titleFile => 1 },
        end => 72,
        index => 9,
        name => 9,
        parsedKeys => bless({
          aFewChars => 9,
          cmd => "photo",
          level => 1,
          name => 9,
          say => 9,
          title => "n\xEDu",
          titleFile => "n\xEDu",
          wiki => "https://en.wikipedia.org/wiki/9_(number)",
        }, "ParsedKeys"),
        say => 9,
        start => 68,
        title => "n\xEDu",
        titleFile => "n\xEDu",
      }, "ParsedCmd"),
      bless({
        cmd => "photo",
        defaulted => { titleFile => 1 },
        end => 78,
        index => 10,
        name => 10,
        parsedKeys => bless({
          aFewChars => 10,
          cmd => "photo",
          level => 2,
          name => 10,
          say => 10,
          title => "t\xEDu",
          titleFile => "t\xEDu",
          wiki => "https://en.wikipedia.org/wiki/10_(number)",
        }, "ParsedKeys"),
        say => 10,
        start => 74,
        title => "t\xEDu",
        titleFile => "t\xEDu",
      }, "ParsedCmd"),
      bless({
        cmd => "photo",
        defaulted => { titleFile => 1 },
        end => 84,
        index => 11,
        name => 11,
        parsedKeys => bless({
          aFewChars => 11,
          cmd => "photo",
          level => 2,
          name => 11,
          say => 11,
          title => "ellefu",
          titleFile => "ellefu",
          wiki => "https://en.wikipedia.org/wiki/11_(number)",
        }, "ParsedKeys"),
        say => 11,
        start => 80,
        title => "ellefu",
        titleFile => "ellefu",
      }, "ParsedCmd"),
      bless({
        cmd => "photo",
        defaulted => { titleFile => 1 },
        end => 90,
        index => 12,
        name => 12,
        parsedKeys => bless({
          aFewChars => 12,
          cmd => "photo",
          level => 2,
          name => 12,
          say => 12,
          title => "t\xF3lf",
          titleFile => "t\xF3lf",
          wiki => "https://en.wikipedia.org/wiki/12_(number)",
        }, "ParsedKeys"),
        say => 12,
        start => 86,
        title => "t\xF3lf",
        titleFile => "t\xF3lf",
      }, "ParsedCmd"),
      bless({
        cmd => "photo",
        defaulted => { titleFile => 1 },
        end => 96,
        index => 13,
        name => 13,
        parsedKeys => bless({
          aFewChars => 13,
          cmd => "photo",
          level => 2,
          name => 13,
          say => 13,
          title => "\xFErett\xE1n",
          titleFile => "\xFErett\xE1n",
          wiki => "https://en.wikipedia.org/wiki/13_(number)",
        }, "ParsedKeys"),
        say => 13,
        start => 92,
        title => "\xFErett\xE1n",
        titleFile => "\xFErett\xE1n",
      }, "ParsedCmd"),
      bless({
        cmd => "photo",
        defaulted => { titleFile => 1 },
        end => 102,
        index => 14,
        name => 14,
        parsedKeys => bless({
          aFewChars => 14,
          cmd => "photo",
          level => 2,
          name => 14,
          say => 14,
          title => "fj\xF3rt\xE1n",
          titleFile => "fj\xF3rt\xE1n",
          wiki => "https://en.wikipedia.org/wiki/14_(number)",
        }, "ParsedKeys"),
        say => 14,
        start => 98,
        title => "fj\xF3rt\xE1n",
        titleFile => "fj\xF3rt\xE1n",
      }, "ParsedCmd"),
      bless({
        cmd => "photo",
        defaulted => { titleFile => 1 },
        end => 108,
        index => 15,
        name => 15,
        parsedKeys => bless({
          aFewChars => 15,
          cmd => "photo",
          level => 2,
          name => 15,
          say => 15,
          title => "fimmt\xE1n",
          titleFile => "fimmt\xE1n",
          wiki => "https://en.wikipedia.org/wiki/15_(number)",
        }, "ParsedKeys"),
        say => 15,
        start => 104,
        title => "fimmt\xE1n",
        titleFile => "fimmt\xE1n",
      }, "ParsedCmd"),
      bless({
        cmd => "photo",
        defaulted => { titleFile => 1 },
        end => 114,
        index => 16,
        name => 16,
        parsedKeys => bless({
          aFewChars => 16,
          cmd => "photo",
          level => 2,
          name => 16,
          say => 16,
          title => "sext\xE1n",
          titleFile => "sext\xE1n",
          wiki => "https://en.wikipedia.org/wiki/16_(number)",
        }, "ParsedKeys"),
        say => 16,
        start => 110,
        title => "sext\xE1n",
        titleFile => "sext\xE1n",
      }, "ParsedCmd"),
      bless({
        cmd => "photo",
        defaulted => { titleFile => 1 },
        end => 120,
        index => 17,
        name => 17,
        parsedKeys => bless({
          aFewChars => 17,
          cmd => "photo",
          level => 2,
          name => 17,
          say => 17,
          title => "sautj\xE1n",
          titleFile => "sautj\xE1n",
          wiki => "https://en.wikipedia.org/wiki/17_(number)",
        }, "ParsedKeys"),
        say => 17,
        start => 116,
        title => "sautj\xE1n",
        titleFile => "sautj\xE1n",
      }, "ParsedCmd"),
      bless({
        cmd => "photo",
        defaulted => { titleFile => 1 },
        end => 126,
        index => 18,
        name => 18,
        parsedKeys => bless({
          aFewChars => 18,
          cmd => "photo",
          level => 2,
          name => 18,
          say => 18,
          title => "\xE1tj\xE1n",
          titleFile => "\xE1tj\xE1n",
          wiki => "https://en.wikipedia.org/wiki/18_(number)",
        }, "ParsedKeys"),
        say => 18,
        start => 122,
        title => "\xE1tj\xE1n",
        titleFile => "\xE1tj\xE1n",
      }, "ParsedCmd"),
      bless({
        cmd => "photo",
        defaulted => { titleFile => 1 },
        end => 132,
        index => 19,
        name => 19,
        parsedKeys => bless({
          aFewChars => 19,
          cmd => "photo",
          level => 2,
          name => 19,
          say => 19,
          title => "n\xEDtj\xE1n",
          titleFile => "n\xEDtj\xE1n",
          wiki => "https://en.wikipedia.org/wiki/19_(number)",
        }, "ParsedKeys"),
        say => 19,
        start => 128,
        title => "n\xEDtj\xE1n",
        titleFile => "n\xEDtj\xE1n",
      }, "ParsedCmd"),
      bless({
        cmd => "photo",
        defaulted => { titleFile => 1 },
        end => 138,
        index => 20,
        name => 20,
        parsedKeys => bless({
          aFewChars => 20,
          cmd => "photo",
          level => 3,
          name => 20,
          say => 20,
          title => "tuttugu",
          titleFile => "tuttugu",
          wiki => "https://en.wikipedia.org/wiki/20_(number)",
        }, "ParsedKeys"),
        say => 20,
        start => 134,
        title => "tuttugu",
        titleFile => "tuttugu",
      }, "ParsedCmd"),
      bless({
        cmd => "photo",
        defaulted => { titleFile => 1 },
        end => 144,
        index => 21,
        name => 21,
        parsedKeys => bless({
          aFewChars => 21,
          cmd => "photo",
          level => 5,
          name => 21,
          say => 21,
          title => "tuttugu og einn",
          titleFile => "tuttuguOgEinn",
          wiki => "https://en.wikipedia.org/wiki/21_(number)",
        }, "ParsedKeys"),
        say => 21,
        start => 140,
        title => "tuttugu og einn",
        titleFile => "tuttuguOgEinn",
      }, "ParsedCmd"),
      bless({
        cmd => "photo",
        defaulted => { titleFile => 1 },
        end => 150,
        index => 22,
        name => 22,
        parsedKeys => bless({
          aFewChars => 22,
          cmd => "photo",
          level => 4,
          name => 22,
          say => 22,
          title => "tuttugu og tveir",
          titleFile => "tuttuguOgTveir",
          wiki => "https://en.wikipedia.org/wiki/22_(number)",
        }, "ParsedKeys"),
        say => 22,
        start => 146,
        title => "tuttugu og tveir",
        titleFile => "tuttuguOgTveir",
      }, "ParsedCmd"),
      bless({
        cmd => "photo",
        defaulted => { titleFile => 1 },
        end => 156,
        index => 23,
        name => 23,
        parsedKeys => bless({
          aFewChars => 23,
          cmd => "photo",
          level => 5,
          name => 23,
          say => 23,
          title => "tuttugu og \xFEr\xEDr",
          titleFile => "tuttuguOg\xDEr\xEDr",
          wiki => "https://en.wikipedia.org/wiki/23_(number)",
        }, "ParsedKeys"),
        say => 23,
        start => 152,
        title => "tuttugu og \xFEr\xEDr",
        titleFile => "tuttuguOg\xDEr\xEDr",
      }, "ParsedCmd"),
      bless({
        cmd => "photo",
        defaulted => { titleFile => 1 },
        end => 162,
        index => 24,
        name => 24,
        parsedKeys => bless({
          aFewChars => 24,
          cmd => "photo",
          level => 5,
          name => 24,
          say => 24,
          title => "tuttugu og fj\xF6gur",
          titleFile => "tuttuguOgFj\xF6gur",
          wiki => "https://en.wikipedia.org/wiki/24_(number)",
        }, "ParsedKeys"),
        say => 24,
        start => 158,
        title => "tuttugu og fj\xF6gur",
        titleFile => "tuttuguOgFj\xF6gur",
      }, "ParsedCmd"),
      bless({
        cmd => "photo",
        defaulted => { titleFile => 1 },
        end => 168,
        index => 25,
        name => 25,
        parsedKeys => bless({
          aFewChars => 25,
          cmd => "photo",
          level => 5,
          name => 25,
          say => 25,
          title => "tuttugu og fimm",
          titleFile => "tuttuguOgFimm",
          wiki => "https://en.wikipedia.org/wiki/25_(number)",
        }, "ParsedKeys"),
        say => 25,
        start => 164,
        title => "tuttugu og fimm",
        titleFile => "tuttuguOgFimm",
      }, "ParsedCmd"),
      bless({
        cmd => "photo",
        defaulted => { titleFile => 1 },
        end => 174,
        index => 26,
        name => 26,
        parsedKeys => bless({
          aFewChars => 26,
          cmd => "photo",
          level => 5,
          name => 26,
          say => 26,
          title => "tuttugu og sex",
          titleFile => "tuttuguOgSex",
          wiki => "https://en.wikipedia.org/wiki/26_(number)",
        }, "ParsedKeys"),
        say => 26,
        start => 170,
        title => "tuttugu og sex",
        titleFile => "tuttuguOgSex",
      }, "ParsedCmd"),
      bless({
        cmd => "photo",
        defaulted => { titleFile => 1 },
        end => 180,
        index => 27,
        name => 27,
        parsedKeys => bless({
          aFewChars => 27,
          cmd => "photo",
          level => 5,
          name => 27,
          say => 27,
          title => "tuttugu og sj\xF6",
          titleFile => "tuttuguOgSj\xF6",
          wiki => "https://en.wikipedia.org/wiki/27_(number)",
        }, "ParsedKeys"),
        say => 27,
        start => 176,
        title => "tuttugu og sj\xF6",
        titleFile => "tuttuguOgSj\xF6",
      }, "ParsedCmd"),
      bless({
        cmd => "photo",
        defaulted => { titleFile => 1 },
        end => 186,
        index => 28,
        name => 28,
        parsedKeys => bless({
          aFewChars => 28,
          cmd => "photo",
          level => 5,
          name => 28,
          say => 28,
          title => "tuttugu og \xE1tta",
          titleFile => "tuttuguOg\xC1tta",
          wiki => "https://en.wikipedia.org/wiki/28_(number)",
        }, "ParsedKeys"),
        say => 28,
        start => 182,
        title => "tuttugu og \xE1tta",
        titleFile => "tuttuguOg\xC1tta",
      }, "ParsedCmd"),
      bless({
        cmd => "photo",
        defaulted => { titleFile => 1 },
        end => 192,
        index => 29,
        name => 29,
        parsedKeys => bless({
          aFewChars => 29,
          cmd => "photo",
          level => 5,
          name => 29,
          say => 29,
          title => "tuttugu og n\xEDu",
          titleFile => "tuttuguOgN\xEDu",
          wiki => "https://en.wikipedia.org/wiki/29_(number)",
        }, "ParsedKeys"),
        say => 29,
        start => 188,
        title => "tuttugu og n\xEDu",
        titleFile => "tuttuguOgN\xEDu",
      }, "ParsedCmd"),
      bless({
        cmd => "photo",
        defaulted => { titleFile => 1 },
        end => 198,
        index => 30,
        name => 30,
        parsedKeys => bless({
          aFewChars => 30,
          cmd => "photo",
          level => 3,
          name => 30,
          say => 30,
          title => "\xFErj\xE1t\xEDu",
          titleFile => "\xFErj\xE1t\xEDu",
          wiki => "https://en.wikipedia.org/wiki/30_(number)",
        }, "ParsedKeys"),
        say => 30,
        start => 194,
        title => "\xFErj\xE1t\xEDu",
        titleFile => "\xFErj\xE1t\xEDu",
      }, "ParsedCmd"),
      bless({
        cmd => "photo",
        defaulted => { titleFile => 1 },
        end => 204,
        index => 31,
        name => 31,
        parsedKeys => bless({
          aFewChars => 31,
          cmd => "photo",
          level => 6,
          name => 31,
          say => 31,
          title => "\xFErj\xE1t\xEDu og einn",
          titleFile => "\xFErj\xE1t\xEDuOgEinn",
          wiki => "https://en.wikipedia.org/wiki/31_(number)",
        }, "ParsedKeys"),
        say => 31,
        start => 200,
        title => "\xFErj\xE1t\xEDu og einn",
        titleFile => "\xFErj\xE1t\xEDuOgEinn",
      }, "ParsedCmd"),
      bless({
        cmd => "photo",
        defaulted => { titleFile => 1 },
        end => 210,
        index => 32,
        name => 32,
        parsedKeys => bless({
          aFewChars => 32,
          cmd => "photo",
          level => 6,
          name => 32,
          say => 32,
          title => "\xDErj\xE1t\xEDu og tveir",
          titleFile => "\xDErj\xE1t\xEDuOgTveir",
          wiki => "https://en.wikipedia.org/wiki/32_(number)",
        }, "ParsedKeys"),
        say => 32,
        start => 206,
        title => "\xDErj\xE1t\xEDu og tveir",
        titleFile => "\xDErj\xE1t\xEDuOgTveir",
      }, "ParsedCmd"),
      bless({
        cmd => "photo",
        defaulted => { titleFile => 1 },
        end => 216,
        index => 33,
        name => 33,
        parsedKeys => bless({
          aFewChars => 33,
          cmd => "photo",
          level => 4,
          name => 33,
          say => 33,
          title => "\xFErj\xE1t\xEDu og \xFEr\xEDr",
          titleFile => "\xFErj\xE1t\xEDuOg\xDEr\xEDr",
          wiki => "https://en.wikipedia.org/wiki/33_(number)",
        }, "ParsedKeys"),
        say => 33,
        start => 212,
        title => "\xFErj\xE1t\xEDu og \xFEr\xEDr",
        titleFile => "\xFErj\xE1t\xEDuOg\xDEr\xEDr",
      }, "ParsedCmd"),
      bless({
        cmd => "photo",
        defaulted => { titleFile => 1 },
        end => 222,
        index => 34,
        name => 34,
        parsedKeys => bless({
          aFewChars => 34,
          cmd => "photo",
          level => 6,
          name => 34,
          say => 34,
          title => "\xFErj\xE1t\xEDu og fj\xF6gur",
          titleFile => "\xFErj\xE1t\xEDuOgFj\xF6gur",
          wiki => "https://en.wikipedia.org/wiki/34_(number)",
        }, "ParsedKeys"),
        say => 34,
        start => 218,
        title => "\xFErj\xE1t\xEDu og fj\xF6gur",
        titleFile => "\xFErj\xE1t\xEDuOgFj\xF6gur",
      }, "ParsedCmd"),
      bless({
        cmd => "photo",
        defaulted => { titleFile => 1 },
        end => 228,
        index => 35,
        name => 35,
        parsedKeys => bless({
          aFewChars => 35,
          cmd => "photo",
          level => 6,
          name => 35,
          say => 35,
          title => "\xFErj\xE1t\xEDu og fimm",
          titleFile => "\xFErj\xE1t\xEDuOgFimm",
          wiki => "https://en.wikipedia.org/wiki/35_(number)",
        }, "ParsedKeys"),
        say => 35,
        start => 224,
        title => "\xFErj\xE1t\xEDu og fimm",
        titleFile => "\xFErj\xE1t\xEDuOgFimm",
      }, "ParsedCmd"),
      bless({
        cmd => "photo",
        defaulted => { titleFile => 1 },
        end => 234,
        index => 36,
        name => 36,
        parsedKeys => bless({
          aFewChars => 36,
          cmd => "photo",
          level => 6,
          name => 36,
          say => 36,
          title => "\xFErj\xE1t\xEDu og sex",
          titleFile => "\xFErj\xE1t\xEDuOgSex",
          wiki => "https://en.wikipedia.org/wiki/36_(number)",
        }, "ParsedKeys"),
        say => 36,
        start => 230,
        title => "\xFErj\xE1t\xEDu og sex",
        titleFile => "\xFErj\xE1t\xEDuOgSex",
      }, "ParsedCmd"),
      bless({
        cmd => "photo",
        defaulted => { titleFile => 1 },
        end => 240,
        index => 37,
        name => 37,
        parsedKeys => bless({
          aFewChars => 37,
          cmd => "photo",
          level => 6,
          name => 37,
          say => 37,
          title => "\xFErj\xE1t\xEDu og sj\xF6",
          titleFile => "\xFErj\xE1t\xEDuOgSj\xF6",
          wiki => "https://en.wikipedia.org/wiki/37_(number)",
        }, "ParsedKeys"),
        say => 37,
        start => 236,
        title => "\xFErj\xE1t\xEDu og sj\xF6",
        titleFile => "\xFErj\xE1t\xEDuOgSj\xF6",
      }, "ParsedCmd"),
      bless({
        cmd => "photo",
        defaulted => { titleFile => 1 },
        end => 246,
        index => 38,
        name => 38,
        parsedKeys => bless({
          aFewChars => 38,
          cmd => "photo",
          level => 6,
          name => 38,
          say => 38,
          title => "\xFErj\xE1t\xEDu og \xE1tta",
          titleFile => "\xFErj\xE1t\xEDuOg\xC1tta",
          wiki => "https://en.wikipedia.org/wiki/38_(number)",
        }, "ParsedKeys"),
        say => 38,
        start => 242,
        title => "\xFErj\xE1t\xEDu og \xE1tta",
        titleFile => "\xFErj\xE1t\xEDuOg\xC1tta",
      }, "ParsedCmd"),
      bless({
        cmd => "photo",
        defaulted => { titleFile => 1 },
        end => 252,
        index => 39,
        name => 39,
        parsedKeys => bless({
          aFewChars => 39,
          cmd => "photo",
          level => 6,
          name => 39,
          say => 39,
          title => "\xFErj\xE1t\xEDu og n\xEDu",
          titleFile => "\xFErj\xE1t\xEDuOgN\xEDu",
          wiki => "https://en.wikipedia.org/wiki/39_(number)",
        }, "ParsedKeys"),
        say => 39,
        start => 248,
        title => "\xFErj\xE1t\xEDu og n\xEDu",
        titleFile => "\xFErj\xE1t\xEDuOgN\xEDu",
      }, "ParsedCmd"),
      bless({
        cmd => "photo",
        defaulted => { titleFile => 1 },
        end => 258,
        index => 40,
        name => 40,
        parsedKeys => bless({
          aFewChars => 40,
          cmd => "photo",
          level => 3,
          name => 40,
          say => 40,
          title => "fj\xF6rut\xEDu",
          titleFile => "fj\xF6rut\xEDu",
          wiki => "https://en.wikipedia.org/wiki/40_(number)",
        }, "ParsedKeys"),
        say => 40,
        start => 254,
        title => "fj\xF6rut\xEDu",
        titleFile => "fj\xF6rut\xEDu",
      }, "ParsedCmd"),
      bless({
        cmd => "photo",
        defaulted => { titleFile => 1 },
        end => 264,
        index => 41,
        name => 41,
        parsedKeys => bless({
          aFewChars => 41,
          cmd => "photo",
          level => 7,
          name => 41,
          say => 41,
          title => "fj\xF6rut\xEDu og einn",
          titleFile => "fj\xF6rut\xEDuOgEinn",
          wiki => "https://en.wikipedia.org/wiki/41_(number)",
        }, "ParsedKeys"),
        say => 41,
        start => 260,
        title => "fj\xF6rut\xEDu og einn",
        titleFile => "fj\xF6rut\xEDuOgEinn",
      }, "ParsedCmd"),
      bless({
        cmd => "photo",
        defaulted => { titleFile => 1 },
        end => 270,
        index => 42,
        name => 42,
        parsedKeys => bless({
          aFewChars => 42,
          cmd => "photo",
          level => 7,
          name => 42,
          say => 42,
          title => "Fj\xF6rut\xEDu og tveir",
          titleFile => "Fj\xF6rut\xEDuOgTveir",
          wiki => "https://en.wikipedia.org/wiki/42_(number)",
        }, "ParsedKeys"),
        say => 42,
        start => 266,
        title => "Fj\xF6rut\xEDu og tveir",
        titleFile => "Fj\xF6rut\xEDuOgTveir",
      }, "ParsedCmd"),
      bless({
        cmd => "photo",
        defaulted => { titleFile => 1 },
        end => 276,
        index => 43,
        name => 43,
        parsedKeys => bless({
          aFewChars => 43,
          cmd => "photo",
          level => 7,
          name => 43,
          say => 43,
          title => "fj\xF6rut\xEDu og \xFEr\xEDr",
          titleFile => "fj\xF6rut\xEDuOg\xDEr\xEDr",
          wiki => "https://en.wikipedia.org/wiki/43_(number)",
        }, "ParsedKeys"),
        say => 43,
        start => 272,
        title => "fj\xF6rut\xEDu og \xFEr\xEDr",
        titleFile => "fj\xF6rut\xEDuOg\xDEr\xEDr",
      }, "ParsedCmd"),
      bless({
        cmd => "photo",
        defaulted => { titleFile => 1 },
        end => 282,
        index => 44,
        name => 44,
        parsedKeys => bless({
          aFewChars => 44,
          cmd => "photo",
          level => 4,
          name => 44,
          say => 44,
          title => "fj\xF6rut\xEDu og fj\xF6gur",
          titleFile => "fj\xF6rut\xEDuOgFj\xF6gur",
          wiki => "https://en.wikipedia.org/wiki/44_(number)",
        }, "ParsedKeys"),
        say => 44,
        start => 278,
        title => "fj\xF6rut\xEDu og fj\xF6gur",
        titleFile => "fj\xF6rut\xEDuOgFj\xF6gur",
      }, "ParsedCmd"),
      bless({
        cmd => "photo",
        defaulted => { titleFile => 1 },
        end => 288,
        index => 45,
        name => 45,
        parsedKeys => bless({
          aFewChars => 45,
          cmd => "photo",
          level => 7,
          name => 45,
          say => 45,
          title => "fj\xF6rut\xEDu og fimm",
          titleFile => "fj\xF6rut\xEDuOgFimm",
          wiki => "https://en.wikipedia.org/wiki/45_(number)",
        }, "ParsedKeys"),
        say => 45,
        start => 284,
        title => "fj\xF6rut\xEDu og fimm",
        titleFile => "fj\xF6rut\xEDuOgFimm",
      }, "ParsedCmd"),
      bless({
        cmd => "photo",
        defaulted => { titleFile => 1 },
        end => 294,
        index => 46,
        name => 46,
        parsedKeys => bless({
          aFewChars => 46,
          cmd => "photo",
          level => 7,
          name => 46,
          say => 46,
          title => "Fj\xF6rut\xEDu og sex",
          titleFile => "Fj\xF6rut\xEDuOgSex",
          wiki => "https://en.wikipedia.org/wiki/46_(number)",
        }, "ParsedKeys"),
        say => 46,
        start => 290,
        title => "Fj\xF6rut\xEDu og sex",
        titleFile => "Fj\xF6rut\xEDuOgSex",
      }, "ParsedCmd"),
      bless({
        cmd => "photo",
        defaulted => { titleFile => 1 },
        end => 300,
        index => 47,
        name => 47,
        parsedKeys => bless({
          aFewChars => 47,
          cmd => "photo",
          level => 7,
          name => 47,
          say => 47,
          title => "fj\xF6rut\xEDu og sj\xF6",
          titleFile => "fj\xF6rut\xEDuOgSj\xF6",
          wiki => "https://en.wikipedia.org/wiki/47_(number)",
        }, "ParsedKeys"),
        say => 47,
        start => 296,
        title => "fj\xF6rut\xEDu og sj\xF6",
        titleFile => "fj\xF6rut\xEDuOgSj\xF6",
      }, "ParsedCmd"),
      bless({
        cmd => "photo",
        defaulted => { titleFile => 1 },
        end => 306,
        index => 48,
        name => 48,
        parsedKeys => bless({
          aFewChars => 48,
          cmd => "photo",
          level => 7,
          name => 48,
          say => 48,
          title => "fj\xF6rut\xEDu og \xE1tta",
          titleFile => "fj\xF6rut\xEDuOg\xC1tta",
          wiki => "https://en.wikipedia.org/wiki/48_(number)",
        }, "ParsedKeys"),
        say => 48,
        start => 302,
        title => "fj\xF6rut\xEDu og \xE1tta",
        titleFile => "fj\xF6rut\xEDuOg\xC1tta",
      }, "ParsedCmd"),
      bless({
        cmd => "photo",
        defaulted => { titleFile => 1 },
        end => 312,
        index => 49,
        name => 49,
        parsedKeys => bless({
          aFewChars => 49,
          cmd => "photo",
          level => 7,
          name => 49,
          say => 49,
          title => "fj\xF6rut\xEDu og n\xEDu",
          titleFile => "fj\xF6rut\xEDuOgN\xEDu",
          wiki => "https://en.wikipedia.org/wiki/49_(number)",
        }, "ParsedKeys"),
        say => 49,
        start => 308,
        title => "fj\xF6rut\xEDu og n\xEDu",
        titleFile => "fj\xF6rut\xEDuOgN\xEDu",
      }, "ParsedCmd"),
      bless({
        cmd => "photo",
        defaulted => { titleFile => 1 },
        end => 318,
        index => 50,
        name => 50,
        parsedKeys => bless({
          aFewChars => 50,
          cmd => "photo",
          level => 3,
          name => 50,
          say => 50,
          title => "fimmt\xEDu",
          titleFile => "fimmt\xEDu",
          wiki => "https://en.wikipedia.org/wiki/50_(number)",
        }, "ParsedKeys"),
        say => 50,
        start => 314,
        title => "fimmt\xEDu",
        titleFile => "fimmt\xEDu",
      }, "ParsedCmd"),
      bless({
        cmd => "photo",
        defaulted => { titleFile => 1 },
        end => 324,
        index => 51,
        name => 51,
        parsedKeys => bless({
          aFewChars => 51,
          cmd => "photo",
          level => 8,
          name => 51,
          say => 51,
          title => "fimmt\xEDu og einn",
          titleFile => "fimmt\xEDuOgEinn",
          wiki => "https://en.wikipedia.org/wiki/51_(number)",
        }, "ParsedKeys"),
        say => 51,
        start => 320,
        title => "fimmt\xEDu og einn",
        titleFile => "fimmt\xEDuOgEinn",
      }, "ParsedCmd"),
      bless({
        cmd => "photo",
        defaulted => { titleFile => 1 },
        end => 330,
        index => 52,
        name => 52,
        parsedKeys => bless({
          aFewChars => 52,
          cmd => "photo",
          level => 8,
          name => 52,
          say => 52,
          title => "fimmt\xEDu og tveir",
          titleFile => "fimmt\xEDuOgTveir",
          wiki => "https://en.wikipedia.org/wiki/52_(number)",
        }, "ParsedKeys"),
        say => 52,
        start => 326,
        title => "fimmt\xEDu og tveir",
        titleFile => "fimmt\xEDuOgTveir",
      }, "ParsedCmd"),
      bless({
        cmd => "photo",
        defaulted => { titleFile => 1 },
        end => 336,
        index => 53,
        name => 53,
        parsedKeys => bless({
          aFewChars => 53,
          cmd => "photo",
          level => 8,
          name => 53,
          say => 53,
          title => "fimmt\xEDu og \xFEr\xEDr",
          titleFile => "fimmt\xEDuOg\xDEr\xEDr",
          wiki => "https://en.wikipedia.org/wiki/53_(number)",
        }, "ParsedKeys"),
        say => 53,
        start => 332,
        title => "fimmt\xEDu og \xFEr\xEDr",
        titleFile => "fimmt\xEDuOg\xDEr\xEDr",
      }, "ParsedCmd"),
      bless({
        cmd => "photo",
        defaulted => { titleFile => 1 },
        end => 342,
        index => 54,
        name => 54,
        parsedKeys => bless({
          aFewChars => 54,
          cmd => "photo",
          level => 8,
          name => 54,
          say => 54,
          title => "fimmt\xEDu og fj\xF6gur",
          titleFile => "fimmt\xEDuOgFj\xF6gur",
          wiki => "https://en.wikipedia.org/wiki/54_(number)",
        }, "ParsedKeys"),
        say => 54,
        start => 338,
        title => "fimmt\xEDu og fj\xF6gur",
        titleFile => "fimmt\xEDuOgFj\xF6gur",
      }, "ParsedCmd"),
      bless({
        cmd => "photo",
        defaulted => { titleFile => 1 },
        end => 348,
        index => 55,
        name => 55,
        parsedKeys => bless({
          aFewChars => 55,
          cmd => "photo",
          level => 4,
          name => 55,
          say => 55,
          title => "fimmt\xEDu og fimm",
          titleFile => "fimmt\xEDuOgFimm",
          wiki => "https://en.wikipedia.org/wiki/55_(number)",
        }, "ParsedKeys"),
        say => 55,
        start => 344,
        title => "fimmt\xEDu og fimm",
        titleFile => "fimmt\xEDuOgFimm",
      }, "ParsedCmd"),
      bless({
        cmd => "photo",
        defaulted => { titleFile => 1 },
        end => 354,
        index => 56,
        name => 56,
        parsedKeys => bless({
          aFewChars => 56,
          cmd => "photo",
          level => 8,
          name => 56,
          say => 56,
          title => "fimmt\xEDu og sex",
          titleFile => "fimmt\xEDuOgSex",
          wiki => "https://en.wikipedia.org/wiki/56_(number)",
        }, "ParsedKeys"),
        say => 56,
        start => 350,
        title => "fimmt\xEDu og sex",
        titleFile => "fimmt\xEDuOgSex",
      }, "ParsedCmd"),
      bless({
        cmd => "photo",
        defaulted => { titleFile => 1 },
        end => 360,
        index => 57,
        name => 57,
        parsedKeys => bless({
          aFewChars => 57,
          cmd => "photo",
          level => 8,
          name => 57,
          say => 57,
          title => "fimmt\xEDu og sj\xF6",
          titleFile => "fimmt\xEDuOgSj\xF6",
          wiki => "https://en.wikipedia.org/wiki/57_(number)",
        }, "ParsedKeys"),
        say => 57,
        start => 356,
        title => "fimmt\xEDu og sj\xF6",
        titleFile => "fimmt\xEDuOgSj\xF6",
      }, "ParsedCmd"),
      bless({
        cmd => "photo",
        defaulted => { titleFile => 1 },
        end => 366,
        index => 58,
        name => 58,
        parsedKeys => bless({
          aFewChars => 58,
          cmd => "photo",
          level => 8,
          name => 58,
          say => 58,
          title => "fimmt\xEDu og \xE1tta",
          titleFile => "fimmt\xEDuOg\xC1tta",
          wiki => "https://en.wikipedia.org/wiki/58_(number)",
        }, "ParsedKeys"),
        say => 58,
        start => 362,
        title => "fimmt\xEDu og \xE1tta",
        titleFile => "fimmt\xEDuOg\xC1tta",
      }, "ParsedCmd"),
      bless({
        cmd => "photo",
        defaulted => { titleFile => 1 },
        end => 372,
        index => 59,
        name => 59,
        parsedKeys => bless({
          aFewChars => 59,
          cmd => "photo",
          level => 8,
          name => 59,
          say => 59,
          title => "fimmt\xEDu og n\xEDu",
          titleFile => "fimmt\xEDuOgN\xEDu",
          wiki => "https://en.wikipedia.org/wiki/59_(number)",
        }, "ParsedKeys"),
        say => 59,
        start => 368,
        title => "fimmt\xEDu og n\xEDu",
        titleFile => "fimmt\xEDuOgN\xEDu",
      }, "ParsedCmd"),
      bless({
        cmd => "photo",
        defaulted => { titleFile => 1 },
        end => 378,
        index => 60,
        name => 60,
        parsedKeys => bless({
          aFewChars => 60,
          cmd => "photo",
          level => 3,
          name => 60,
          say => 60,
          title => "sext\xEDu",
          titleFile => "sext\xEDu",
          wiki => "https://en.wikipedia.org/wiki/60_(number)",
        }, "ParsedKeys"),
        say => 60,
        start => 374,
        title => "sext\xEDu",
        titleFile => "sext\xEDu",
      }, "ParsedCmd"),
      bless({
        cmd => "photo",
        defaulted => { titleFile => 1 },
        end => 384,
        index => 61,
        name => 61,
        parsedKeys => bless({
          aFewChars => 61,
          cmd => "photo",
          level => 9,
          name => 61,
          say => 61,
          title => "sext\xEDu og einn",
          titleFile => "sext\xEDuOgEinn",
          wiki => "https://en.wikipedia.org/wiki/61_(number)",
        }, "ParsedKeys"),
        say => 61,
        start => 380,
        title => "sext\xEDu og einn",
        titleFile => "sext\xEDuOgEinn",
      }, "ParsedCmd"),
      bless({
        cmd => "photo",
        defaulted => { titleFile => 1 },
        end => 390,
        index => 62,
        name => 62,
        parsedKeys => bless({
          aFewChars => 62,
          cmd => "photo",
          level => 9,
          name => 62,
          say => 62,
          title => "sext\xEDu og tveir",
          titleFile => "sext\xEDuOgTveir",
          wiki => "https://en.wikipedia.org/wiki/62_(number)",
        }, "ParsedKeys"),
        say => 62,
        start => 386,
        title => "sext\xEDu og tveir",
        titleFile => "sext\xEDuOgTveir",
      }, "ParsedCmd"),
      bless({
        cmd => "photo",
        defaulted => { titleFile => 1 },
        end => 396,
        index => 63,
        name => 63,
        parsedKeys => bless({
          aFewChars => 63,
          cmd => "photo",
          level => 9,
          name => 63,
          say => 63,
          title => "sext\xEDu og \xFEr\xEDr",
          titleFile => "sext\xEDuOg\xDEr\xEDr",
          wiki => "https://en.wikipedia.org/wiki/63_(number)",
        }, "ParsedKeys"),
        say => 63,
        start => 392,
        title => "sext\xEDu og \xFEr\xEDr",
        titleFile => "sext\xEDuOg\xDEr\xEDr",
      }, "ParsedCmd"),
      bless({
        cmd => "photo",
        defaulted => { titleFile => 1 },
        end => 402,
        index => 64,
        name => 64,
        parsedKeys => bless({
          aFewChars => 64,
          cmd => "photo",
          level => 9,
          name => 64,
          say => 64,
          title => "sext\xEDu og fj\xF6gur",
          titleFile => "sext\xEDuOgFj\xF6gur",
          wiki => "https://en.wikipedia.org/wiki/64_(number)",
        }, "ParsedKeys"),
        say => 64,
        start => 398,
        title => "sext\xEDu og fj\xF6gur",
        titleFile => "sext\xEDuOgFj\xF6gur",
      }, "ParsedCmd"),
      bless({
        cmd => "photo",
        defaulted => { titleFile => 1 },
        end => 408,
        index => 65,
        name => 65,
        parsedKeys => bless({
          aFewChars => 65,
          cmd => "photo",
          level => 9,
          name => 65,
          say => 65,
          title => "sext\xEDu og fimm",
          titleFile => "sext\xEDuOgFimm",
          wiki => "https://en.wikipedia.org/wiki/65_(number)",
        }, "ParsedKeys"),
        say => 65,
        start => 404,
        title => "sext\xEDu og fimm",
        titleFile => "sext\xEDuOgFimm",
      }, "ParsedCmd"),
      bless({
        cmd => "photo",
        defaulted => { titleFile => 1 },
        end => 414,
        index => 66,
        name => 66,
        parsedKeys => bless({
          aFewChars => 66,
          cmd => "photo",
          level => 4,
          name => 66,
          say => 66,
          title => "sext\xEDu og sex",
          titleFile => "sext\xEDuOgSex",
          wiki => "https://en.wikipedia.org/wiki/66_(number)",
        }, "ParsedKeys"),
        say => 66,
        start => 410,
        title => "sext\xEDu og sex",
        titleFile => "sext\xEDuOgSex",
      }, "ParsedCmd"),
      bless({
        cmd => "photo",
        defaulted => { titleFile => 1 },
        end => 420,
        index => 67,
        name => 67,
        parsedKeys => bless({
          aFewChars => 67,
          cmd => "photo",
          level => 9,
          name => 67,
          say => 67,
          title => "Sext\xEDu og sj\xF6",
          titleFile => "Sext\xEDuOgSj\xF6",
          wiki => "https://en.wikipedia.org/wiki/67_(number)",
        }, "ParsedKeys"),
        say => 67,
        start => 416,
        title => "Sext\xEDu og sj\xF6",
        titleFile => "Sext\xEDuOgSj\xF6",
      }, "ParsedCmd"),
      bless({
        cmd => "photo",
        defaulted => { titleFile => 1 },
        end => 426,
        index => 68,
        name => 68,
        parsedKeys => bless({
          aFewChars => 68,
          cmd => "photo",
          level => 9,
          name => 68,
          say => 68,
          title => "sext\xEDu og \xE1tta",
          titleFile => "sext\xEDuOg\xC1tta",
          wiki => "https://en.wikipedia.org/wiki/68_(number)",
        }, "ParsedKeys"),
        say => 68,
        start => 422,
        title => "sext\xEDu og \xE1tta",
        titleFile => "sext\xEDuOg\xC1tta",
      }, "ParsedCmd"),
      bless({
        cmd => "photo",
        defaulted => { titleFile => 1 },
        end => 432,
        index => 69,
        name => 69,
        parsedKeys => bless({
          aFewChars => 69,
          cmd => "photo",
          level => 9,
          name => 69,
          say => 69,
          title => "sext\xEDu og n\xEDu",
          titleFile => "sext\xEDuOgN\xEDu",
          wiki => "https://en.wikipedia.org/wiki/69_(number)",
        }, "ParsedKeys"),
        say => 69,
        start => 428,
        title => "sext\xEDu og n\xEDu",
        titleFile => "sext\xEDuOgN\xEDu",
      }, "ParsedCmd"),
      bless({
        cmd => "photo",
        defaulted => { titleFile => 1 },
        end => 438,
        index => 70,
        name => 70,
        parsedKeys => bless({
          aFewChars => 70,
          cmd => "photo",
          level => 3,
          name => 70,
          say => 70,
          title => "sj\xF6t\xEDu",
          titleFile => "sj\xF6t\xEDu",
          wiki => "https://en.wikipedia.org/wiki/70_(number)",
        }, "ParsedKeys"),
        say => 70,
        start => 434,
        title => "sj\xF6t\xEDu",
        titleFile => "sj\xF6t\xEDu",
      }, "ParsedCmd"),
      bless({
        cmd => "photo",
        defaulted => { titleFile => 1 },
        end => 444,
        index => 71,
        name => 71,
        parsedKeys => bless({
          aFewChars => 71,
          cmd => "photo",
          level => 9,
          name => 71,
          say => 71,
          title => "sj\xF6t\xEDu og einn",
          titleFile => "sj\xF6t\xEDuOgEinn",
          wiki => "https://en.wikipedia.org/wiki/71_(number)",
        }, "ParsedKeys"),
        say => 71,
        start => 440,
        title => "sj\xF6t\xEDu og einn",
        titleFile => "sj\xF6t\xEDuOgEinn",
      }, "ParsedCmd"),
      bless({
        cmd => "photo",
        defaulted => { titleFile => 1 },
        end => 450,
        index => 72,
        name => 72,
        parsedKeys => bless({
          aFewChars => 72,
          cmd => "photo",
          level => 9,
          name => 72,
          say => 72,
          title => "sj\xF6t\xEDu og tveir",
          titleFile => "sj\xF6t\xEDuOgTveir",
          wiki => "https://en.wikipedia.org/wiki/72_(number)",
        }, "ParsedKeys"),
        say => 72,
        start => 446,
        title => "sj\xF6t\xEDu og tveir",
        titleFile => "sj\xF6t\xEDuOgTveir",
      }, "ParsedCmd"),
      bless({
        cmd => "photo",
        defaulted => { titleFile => 1 },
        end => 456,
        index => 73,
        name => 73,
        parsedKeys => bless({
          aFewChars => 73,
          cmd => "photo",
          level => 9,
          name => 73,
          say => 73,
          title => "sj\xF6t\xEDu og \xFEr\xEDr",
          titleFile => "sj\xF6t\xEDuOg\xDEr\xEDr",
          wiki => "https://en.wikipedia.org/wiki/73_(number)",
        }, "ParsedKeys"),
        say => 73,
        start => 452,
        title => "sj\xF6t\xEDu og \xFEr\xEDr",
        titleFile => "sj\xF6t\xEDuOg\xDEr\xEDr",
      }, "ParsedCmd"),
      bless({
        cmd => "photo",
        defaulted => { titleFile => 1 },
        end => 462,
        index => 74,
        name => 74,
        parsedKeys => bless({
          aFewChars => 74,
          cmd => "photo",
          level => 9,
          name => 74,
          say => 74,
          title => "sj\xF6t\xEDu og fj\xF6gur",
          titleFile => "sj\xF6t\xEDuOgFj\xF6gur",
          wiki => "https://en.wikipedia.org/wiki/74_(number)",
        }, "ParsedKeys"),
        say => 74,
        start => 458,
        title => "sj\xF6t\xEDu og fj\xF6gur",
        titleFile => "sj\xF6t\xEDuOgFj\xF6gur",
      }, "ParsedCmd"),
      bless({
        cmd => "photo",
        defaulted => { titleFile => 1 },
        end => 468,
        index => 75,
        name => 75,
        parsedKeys => bless({
          aFewChars => 75,
          cmd => "photo",
          level => 9,
          name => 75,
          say => 75,
          title => "sj\xF6t\xEDu og fimm",
          titleFile => "sj\xF6t\xEDuOgFimm",
          wiki => "https://en.wikipedia.org/wiki/75_(number)",
        }, "ParsedKeys"),
        say => 75,
        start => 464,
        title => "sj\xF6t\xEDu og fimm",
        titleFile => "sj\xF6t\xEDuOgFimm",
      }, "ParsedCmd"),
      bless({
        cmd => "photo",
        defaulted => { titleFile => 1 },
        end => 474,
        index => 76,
        name => 76,
        parsedKeys => bless({
          aFewChars => 76,
          cmd => "photo",
          level => 9,
          name => 76,
          say => 76,
          title => "sj\xF6t\xEDu og sex",
          titleFile => "sj\xF6t\xEDuOgSex",
          wiki => "https://en.wikipedia.org/wiki/76_(number)",
        }, "ParsedKeys"),
        say => 76,
        start => 470,
        title => "sj\xF6t\xEDu og sex",
        titleFile => "sj\xF6t\xEDuOgSex",
      }, "ParsedCmd"),
      bless({
        cmd => "photo",
        defaulted => { titleFile => 1 },
        end => 480,
        index => 77,
        name => 77,
        parsedKeys => bless({
          aFewChars => 77,
          cmd => "photo",
          level => 4,
          name => 77,
          say => 77,
          title => "sj\xF6t\xEDu og sj\xF6",
          titleFile => "sj\xF6t\xEDuOgSj\xF6",
          wiki => "https://en.wikipedia.org/wiki/77_(number)",
        }, "ParsedKeys"),
        say => 77,
        start => 476,
        title => "sj\xF6t\xEDu og sj\xF6",
        titleFile => "sj\xF6t\xEDuOgSj\xF6",
      }, "ParsedCmd"),
      bless({
        cmd => "photo",
        defaulted => { titleFile => 1 },
        end => 486,
        index => 78,
        name => 78,
        parsedKeys => bless({
          aFewChars => 78,
          cmd => "photo",
          level => 9,
          name => 78,
          say => 78,
          title => "sj\xF6t\xEDu og \xE1tta",
          titleFile => "sj\xF6t\xEDuOg\xC1tta",
          wiki => "https://en.wikipedia.org/wiki/78_(number)",
        }, "ParsedKeys"),
        say => 78,
        start => 482,
        title => "sj\xF6t\xEDu og \xE1tta",
        titleFile => "sj\xF6t\xEDuOg\xC1tta",
      }, "ParsedCmd"),
      bless({
        cmd => "photo",
        defaulted => { titleFile => 1 },
        end => 492,
        index => 79,
        name => 79,
        parsedKeys => bless({
          aFewChars => 79,
          cmd => "photo",
          level => 9,
          name => 79,
          say => 79,
          title => "sj\xF6t\xEDu og n\xEDu",
          titleFile => "sj\xF6t\xEDuOgN\xEDu",
          wiki => "https://en.wikipedia.org/wiki/79_(number)",
        }, "ParsedKeys"),
        say => 79,
        start => 488,
        title => "sj\xF6t\xEDu og n\xEDu",
        titleFile => "sj\xF6t\xEDuOgN\xEDu",
      }, "ParsedCmd"),
      bless({
        cmd => "photo",
        defaulted => { titleFile => 1 },
        end => 498,
        index => 80,
        name => 80,
        parsedKeys => bless({
          aFewChars => 80,
          cmd => "photo",
          level => 3,
          name => 80,
          say => 80,
          title => "\xE1ttat\xEDu",
          titleFile => "\xE1ttat\xEDu",
          wiki => "https://en.wikipedia.org/wiki/80_(number)",
        }, "ParsedKeys"),
        say => 80,
        start => 494,
        title => "\xE1ttat\xEDu",
        titleFile => "\xE1ttat\xEDu",
      }, "ParsedCmd"),
      bless({
        cmd => "photo",
        defaulted => { titleFile => 1 },
        end => 504,
        index => 81,
        name => 81,
        parsedKeys => bless({
          aFewChars => 81,
          cmd => "photo",
          level => 10,
          name => 81,
          say => 81,
          title => "\xE1ttat\xEDu og einn",
          titleFile => "\xE1ttat\xEDuOgEinn",
          wiki => "https://en.wikipedia.org/wiki/81_(number)",
        }, "ParsedKeys"),
        say => 81,
        start => 500,
        title => "\xE1ttat\xEDu og einn",
        titleFile => "\xE1ttat\xEDuOgEinn",
      }, "ParsedCmd"),
      bless({
        cmd => "photo",
        defaulted => { titleFile => 1 },
        end => 510,
        index => 82,
        name => 82,
        parsedKeys => bless({
          aFewChars => 82,
          cmd => "photo",
          level => 10,
          name => 82,
          say => 82,
          title => "attat\xEDu og tveir",
          titleFile => "attat\xEDuOgTveir",
          wiki => "https://en.wikipedia.org/wiki/82_(number)",
        }, "ParsedKeys"),
        say => 82,
        start => 506,
        title => "attat\xEDu og tveir",
        titleFile => "attat\xEDuOgTveir",
      }, "ParsedCmd"),
      bless({
        cmd => "photo",
        defaulted => { titleFile => 1 },
        end => 516,
        index => 83,
        name => 83,
        parsedKeys => bless({
          aFewChars => 83,
          cmd => "photo",
          level => 10,
          name => 83,
          say => 83,
          title => "\xE1ttat\xEDu og \xFEr\xEDr",
          titleFile => "\xE1ttat\xEDuOg\xDEr\xEDr",
          wiki => "https://en.wikipedia.org/wiki/83_(number)",
        }, "ParsedKeys"),
        say => 83,
        start => 512,
        title => "\xE1ttat\xEDu og \xFEr\xEDr",
        titleFile => "\xE1ttat\xEDuOg\xDEr\xEDr",
      }, "ParsedCmd"),
      bless({
        cmd => "photo",
        defaulted => { titleFile => 1 },
        end => 522,
        index => 84,
        name => 84,
        parsedKeys => bless({
          aFewChars => 84,
          cmd => "photo",
          level => 10,
          name => 84,
          say => 84,
          title => "\xE1ttat\xEDu og fj\xF6gur",
          titleFile => "\xE1ttat\xEDuOgFj\xF6gur",
          wiki => "https://en.wikipedia.org/wiki/84_(number)",
        }, "ParsedKeys"),
        say => 84,
        start => 518,
        title => "\xE1ttat\xEDu og fj\xF6gur",
        titleFile => "\xE1ttat\xEDuOgFj\xF6gur",
      }, "ParsedCmd"),
      bless({
        cmd => "photo",
        defaulted => { titleFile => 1 },
        end => 528,
        index => 85,
        name => 85,
        parsedKeys => bless({
          aFewChars => 85,
          cmd => "photo",
          level => 10,
          name => 85,
          say => 85,
          title => "\xE1ttat\xEDu og fimm",
          titleFile => "\xE1ttat\xEDuOgFimm",
          wiki => "https://en.wikipedia.org/wiki/85_(number)",
        }, "ParsedKeys"),
        say => 85,
        start => 524,
        title => "\xE1ttat\xEDu og fimm",
        titleFile => "\xE1ttat\xEDuOgFimm",
      }, "ParsedCmd"),
      bless({
        cmd => "photo",
        defaulted => { titleFile => 1 },
        end => 534,
        index => 86,
        name => 86,
        parsedKeys => bless({
          aFewChars => 86,
          cmd => "photo",
          level => 10,
          name => 86,
          say => 86,
          title => "\xE1ttat\xEDu og sex",
          titleFile => "\xE1ttat\xEDuOgSex",
          wiki => "https://en.wikipedia.org/wiki/86_(number)",
        }, "ParsedKeys"),
        say => 86,
        start => 530,
        title => "\xE1ttat\xEDu og sex",
        titleFile => "\xE1ttat\xEDuOgSex",
      }, "ParsedCmd"),
      bless({
        cmd => "photo",
        defaulted => { titleFile => 1 },
        end => 540,
        index => 87,
        name => 87,
        parsedKeys => bless({
          aFewChars => 87,
          cmd => "photo",
          level => 10,
          name => 87,
          say => 87,
          title => "\xE1ttat\xEDu og sj\xF6",
          titleFile => "\xE1ttat\xEDuOgSj\xF6",
          wiki => "https://en.wikipedia.org/wiki/87_(number)",
        }, "ParsedKeys"),
        say => 87,
        start => 536,
        title => "\xE1ttat\xEDu og sj\xF6",
        titleFile => "\xE1ttat\xEDuOgSj\xF6",
      }, "ParsedCmd"),
      bless({
        cmd => "photo",
        defaulted => { titleFile => 1 },
        end => 546,
        index => 88,
        name => 88,
        parsedKeys => bless({
          aFewChars => 88,
          cmd => "photo",
          level => 4,
          name => 88,
          say => 88,
          title => "\xE1ttat\xEDu og \xE1tta",
          titleFile => "\xE1ttat\xEDuOg\xC1tta",
          wiki => "https://en.wikipedia.org/wiki/88_(number)",
        }, "ParsedKeys"),
        say => 88,
        start => 542,
        title => "\xE1ttat\xEDu og \xE1tta",
        titleFile => "\xE1ttat\xEDuOg\xC1tta",
      }, "ParsedCmd"),
      bless({
        cmd => "photo",
        defaulted => { titleFile => 1 },
        end => 552,
        index => 89,
        name => 89,
        parsedKeys => bless({
          aFewChars => 89,
          cmd => "photo",
          level => 10,
          name => 89,
          say => 89,
          title => "attat\xEDu og n\xEDu",
          titleFile => "attat\xEDuOgN\xEDu",
          wiki => "https://en.wikipedia.org/wiki/89_(number)",
        }, "ParsedKeys"),
        say => 89,
        start => 548,
        title => "attat\xEDu og n\xEDu",
        titleFile => "attat\xEDuOgN\xEDu",
      }, "ParsedCmd"),
      bless({
        cmd => "photo",
        defaulted => { titleFile => 1 },
        end => 558,
        index => 90,
        name => 90,
        parsedKeys => bless({
          aFewChars => 90,
          cmd => "photo",
          level => 3,
          name => 90,
          say => 90,
          title => "n\xEDut\xEDu",
          titleFile => "n\xEDut\xEDu",
          wiki => "https://en.wikipedia.org/wiki/90_(number)",
        }, "ParsedKeys"),
        say => 90,
        start => 554,
        title => "n\xEDut\xEDu",
        titleFile => "n\xEDut\xEDu",
      }, "ParsedCmd"),
      bless({
        cmd => "photo",
        defaulted => { titleFile => 1 },
        end => 564,
        index => 91,
        name => 91,
        parsedKeys => bless({
          aFewChars => 91,
          cmd => "photo",
          level => 10,
          name => 91,
          say => 91,
          title => "n\xEDut\xEDu og einn",
          titleFile => "n\xEDut\xEDuOgEinn",
          wiki => "https://en.wikipedia.org/wiki/91_(number)",
        }, "ParsedKeys"),
        say => 91,
        start => 560,
        title => "n\xEDut\xEDu og einn",
        titleFile => "n\xEDut\xEDuOgEinn",
      }, "ParsedCmd"),
      bless({
        cmd => "photo",
        defaulted => { titleFile => 1 },
        end => 570,
        index => 92,
        name => 92,
        parsedKeys => bless({
          aFewChars => 92,
          cmd => "photo",
          level => 10,
          name => 92,
          say => 92,
          title => "n\xEDut\xEDu og tveir",
          titleFile => "n\xEDut\xEDuOgTveir",
          wiki => "https://en.wikipedia.org/wiki/92_(number)",
        }, "ParsedKeys"),
        say => 92,
        start => 566,
        title => "n\xEDut\xEDu og tveir",
        titleFile => "n\xEDut\xEDuOgTveir",
      }, "ParsedCmd"),
      bless({
        cmd => "photo",
        defaulted => { titleFile => 1 },
        end => 576,
        index => 93,
        name => 93,
        parsedKeys => bless({
          aFewChars => 93,
          cmd => "photo",
          level => 10,
          name => 93,
          say => 93,
          title => "n\xEDut\xEDu og \xFEr\xEDr",
          titleFile => "n\xEDut\xEDuOg\xDEr\xEDr",
          wiki => "https://en.wikipedia.org/wiki/93_(number)",
        }, "ParsedKeys"),
        say => 93,
        start => 572,
        title => "n\xEDut\xEDu og \xFEr\xEDr",
        titleFile => "n\xEDut\xEDuOg\xDEr\xEDr",
      }, "ParsedCmd"),
      bless({
        cmd => "photo",
        defaulted => { titleFile => 1 },
        end => 582,
        index => 94,
        name => 94,
        parsedKeys => bless({
          aFewChars => 94,
          cmd => "photo",
          level => 10,
          name => 94,
          say => 94,
          title => "n\xEDut\xEDu og fj\xF6gur",
          titleFile => "n\xEDut\xEDuOgFj\xF6gur",
          wiki => "https://en.wikipedia.org/wiki/94_(number)",
        }, "ParsedKeys"),
        say => 94,
        start => 578,
        title => "n\xEDut\xEDu og fj\xF6gur",
        titleFile => "n\xEDut\xEDuOgFj\xF6gur",
      }, "ParsedCmd"),
      bless({
        cmd => "photo",
        defaulted => { titleFile => 1 },
        end => 588,
        index => 95,
        name => 95,
        parsedKeys => bless({
          aFewChars => 95,
          cmd => "photo",
          level => 10,
          name => 95,
          say => 95,
          title => "n\xEDut\xEDu og fimm",
          titleFile => "n\xEDut\xEDuOgFimm",
          wiki => "https://en.wikipedia.org/wiki/95_(number)",
        }, "ParsedKeys"),
        say => 95,
        start => 584,
        title => "n\xEDut\xEDu og fimm",
        titleFile => "n\xEDut\xEDuOgFimm",
      }, "ParsedCmd"),
      bless({
        cmd => "photo",
        defaulted => { titleFile => 1 },
        end => 594,
        index => 96,
        name => 96,
        parsedKeys => bless({
          aFewChars => 96,
          cmd => "photo",
          level => 10,
          name => 96,
          say => 96,
          title => "n\xEDut\xEDu og sex",
          titleFile => "n\xEDut\xEDuOgSex",
          wiki => "https://en.wikipedia.org/wiki/96_(number)",
        }, "ParsedKeys"),
        say => 96,
        start => 590,
        title => "n\xEDut\xEDu og sex",
        titleFile => "n\xEDut\xEDuOgSex",
      }, "ParsedCmd"),
      bless({
        cmd => "photo",
        defaulted => { titleFile => 1 },
        end => 600,
        index => 97,
        name => 97,
        parsedKeys => bless({
          aFewChars => 97,
          cmd => "photo",
          level => 10,
          name => 97,
          say => 97,
          title => "N\xEDut\xEDu og sj\xF6",
          titleFile => "N\xEDut\xEDuOgSj\xF6",
          wiki => "https://en.wikipedia.org/wiki/97_(number)",
        }, "ParsedKeys"),
        say => 97,
        start => 596,
        title => "N\xEDut\xEDu og sj\xF6",
        titleFile => "N\xEDut\xEDuOgSj\xF6",
      }, "ParsedCmd"),
      bless({
        cmd => "photo",
        defaulted => { titleFile => 1 },
        end => 606,
        index => 98,
        name => 98,
        parsedKeys => bless({
          aFewChars => 98,
          cmd => "photo",
          level => 10,
          name => 98,
          say => 98,
          title => "n\xEDut\xEDu og \xE1tta",
          titleFile => "n\xEDut\xEDuOg\xC1tta",
          wiki => "https://en.wikipedia.org/wiki/98_(number)",
        }, "ParsedKeys"),
        say => 98,
        start => 602,
        title => "n\xEDut\xEDu og \xE1tta",
        titleFile => "n\xEDut\xEDuOg\xC1tta",
      }, "ParsedCmd"),
      bless({
        cmd => "photo",
        defaulted => { titleFile => 1 },
        end => 612,
        index => 99,
        name => 99,
        parsedKeys => bless({
          aFewChars => 99,
          cmd => "photo",
          level => 4,
          name => 99,
          say => 99,
          title => "n\xEDut\xEDu og n\xEDu",
          titleFile => "n\xEDut\xEDuOgN\xEDu",
          wiki => "https://en.wikipedia.org/wiki/99_(number)",
        }, "ParsedKeys"),
        say => 99,
        start => 608,
        title => "n\xEDut\xEDu og n\xEDu",
        titleFile => "n\xEDut\xEDuOgN\xEDu",
      }, "ParsedCmd"),
      bless({
        cmd => "photo",
        defaulted => { titleFile => 1 },
        end => 618,
        index => 100,
        name => 100,
        parsedKeys => bless({
          aFewChars => 100,
          cmd => "photo",
          level => 3,
          name => 100,
          say => 100,
          title => "hundra\xF0",
          titleFile => "hundra\xF0",
          wiki => "https://en.wikipedia.org/wiki/100_(number)",
        }, "ParsedKeys"),
        say => 100,
        start => 614,
        title => "hundra\xF0",
        titleFile => "hundra\xF0",
      }, "ParsedCmd"),
    ],
    project => "philiprbrenan/100/l/is",
    source => "app 100.l.is    = The Numbers from 0 to 100 in Icelandic\n  description   = Learn to recognize and say the Numbers from 0 to 100 in spoken Icelandic\n  ordered       = finally\n  icon          = icon.png\n  maxImages     = 12\n  author        = philiprbrenan\n  email         = philiprbrenan\@gmail.com\n  emphasis      = 3\n  language      = is \n  full_name_on_google_play = com.appaapps.photoapp.is100                                           # The original names of these apps when they were all inspearate repositories on Github instead of just one as they are now\n  version       = 2017-12-28 at 19:06:29\n\n\nphoto 0 = n\xFAll\n  afewchars = 0\n  level     = 1\n  say       = 0\n  wiki      = https://en.wikipedia.org/wiki/0_(number)\n\nphoto 1 = einn\n  afewchars = 1\n  level     = 1\n  say       = 1\n  wiki      = https://en.wikipedia.org/wiki/1_(number)\n\nphoto 2 = tveir\n  afewchars = 2\n  level     = 1\n  say       = 2\n  wiki      = https://en.wikipedia.org/wiki/2_(number)\n\nphoto 3 = \xFEr\xEDr\n  afewchars = 3\n  level     = 1\n  say       = 3\n  wiki      = https://en.wikipedia.org/wiki/3_(number)\n\nphoto 4 = fj\xF3rir\n  afewchars = 4\n  level     = 1\n  say       = 4\n  wiki      = https://en.wikipedia.org/wiki/4_(number)\n\nphoto 5 = fimm\n  afewchars = 5\n  level     = 1\n  say       = 5\n  wiki      = https://en.wikipedia.org/wiki/5_(number)\n\nphoto 6 = sex\n  afewchars = 6\n  level     = 1\n  say       = 6\n  wiki      = https://en.wikipedia.org/wiki/6_(number)\n\nphoto 7 = sj\xF6\n  afewchars = 7\n  level     = 1\n  say       = 7\n  wiki      = https://en.wikipedia.org/wiki/7_(number)\n\nphoto 8 = \xE1tta\n  afewchars = 8\n  level     = 1\n  say       = 8\n  wiki      = https://en.wikipedia.org/wiki/8_(number)\n\nphoto 9 = n\xEDu\n  afewchars = 9\n  level     = 1\n  say       = 9\n  wiki      = https://en.wikipedia.org/wiki/9_(number)\n\nphoto 10 = t\xEDu\n  afewchars = 10\n  level     = 2\n  say       = 10\n  wiki      = https://en.wikipedia.org/wiki/10_(number)\n\nphoto 11 = ellefu\n  afewchars = 11\n  level     = 2\n  say       = 11\n  wiki      = https://en.wikipedia.org/wiki/11_(number)\n\nphoto 12 = t\xF3lf\n  afewchars = 12\n  level     = 2\n  say       = 12\n  wiki      = https://en.wikipedia.org/wiki/12_(number)\n\nphoto 13 = \xFErett\xE1n\n  afewchars = 13\n  level     = 2\n  say       = 13\n  wiki      = https://en.wikipedia.org/wiki/13_(number)\n\nphoto 14 = fj\xF3rt\xE1n\n  afewchars = 14\n  level     = 2\n  say       = 14\n  wiki      = https://en.wikipedia.org/wiki/14_(number)\n\nphoto 15 = fimmt\xE1n\n  afewchars = 15\n  level     = 2\n  say       = 15\n  wiki      = https://en.wikipedia.org/wiki/15_(number)\n\nphoto 16 = sext\xE1n\n  afewchars = 16\n  level     = 2\n  say       = 16\n  wiki      = https://en.wikipedia.org/wiki/16_(number)\n\nphoto 17 = sautj\xE1n\n  afewchars = 17\n  level     = 2\n  say       = 17\n  wiki      = https://en.wikipedia.org/wiki/17_(number)\n\nphoto 18 = \xE1tj\xE1n\n  afewchars = 18\n  level     = 2\n  say       = 18\n  wiki      = https://en.wikipedia.org/wiki/18_(number)\n\nphoto 19 = n\xEDtj\xE1n\n  afewchars = 19\n  level     = 2\n  say       = 19\n  wiki      = https://en.wikipedia.org/wiki/19_(number)\n\nphoto 20 = tuttugu\n  afewchars = 20\n  level     = 3\n  say       = 20\n  wiki      = https://en.wikipedia.org/wiki/20_(number)\n\nphoto 21 = tuttugu og einn\n  afewchars = 21\n  level     = 5\n  say       = 21\n  wiki      = https://en.wikipedia.org/wiki/21_(number)\n\nphoto 22 = tuttugu og tveir\n  afewchars = 22\n  level     = 4\n  say       = 22\n  wiki      = https://en.wikipedia.org/wiki/22_(number)\n\nphoto 23 = tuttugu og \xFEr\xEDr\n  afewchars = 23\n  level     = 5\n  say       = 23\n  wiki      = https://en.wikipedia.org/wiki/23_(number)\n\nphoto 24 = tuttugu og fj\xF6gur\n  afewchars = 24\n  level     = 5\n  say       = 24\n  wiki      = https://en.wikipedia.org/wiki/24_(number)\n\nphoto 25 = tuttugu og fimm\n  afewchars = 25\n  level     = 5\n  say       = 25\n  wiki      = https://en.wikipedia.org/wiki/25_(number)\n\nphoto 26 = tuttugu og sex\n  afewchars = 26\n  level     = 5\n  say       = 26\n  wiki      = https://en.wikipedia.org/wiki/26_(number)\n\nphoto 27 = tuttugu og sj\xF6\n  afewchars = 27\n  level     = 5\n  say       = 27\n  wiki      = https://en.wikipedia.org/wiki/27_(number)\n\nphoto 28 = tuttugu og \xE1tta\n  afewchars = 28\n  level     = 5\n  say       = 28\n  wiki      = https://en.wikipedia.org/wiki/28_(number)\n\nphoto 29 = tuttugu og n\xEDu\n  afewchars = 29\n  level     = 5\n  say       = 29\n  wiki      = https://en.wikipedia.org/wiki/29_(number)\n\nphoto 30 = \xFErj\xE1t\xEDu\n  afewchars = 30\n  level     = 3\n  say       = 30\n  wiki      = https://en.wikipedia.org/wiki/30_(number)\n\nphoto 31 = \xFErj\xE1t\xEDu og einn\n  afewchars = 31\n  level     = 6\n  say       = 31\n  wiki      = https://en.wikipedia.org/wiki/31_(number)\n\nphoto 32 = \xDErj\xE1t\xEDu og tveir\n  afewchars = 32\n  level     = 6\n  say       = 32\n  wiki      = https://en.wikipedia.org/wiki/32_(number)\n\nphoto 33 = \xFErj\xE1t\xEDu og \xFEr\xEDr\n  afewchars = 33\n  level     = 4\n  say       = 33\n  wiki      = https://en.wikipedia.org/wiki/33_(number)\n\nphoto 34 = \xFErj\xE1t\xEDu og fj\xF6gur\n  afewchars = 34\n  level     = 6\n  say       = 34\n  wiki      = https://en.wikipedia.org/wiki/34_(number)\n\nphoto 35 = \xFErj\xE1t\xEDu og fimm\n  afewchars = 35\n  level     = 6\n  say       = 35\n  wiki      = https://en.wikipedia.org/wiki/35_(number)\n\nphoto 36 = \xFErj\xE1t\xEDu og sex\n  afewchars = 36\n  level     = 6\n  say       = 36\n  wiki      = https://en.wikipedia.org/wiki/36_(number)\n\nphoto 37 = \xFErj\xE1t\xEDu og sj\xF6\n  afewchars = 37\n  level     = 6\n  say       = 37\n  wiki      = https://en.wikipedia.org/wiki/37_(number)\n\nphoto 38 = \xFErj\xE1t\xEDu og \xE1tta\n  afewchars = 38\n  level     = 6\n  say       = 38\n  wiki      = https://en.wikipedia.org/wiki/38_(number)\n\nphoto 39 = \xFErj\xE1t\xEDu og n\xEDu\n  afewchars = 39\n  level     = 6\n  say       = 39\n  wiki      = https://en.wikipedia.org/wiki/39_(number)\n\nphoto 40 = fj\xF6rut\xEDu\n  afewchars = 40\n  level     = 3\n  say       = 40\n  wiki      = https://en.wikipedia.org/wiki/40_(number)\n\nphoto 41 = fj\xF6rut\xEDu og einn\n  afewchars = 41\n  level     = 7\n  say       = 41\n  wiki      = https://en.wikipedia.org/wiki/41_(number)\n\nphoto 42 = Fj\xF6rut\xEDu og tveir\n  afewchars = 42\n  level     = 7\n  say       = 42\n  wiki      = https://en.wikipedia.org/wiki/42_(number)\n\nphoto 43 = fj\xF6rut\xEDu og \xFEr\xEDr\n  afewchars = 43\n  level     = 7\n  say       = 43\n  wiki      = https://en.wikipedia.org/wiki/43_(number)\n\nphoto 44 = fj\xF6rut\xEDu og fj\xF6gur\n  afewchars = 44\n  level     = 4\n  say       = 44\n  wiki      = https://en.wikipedia.org/wiki/44_(number)\n\nphoto 45 = fj\xF6rut\xEDu og fimm\n  afewchars = 45\n  level     = 7\n  say       = 45\n  wiki      = https://en.wikipedia.org/wiki/45_(number)\n\nphoto 46 = Fj\xF6rut\xEDu og sex\n  afewchars = 46\n  level     = 7\n  say       = 46\n  wiki      = https://en.wikipedia.org/wiki/46_(number)\n\nphoto 47 = fj\xF6rut\xEDu og sj\xF6\n  afewchars = 47\n  level     = 7\n  say       = 47\n  wiki      = https://en.wikipedia.org/wiki/47_(number)\n\nphoto 48 = fj\xF6rut\xEDu og \xE1tta\n  afewchars = 48\n  level     = 7\n  say       = 48\n  wiki      = https://en.wikipedia.org/wiki/48_(number)\n\nphoto 49 = fj\xF6rut\xEDu og n\xEDu\n  afewchars = 49\n  level     = 7\n  say       = 49\n  wiki      = https://en.wikipedia.org/wiki/49_(number)\n\nphoto 50 = fimmt\xEDu\n  afewchars = 50\n  level     = 3\n  say       = 50\n  wiki      = https://en.wikipedia.org/wiki/50_(number)\n\nphoto 51 = fimmt\xEDu og einn\n  afewchars = 51\n  level     = 8\n  say       = 51\n  wiki      = https://en.wikipedia.org/wiki/51_(number)\n\nphoto 52 = fimmt\xEDu og tveir\n  afewchars = 52\n  level     = 8\n  say       = 52\n  wiki      = https://en.wikipedia.org/wiki/52_(number)\n\nphoto 53 = fimmt\xEDu og \xFEr\xEDr\n  afewchars = 53\n  level     = 8\n  say       = 53\n  wiki      = https://en.wikipedia.org/wiki/53_(number)\n\nphoto 54 = fimmt\xEDu og fj\xF6gur\n  afewchars = 54\n  level     = 8\n  say       = 54\n  wiki      = https://en.wikipedia.org/wiki/54_(number)\n\nphoto 55 = fimmt\xEDu og fimm\n  afewchars = 55\n  level     = 4\n  say       = 55\n  wiki      = https://en.wikipedia.org/wiki/55_(number)\n\nphoto 56 = fimmt\xEDu og sex\n  afewchars = 56\n  level     = 8\n  say       = 56\n  wiki      = https://en.wikipedia.org/wiki/56_(number)\n\nphoto 57 = fimmt\xEDu og sj\xF6\n  afewchars = 57\n  level     = 8\n  say       = 57\n  wiki      = https://en.wikipedia.org/wiki/57_(number)\n\nphoto 58 = fimmt\xEDu og \xE1tta\n  afewchars = 58\n  level     = 8\n  say       = 58\n  wiki      = https://en.wikipedia.org/wiki/58_(number)\n\nphoto 59 = fimmt\xEDu og n\xEDu\n  afewchars = 59\n  level     = 8\n  say       = 59\n  wiki      = https://en.wikipedia.org/wiki/59_(number)\n\nphoto 60 = sext\xEDu\n  afewchars = 60\n  level     = 3\n  say       = 60\n  wiki      = https://en.wikipedia.org/wiki/60_(number)\n\nphoto 61 = sext\xEDu og einn\n  afewchars = 61\n  level     = 9\n  say       = 61\n  wiki      = https://en.wikipedia.org/wiki/61_(number)\n\nphoto 62 = sext\xEDu og tveir\n  afewchars = 62\n  level     = 9\n  say       = 62\n  wiki      = https://en.wikipedia.org/wiki/62_(number)\n\nphoto 63 = sext\xEDu og \xFEr\xEDr\n  afewchars = 63\n  level     = 9\n  say       = 63\n  wiki      = https://en.wikipedia.org/wiki/63_(number)\n\nphoto 64 = sext\xEDu og fj\xF6gur\n  afewchars = 64\n  level     = 9\n  say       = 64\n  wiki      = https://en.wikipedia.org/wiki/64_(number)\n\nphoto 65 = sext\xEDu og fimm\n  afewchars = 65\n  level     = 9\n  say       = 65\n  wiki      = https://en.wikipedia.org/wiki/65_(number)\n\nphoto 66 = sext\xEDu og sex\n  afewchars = 66\n  level     = 4\n  say       = 66\n  wiki      = https://en.wikipedia.org/wiki/66_(number)\n\nphoto 67 = Sext\xEDu og sj\xF6\n  afewchars = 67\n  level     = 9\n  say       = 67\n  wiki      = https://en.wikipedia.org/wiki/67_(number)\n\nphoto 68 = sext\xEDu og \xE1tta\n  afewchars = 68\n  level     = 9\n  say       = 68\n  wiki      = https://en.wikipedia.org/wiki/68_(number)\n\nphoto 69 = sext\xEDu og n\xEDu\n  afewchars = 69\n  level     = 9\n  say       = 69\n  wiki      = https://en.wikipedia.org/wiki/69_(number)\n\nphoto 70 = sj\xF6t\xEDu\n  afewchars = 70\n  level     = 3\n  say       = 70\n  wiki      = https://en.wikipedia.org/wiki/70_(number)\n\nphoto 71 = sj\xF6t\xEDu og einn\n  afewchars = 71\n  level     = 9\n  say       = 71\n  wiki      = https://en.wikipedia.org/wiki/71_(number)\n\nphoto 72 = sj\xF6t\xEDu og tveir\n  afewchars = 72\n  level     = 9\n  say       = 72\n  wiki      = https://en.wikipedia.org/wiki/72_(number)\n\nphoto 73 = sj\xF6t\xEDu og \xFEr\xEDr\n  afewchars = 73\n  level     = 9\n  say       = 73\n  wiki      = https://en.wikipedia.org/wiki/73_(number)\n\nphoto 74 = sj\xF6t\xEDu og fj\xF6gur\n  afewchars = 74\n  level     = 9\n  say       = 74\n  wiki      = https://en.wikipedia.org/wiki/74_(number)\n\nphoto 75 = sj\xF6t\xEDu og fimm\n  afewchars = 75\n  level     = 9\n  say       = 75\n  wiki      = https://en.wikipedia.org/wiki/75_(number)\n\nphoto 76 = sj\xF6t\xEDu og sex\n  afewchars = 76\n  level     = 9\n  say       = 76\n  wiki      = https://en.wikipedia.org/wiki/76_(number)\n\nphoto 77 = sj\xF6t\xEDu og sj\xF6\n  afewchars = 77\n  level     = 4\n  say       = 77\n  wiki      = https://en.wikipedia.org/wiki/77_(number)\n\nphoto 78 = sj\xF6t\xEDu og \xE1tta\n  afewchars = 78\n  level     = 9\n  say       = 78\n  wiki      = https://en.wikipedia.org/wiki/78_(number)\n\nphoto 79 = sj\xF6t\xEDu og n\xEDu\n  afewchars = 79\n  level     = 9\n  say       = 79\n  wiki      = https://en.wikipedia.org/wiki/79_(number)\n\nphoto 80 = \xE1ttat\xEDu\n  afewchars = 80\n  level     = 3\n  say       = 80\n  wiki      = https://en.wikipedia.org/wiki/80_(number)\n\nphoto 81 = \xE1ttat\xEDu og einn\n  afewchars = 81\n  level     = 10\n  say       = 81\n  wiki      = https://en.wikipedia.org/wiki/81_(number)\n\nphoto 82 = attat\xEDu og tveir\n  afewchars = 82\n  level     = 10\n  say       = 82\n  wiki      = https://en.wikipedia.org/wiki/82_(number)\n\nphoto 83 = \xE1ttat\xEDu og \xFEr\xEDr\n  afewchars = 83\n  level     = 10\n  say       = 83\n  wiki      = https://en.wikipedia.org/wiki/83_(number)\n\nphoto 84 = \xE1ttat\xEDu og fj\xF6gur\n  afewchars = 84\n  level     = 10\n  say       = 84\n  wiki      = https://en.wikipedia.org/wiki/84_(number)\n\nphoto 85 = \xE1ttat\xEDu og fimm\n  afewchars = 85\n  level     = 10\n  say       = 85\n  wiki      = https://en.wikipedia.org/wiki/85_(number)\n\nphoto 86 = \xE1ttat\xEDu og sex\n  afewchars = 86\n  level     = 10\n  say       = 86\n  wiki      = https://en.wikipedia.org/wiki/86_(number)\n\nphoto 87 = \xE1ttat\xEDu og sj\xF6\n  afewchars = 87\n  level     = 10\n  say       = 87\n  wiki      = https://en.wikipedia.org/wiki/87_(number)\n\nphoto 88 = \xE1ttat\xEDu og \xE1tta\n  afewchars = 88\n  level     = 4\n  say       = 88\n  wiki      = https://en.wikipedia.org/wiki/88_(number)\n\nphoto 89 = attat\xEDu og n\xEDu\n  afewchars = 89\n  level     = 10\n  say       = 89\n  wiki      = https://en.wikipedia.org/wiki/89_(number)\n\nphoto 90 = n\xEDut\xEDu\n  afewchars = 90\n  level     = 3\n  say       = 90\n  wiki      = https://en.wikipedia.org/wiki/90_(number)\n\nphoto 91 = n\xEDut\xEDu og einn\n  afewchars = 91\n  level     = 10\n  say       = 91\n  wiki      = https://en.wikipedia.org/wiki/91_(number)\n\nphoto 92 = n\xEDut\xEDu og tveir\n  afewchars = 92\n  level     = 10\n  say       = 92\n  wiki      = https://en.wikipedia.org/wiki/92_(number)\n\nphoto 93 = n\xEDut\xEDu og \xFEr\xEDr\n  afewchars = 93\n  level     = 10\n  say       = 93\n  wiki      = https://en.wikipedia.org/wiki/93_(number)\n\nphoto 94 = n\xEDut\xEDu og fj\xF6gur\n  afewchars = 94\n  level     = 10\n  say       = 94\n  wiki      = https://en.wikipedia.org/wiki/94_(number)\n\nphoto 95 = n\xEDut\xEDu og fimm\n  afewchars = 95\n  level     = 10\n  say       = 95\n  wiki      = https://en.wikipedia.org/wiki/95_(number)\n\nphoto 96 = n\xEDut\xEDu og sex\n  afewchars = 96\n  level     = 10\n  say       = 96\n  wiki      = https://en.wikipedia.org/wiki/96_(number)\n\nphoto 97 = N\xEDut\xEDu og sj\xF6\n  afewchars = 97\n  level     = 10\n  say       = 97\n  wiki      = https://en.wikipedia.org/wiki/97_(number)\n\nphoto 98 = n\xEDut\xEDu og \xE1tta\n  afewchars = 98\n  level     = 10\n  say       = 98\n  wiki      = https://en.wikipedia.org/wiki/98_(number)\n\nphoto 99 = n\xEDut\xEDu og n\xEDu\n  afewchars = 99\n  level     = 4\n  say       = 99\n  wiki      = https://en.wikipedia.org/wiki/99_(number)\n\nphoto 100 = hundra\xF0\n  afewchars = 100\n  level     = 3\n  say       = 100\n  wiki      = https://en.wikipedia.org/wiki/100_(number)\n",
    sourceFileSha => "6fcff7accd0b2169435275cb4ff9738721461580",
    step => "completed",
    time => 1514498681,
  }, "Manifest");
  $a->{parsedCmds}[0] = $a->{app};
  $a;
}