Failed.

2017-11-28 at 03:30:53 Generate AppaAppsPhotoApp version 20171126-222 philiprbrenan/100/sv/10x10

2017-11-28 at 03:30:56 Step: parseSource
2017-11-28 at 03:30:56 <b>Good source file!</b>
2017-11-28 at 03:30:56 Step: loadAssets
2017-11-28 at 03:30:57 0 new, 10 reused audio files
2017-11-28 at 03:30:57 Step: multiplyPhotosByFacts
2017-11-28 at 03:30:57 Step: genJavaManifest
2017-11-28 at 03:30:57 Step: genJsonManifest
2017-11-28 at 03:30:57 Step: genGameHtml
2017-11-28 at 03:30:57 Step: genHtmlAssets
2017-11-28 at 03:30:57 Step: zipAssets
2017-11-28 at 03:30:57 Zip file is only 78786 bytes which is small?

2017-11-28 at 03:30:57 Step: compileApp
2017-11-28 at 03:30:59 Unable to create apk file /tmp/AppaAppsPhotoApp/build/bin/philiprbrenan100sv10x10.apk in build folder:
/tmp/AppaAppsPhotoApp/users/philiprbrenan/100/sv/10x10/
Java errors
/tmp/AppaAppsPhotoApp/build/gen/com/appaapps/photoapp/philiprbrenan100sv10x10/Activity.java:266: error: method unpackApp in class Activity cannot be applied to given types;
       {unpackApp(zip);
        ^
  required: File,TreeSet
  found: File
  reason: actual and formal argument lists differ in length
/tmp/AppaAppsPhotoApp/build/gen/com/appaapps/photoapp/philiprbrenan100sv10x10/Activity.java:270: error: method unpackApp in class Activity cannot be applied to given types;
        unpackApp(zip);
        ^
  required: File,TreeSet
  found: File
  reason: actual and formal argument lists differ in length
2 errors
 at /usr/local/share/perl/5.22.1/Android/Build.pm line 450.
	Android::Build::make(Android::Build=HASH(0x184b958)) called at /usr/local/share/perl/5.22.1/Android/Build.pm line 549
	Android::Build::compile(Android::Build=HASH(0x184b958)) called at AppaAppsPhotoApp.pm line 2219
	eval {...} called at AppaAppsPhotoApp.pm line 2219
	Manifest::compileApp(Manifest=HASH(0x183c2b0)) called at AppaAppsPhotoApp.pm line 602
	main::genApplicationDescriptionFromSourceFile() called at AppaAppsPhotoApp.pm line 2697
	main::projectAction("philiprbrenan/100/sv/10x10", 4) called at AppaAppsPhotoApp.pm line 2731

--------------------------------------------------------------------------------
do {
  my $a = bless({
    android       => bless({
                       action        => "run",
                       activity      => "Activity",
                       buildFolder   => "/tmp/AppaAppsPhotoApp/build/",
                       buildTools    => "/home/phil/Android/sdk/build-tools/25.0.2/",
                       debug         => 0,
                       device        => "-s emulator-5554",
                       home          => "/home/phil/AppaAppsPhotoApp/",
                       icon          => "/home/phil/audioImageCache/images/icon.png",
                       keyAlias      => "genApp",
                       keyStoreFile  => "/home/phil/AppaAppsPhotoApp/keys/genApp.keystore",
                       keyStorePwd   => "genApp",
                       libs          => [],
                       log           => [
                                          "",
                                          "/tmp/AppaAppsPhotoApp/build/gen/com/appaapps/photoapp/philiprbrenan100sv10x10/Activity.java:266: error: method unpackApp in class Activity cannot be applied to given types;\n       {unpackApp(zip);\n        ^\n  required: File,TreeSet\n  found: File\n  reason: actual and formal argument lists differ in length\n/tmp/AppaAppsPhotoApp/build/gen/com/appaapps/photoapp/philiprbrenan100sv10x10/Activity.java:270: error: method unpackApp in class Activity cannot be applied to given types;\n        unpackApp(zip);\n        ^\n  required: File,TreeSet\n  found: File\n  reason: actual and formal argument lists differ in length\n2 errors",
                                        ],
                       package       => "com.appaapps.photoapp.philiprbrenan100sv10x10",
                       parameters    => "1511839857,philiprbrenan,100,sv,10x10,http://www.appaapps.com/users/philiprbrenan/100/sv/10x10/zip/philiprbrenan100sv10x10.zip,100.sv.10x10 - The Tens from 10 to 100 in Swedish",
                       permissions   => ["INTERNET", "ACCESS_NETWORK_STATE", "WRITE_EXTERNAL_STORAGE"],
                       platform      => "/home/phil/Android/sdk/platforms/android-25/",
                       platformTools => "/home/phil/Android/sdk/platform-tools/",
                       sdkLevels     => [15, 25],
                       src           => [
                                          "/home/phil/java/appState/AppState.java",
                                          "/home/phil/java/choices/Choices.java",
                                          "/home/phil/java/coloursTransformed/ColoursTransformed.java",
                                          "/home/phil/java/download/Download.java",
                                          "/home/phil/java/email/Email.java",
                                          "/home/phil/java/fourier/Fourier.java",
                                          "/home/phil/java/gradients/Gradients.java",
                                          "/home/phil/java/log/Log.java",
                                          "/home/phil/java/maths/Maths.java",
                                          "/home/phil/java/randomChoice/RandomChoice.java",
                                          "/home/phil/java/save/Save.java",
                                          "/home/phil/java/sound/Midi.java",
                                          "/home/phil/java/sound/Speech.java",
                                          "/home/phil/java/svg/Svg.java",
                                          "/home/phil/java/unpackappdescription/Unpackappdescription.java",
                                          "/home/phil/java/upload/UploadStream.java",
                                          "/home/phil/java/upload/GitHubUploadStream.java",
                                          "/home/phil/java/unzip/Unzip.java",
                                        ],
                       title         => "The Tens from 10 to 100 in Swedish",
                       version       => 20171128,
                     }, "Android::Build"),
    app           => bless({
                       cmd => "app",
                       end => 11,
                       index => 0,
                       name => "100.sv.10x10",
                       parsedKeys => bless({
                         author        => "philiprbrenan",
                         cmd           => "app",
                         description   => "Learn to recognize and say the tens from 10 to 100 in Swedish",
                         email         => "philiprbrenan\@gmail.com",
                         enables       => "philiprbrenan/100/sv/100",
                         icon          => "icon.png",
                         language      => "sv",
                         maximages     => 12,
                         name          => "100.sv.10x10",
                         ordered       => "finally",
                         prerequisites => "philiprbrenan/100/sv/9",
                         rightInARow   => 6,
                         speakers      => "Astrid",
                         title         => "The Tens from 10 to 100 in Swedish",
                         version       => "2017-11-28 at 01:14:20",
                       }, "ParsedKeys"),
                       start => 1,
                       title => "The Tens from 10 to 100 in Swedish",
                       titleFile => undef,
                     }, "ParsedCmd"),
    error         => 1,
    iconFile      => "/home/phil/audioImageCache/images/icon.png",
    log           => [
                       "\n2017-11-28 at 03:30:53 Generate AppaAppsPhotoApp version 20171126-222 philiprbrenan/100/sv/10x10\n",
                       "2017-11-28 at 03:30:56 Step: parseSource",
                       "2017-11-28 at 03:30:56 <b>Good source file!</b>",
                       "2017-11-28 at 03:30:56 Step: loadAssets",
                       "2017-11-28 at 03:30:57 0 new, 10 reused audio files",
                       "2017-11-28 at 03:30:57 Step: multiplyPhotosByFacts",
                       "2017-11-28 at 03:30:57 Step: genJavaManifest",
                       "2017-11-28 at 03:30:57 Step: genJsonManifest",
                       "2017-11-28 at 03:30:57 Step: genGameHtml",
                       "2017-11-28 at 03:30:57 Step: genHtmlAssets",
                       "2017-11-28 at 03:30:57 Step: zipAssets",
                       "2017-11-28 at 03:30:57 Zip file is only 78786 bytes which is small?\n",
                       "2017-11-28 at 03:30:57 Step: compileApp",
                       "2017-11-28 at 03:30:59 Unable to create apk file /tmp/AppaAppsPhotoApp/build/bin/philiprbrenan100sv10x10.apk in build folder:\n/tmp/AppaAppsPhotoApp/users/philiprbrenan/100/sv/10x10/\nJava errors\n/tmp/AppaAppsPhotoApp/build/gen/com/appaapps/photoapp/philiprbrenan100sv10x10/Activity.java:266: error: method unpackApp in class Activity cannot be applied to given types;\n       {unpackApp(zip);\n        ^\n  required: File,TreeSet\n  found: File\n  reason: actual and formal argument lists differ in length\n/tmp/AppaAppsPhotoApp/build/gen/com/appaapps/photoapp/philiprbrenan100sv10x10/Activity.java:270: error: method unpackApp in class Activity cannot be applied to given types;\n        unpackApp(zip);\n        ^\n  required: File,TreeSet\n  found: File\n  reason: actual and formal argument lists differ in length\n2 errors\n at /usr/local/share/perl/5.22.1/Android/Build.pm line 450.\n\tAndroid::Build::make(Android::Build=HASH(0x184b958)) called at /usr/local/share/perl/5.22.1/Android/Build.pm line 549\n\tAndroid::Build::compile(Android::Build=HASH(0x184b958)) called at AppaAppsPhotoApp.pm line 2219\n\teval {...} called at AppaAppsPhotoApp.pm line 2219\n\tManifest::compileApp(Manifest=HASH(0x183c2b0)) called at AppaAppsPhotoApp.pm line 602\n\tmain::genApplicationDescriptionFromSourceFile() called at AppaAppsPhotoApp.pm line 2697\n\tmain::projectAction(\"philiprbrenan/100/sv/10x10\", 4) called at AppaAppsPhotoApp.pm line 2731\n",
                     ],
    parsedCmds    => [
                       'fix',
                       bless({
                         cmd => "photo",
                         end => 17,
                         index => 0,
                         name => 10,
                         parsedKeys => bless({
                           afewchars => 10,
                           cmd => "photo",
                           name => 10,
                           say => 10,
                           title => "tio",
                           titleFile => "tio",
                           wiki => "https://en.wikipedia.org/wiki/10_(number)",
                         }, "ParsedKeys"),
                         say => 10,
                         start => 14,
                         title => "tio",
                         titleFile => "tio",
                       }, "ParsedCmd"),
                       bless({
                         cmd => "photo",
                         end => 22,
                         index => 1,
                         name => 20,
                         parsedKeys => bless({
                           afewchars => 20,
                           cmd => "photo",
                           name => 20,
                           say => 20,
                           title => "tjugo",
                           titleFile => "tjugo",
                           wiki => "https://en.wikipedia.org/wiki/20_(number)",
                         }, "ParsedKeys"),
                         say => 20,
                         start => 19,
                         title => "tjugo",
                         titleFile => "tjugo",
                       }, "ParsedCmd"),
                       bless({
                         cmd => "photo",
                         end => 27,
                         index => 2,
                         name => 30,
                         parsedKeys => bless({
                           afewchars => 30,
                           cmd => "photo",
                           name => 30,
                           say => 30,
                           title => "trettio",
                           titleFile => "trettio",
                           wiki => "https://en.wikipedia.org/wiki/30_(number)",
                         }, "ParsedKeys"),
                         say => 30,
                         start => 24,
                         title => "trettio",
                         titleFile => "trettio",
                       }, "ParsedCmd"),
                       bless({
                         cmd => "photo",
                         end => 32,
                         index => 3,
                         name => 40,
                         parsedKeys => bless({
                           afewchars => 40,
                           cmd => "photo",
                           name => 40,
                           say => 40,
                           title => "fyrtio",
                           titleFile => "fyrtio",
                           wiki => "https://en.wikipedia.org/wiki/40_(number)",
                         }, "ParsedKeys"),
                         say => 40,
                         start => 29,
                         title => "fyrtio",
                         titleFile => "fyrtio",
                       }, "ParsedCmd"),
                       bless({
                         cmd => "photo",
                         end => 37,
                         index => 4,
                         name => 50,
                         parsedKeys => bless({
                           afewchars => 50,
                           cmd => "photo",
                           name => 50,
                           say => 50,
                           title => "femtio",
                           titleFile => "femtio",
                           wiki => "https://en.wikipedia.org/wiki/50_(number)",
                         }, "ParsedKeys"),
                         say => 50,
                         start => 34,
                         title => "femtio",
                         titleFile => "femtio",
                       }, "ParsedCmd"),
                       bless({
                         cmd => "photo",
                         end => 42,
                         index => 5,
                         name => 60,
                         parsedKeys => bless({
                           afewchars => 60,
                           cmd => "photo",
                           name => 60,
                           say => 60,
                           title => "sextio",
                           titleFile => "sextio",
                           wiki => "https://en.wikipedia.org/wiki/60_(number)",
                         }, "ParsedKeys"),
                         say => 60,
                         start => 39,
                         title => "sextio",
                         titleFile => "sextio",
                       }, "ParsedCmd"),
                       bless({
                         cmd => "photo",
                         end => 47,
                         index => 6,
                         name => 70,
                         parsedKeys => bless({
                           afewchars => 70,
                           cmd => "photo",
                           name => 70,
                           say => 70,
                           title => "sjuttio",
                           titleFile => "sjuttio",
                           wiki => "https://en.wikipedia.org/wiki/70_(number)",
                         }, "ParsedKeys"),
                         say => 70,
                         start => 44,
                         title => "sjuttio",
                         titleFile => "sjuttio",
                       }, "ParsedCmd"),
                       bless({
                         cmd => "photo",
                         end => 52,
                         index => 7,
                         name => 80,
                         parsedKeys => bless({
                           afewchars => 80,
                           cmd => "photo",
                           name => 80,
                           say => 80,
                           title => "\xE5ttio",
                           titleFile => "\xE5ttio",
                           wiki => "https://en.wikipedia.org/wiki/80_(number)",
                         }, "ParsedKeys"),
                         say => 80,
                         start => 49,
                         title => "\xE5ttio",
                         titleFile => "\xE5ttio",
                       }, "ParsedCmd"),
                       bless({
                         cmd => "photo",
                         end => 57,
                         index => 8,
                         name => 90,
                         parsedKeys => bless({
                           afewchars => 90,
                           cmd => "photo",
                           name => 90,
                           say => 90,
                           title => "nittio",
                           titleFile => "nittio",
                           wiki => "https://en.wikipedia.org/wiki/90_(number)",
                         }, "ParsedKeys"),
                         say => 90,
                         start => 54,
                         title => "nittio",
                         titleFile => "nittio",
                       }, "ParsedCmd"),
                       bless({
                         cmd => "photo",
                         end => 62,
                         index => 9,
                         name => 100,
                         parsedKeys => bless({
                           afewchars => 100,
                           cmd => "photo",
                           name => 100,
                           say => 100,
                           title => "hundra",
                           titleFile => "hundra",
                           wiki => "https://en.wikipedia.org/wiki/100_(number)",
                         }, "ParsedKeys"),
                         say => 100,
                         start => 59,
                         title => "hundra",
                         titleFile => "hundra",
                       }, "ParsedCmd"),
                     ],
    project       => "philiprbrenan/100/sv/10x10",
    source        => "  app 100.sv.10x10 = The Tens from 10 to 100 in Swedish\n  description   = Learn to recognize and say the tens from 10 to 100 in Swedish\n  icon          = icon.png\n  ordered       = finally\n  maxImages     = 12\n  author        = philiprbrenan\n  email         = philiprbrenan\@gmail.com\n  language      = sv\n  prerequisites = philiprbrenan/100/sv/9\n  enables       = philiprbrenan/100/sv/100\n  version       = 2017-11-28 at 01:14:20\n\n\nphoto 10 = tio\n  afewchars = 10\n  say       = 10\n  wiki      = https://en.wikipedia.org/wiki/10_(number)\n\nphoto 20 = tjugo\n  afewchars = 20\n  say       = 20\n  wiki      = https://en.wikipedia.org/wiki/20_(number)\n\nphoto 30 = trettio\n  afewchars = 30\n  say       = 30\n  wiki      = https://en.wikipedia.org/wiki/30_(number)\n\nphoto 40 = fyrtio\n  afewchars = 40\n  say       = 40\n  wiki      = https://en.wikipedia.org/wiki/40_(number)\n\nphoto 50 = femtio\n  afewchars = 50\n  say       = 50\n  wiki      = https://en.wikipedia.org/wiki/50_(number)\n\nphoto 60 = sextio\n  afewchars = 60\n  say       = 60\n  wiki      = https://en.wikipedia.org/wiki/60_(number)\n\nphoto 70 = sjuttio\n  afewchars = 70\n  say       = 70\n  wiki      = https://en.wikipedia.org/wiki/70_(number)\n\nphoto 80 = \xE5ttio\n  afewchars = 80\n  say       = 80\n  wiki      = https://en.wikipedia.org/wiki/80_(number)\n\nphoto 90 = nittio\n  afewchars = 90\n  say       = 90\n  wiki      = https://en.wikipedia.org/wiki/90_(number)\n\nphoto 100 = hundra\n  afewchars = 100\n  say       = 100\n  wiki      = https://en.wikipedia.org/wiki/100_(number)\n",
    sourceFileSha => "9037cef6c50c125f037dbe813edd3986b67e766c",
    step          => "compileApp",
  }, "Manifest");
  $a->{parsedCmds}[0] = $a->{app};
  $a;
}