Failed.

2017-12-18 at 09:33:03 Generate AppaAppsPhotoApp version 20171205-1 philiprbrenan/100/en/100

2017-12-18 at 09:33:07 Step: parseSource
2017-12-18 at 09:33:07 Choose at least one of the "url" or "afewchars" keywords on line(s) 15-19Choose at least one of the "url" or "afewchars" keywords on line(s) 21-25Choose at least one of the "url" or "afewchars" keywords on line(s) 27-31Choose at least one of the "url" or "afewchars" keywords on line(s) 33-37Choose at least one of the "url" or "afewchars" keywords on line(s) 39-43Choose at least one of the "url" or "afewchars" keywords on line(s) 45-49Choose at least one of the "url" or "afewchars" keywords on line(s) 51-55Choose at least one of the "url" or "afewchars" keywords on line(s) 57-61Choose at least one of the "url" or "afewchars" keywords on line(s) 63-67Choose at least one of the "url" or "afewchars" keywords on line(s) 69-73Choose at least one of the "url" or "afewchars" keywords on line(s) 75-79Choose at least one of the "url" or "afewchars" keywords on line(s) 81-85Choose at least one of the "url" or "afewchars" keywords on line(s) 87-91Choose at least one of the "url" or "afewchars" keywords on line(s) 93-97Choose at least one of the "url" or "afewchars" keywords on line(s) 99-103Choose at least one of the "url" or "afewchars" keywords on line(s) 105-109Choose at least one of the "url" or "afewchars" keywords on line(s) 111-115Choose at least one of the "url" or "afewchars" keywords on line(s) 117-121Choose at least one of the "url" or "afewchars" keywords on line(s) 123-127Choose at least one of the "url" or "afewchars" keywords on line(s) 129-133Choose at least one of the "url" or "afewchars" keywords on line(s) 135-139Choose at least one of the "url" or "afewchars" keywords on line(s) 141-145Choose at least one of the "url" or "afewchars" keywords on line(s) 147-151Choose at least one of the "url" or "afewchars" keywords on line(s) 153-157Choose at least one of the "url" or "afewchars" keywords on line(s) 159-163Choose at least one of the "url" or "afewchars" keywords on line(s) 165-169Choose at least one of the "url" or "afewchars" keywords on line(s) 171-175Choose at least one of the "url" or "afewchars" keywords on line(s) 177-181Choose at least one of the "url" or "afewchars" keywords on line(s) 183-187Choose at least one of the "url" or "afewchars" keywords on line(s) 189-193Choose at least one of the "url" or "afewchars" keywords on line(s) 195-199Choose at least one of the "url" or "afewchars" keywords on line(s) 201-205Choose at least one of the "url" or "afewchars" keywords on line(s) 207-211Choose at least one of the "url" or "afewchars" keywords on line(s) 213-217Choose at least one of the "url" or "afewchars" keywords on line(s) 219-223Choose at least one of the "url" or "afewchars" keywords on line(s) 225-229Choose at least one of the "url" or "afewchars" keywords on line(s) 231-235Choose at least one of the "url" or "afewchars" keywords on line(s) 237-241Choose at least one of the "url" or "afewchars" keywords on line(s) 243-247Choose at least one of the "url" or "afewchars" keywords on line(s) 249-253Choose at least one of the "url" or "afewchars" keywords on line(s) 255-259Choose at least one of the "url" or "afewchars" keywords on line(s) 261-265Choose at least one of the "url" or "afewchars" keywords on line(s) 267-271Choose at least one of the "url" or "afewchars" keywords on line(s) 273-277Choose at least one of the "url" or "afewchars" keywords on line(s) 279-283Choose at least one of the "url" or "afewchars" keywords on line(s) 285-289Choose at least one of the "url" or "afewchars" keywords on line(s) 291-295Choose at least one of the "url" or "afewchars" keywords on line(s) 297-301Choose at least one of the "url" or "afewchars" keywords on line(s) 303-307Choose at least one of the "url" or "afewchars" keywords on line(s) 309-313Choose at least one of the "url" or "afewchars" keywords on line(s) 315-319Choose at least one of the "url" or "afewchars" keywords on line(s) 321-325Choose at least one of the "url" or "afewchars" keywords on line(s) 327-331Choose at least one of the "url" or "afewchars" keywords on line(s) 333-337Choose at least one of the "url" or "afewchars" keywords on line(s) 339-343Choose at least one of the "url" or "afewchars" keywords on line(s) 345-349Choose at least one of the "url" or "afewchars" keywords on line(s) 351-355Choose at least one of the "url" or "afewchars" keywords on line(s) 357-361Choose at least one of the "url" or "afewchars" keywords on line(s) 363-367Choose at least one of the "url" or "afewchars" keywords on line(s) 369-373Choose at least one of the "url" or "afewchars" keywords on line(s) 375-379Choose at least one of the "url" or "afewchars" keywords on line(s) 381-385Choose at least one of the "url" or "afewchars" keywords on line(s) 387-391Choose at least one of the "url" or "afewchars" keywords on line(s) 393-397Choose at least one of the "url" or "afewchars" keywords on line(s) 399-403Choose at least one of the "url" or "afewchars" keywords on line(s) 405-409Choose at least one of the "url" or "afewchars" keywords on line(s) 411-415Choose at least one of the "url" or "afewchars" keywords on line(s) 417-421Choose at least one of the "url" or "afewchars" keywords on line(s) 423-427Choose at least one of the "url" or "afewchars" keywords on line(s) 429-433Choose at least one of the "url" or "afewchars" keywords on line(s) 435-439Choose at least one of the "url" or "afewchars" keywords on line(s) 441-445Choose at least one of the "url" or "afewchars" keywords on line(s) 447-451Choose at least one of the "url" or "afewchars" keywords on line(s) 453-457Choose at least one of the "url" or "afewchars" keywords on line(s) 459-463Choose at least one of the "url" or "afewchars" keywords on line(s) 465-469Choose at least one of the "url" or "afewchars" keywords on line(s) 471-475Choose at least one of the "url" or "afewchars" keywords on line(s) 477-481Choose at least one of the "url" or "afewchars" keywords on line(s) 483-487Choose at least one of the "url" or "afewchars" keywords on line(s) 489-493Choose at least one of the "url" or "afewchars" keywords on line(s) 495-499Choose at least one of the "url" or "afewchars" keywords on line(s) 501-505Choose at least one of the "url" or "afewchars" keywords on line(s) 507-511Choose at least one of the "url" or "afewchars" keywords on line(s) 513-517Choose at least one of the "url" or "afewchars" keywords on line(s) 519-523Choose at least one of the "url" or "afewchars" keywords on line(s) 525-529Choose at least one of the "url" or "afewchars" keywords on line(s) 531-535Choose at least one of the "url" or "afewchars" keywords on line(s) 537-541Choose at least one of the "url" or "afewchars" keywords on line(s) 543-547Choose at least one of the "url" or "afewchars" keywords on line(s) 549-553Choose at least one of the "url" or "afewchars" keywords on line(s) 555-559Choose at least one of the "url" or "afewchars" keywords on line(s) 561-565Choose at least one of the "url" or "afewchars" keywords on line(s) 567-571Choose at least one of the "url" or "afewchars" keywords on line(s) 573-577Choose at least one of the "url" or "afewchars" keywords on line(s) 579-583Choose at least one of the "url" or "afewchars" keywords on line(s) 585-589Choose at least one of the "url" or "afewchars" keywords on line(s) 591-595Choose at least one of the "url" or "afewchars" keywords on line(s) 597-601Choose at least one of the "url" or "afewchars" keywords on line(s) 603-607Choose at least one of the "url" or "afewchars" keywords on line(s) 609-613Choose at least one of the "url" or "afewchars" keywords on line(s) 615-619
--------------------------------------------------------------------------------
do {
  my $a = bless({
    app => bless({
      cmd => "app",
      defaulted => { rightInARow => 1 },
      end => 12,
      index => 0,
      name => "100.en.100",
      parsedKeys => bless({
        author               => "philiprbrenan",
        cmd                  => "app",
        description          => "Learn to recognize and say the numbers from 0 to 100 in spoken English",
        email                => "philiprbrenan\@gmail.com",
        fullNameOnGooglePlay => "com.appaapps.photoapp.en100",
        icon                 => "icon.png",
        language             => "en",
        maxImages            => 12,
        name                 => "100.en.100",
        ordered              => "finally",
        rightInARow          => 7,
        speakers             => "Aditi Amy Brian Emma Geraint Ivy Joanna Joey Justin Kendra Kimberly Matthew Nicole Raveena Russell Salli",
        title                => "The Numbers from 0 to 100 in English",
        version              => "2017-12-05 at 06:37:58",
      }, "ParsedKeys"),
      start => 1,
      title => "The Numbers from 0 to 100 in English",
    }, "ParsedCmd"),
    error => 101,
    log => [
      "\n2017-12-18 at 09:33:03 Generate AppaAppsPhotoApp version 20171205-1 philiprbrenan/100/en/100\n",
      "2017-12-18 at 09:33:07 Step: parseSource",
      "2017-12-18 at 09:33:07 Choose at least one of the \"url\" or \"afewchars\" keywords on line(s) 15-19Choose at least one of the \"url\" or \"afewchars\" keywords on line(s) 21-25Choose at least one of the \"url\" or \"afewchars\" keywords on line(s) 27-31Choose at least one of the \"url\" or \"afewchars\" keywords on line(s) 33-37Choose at least one of the \"url\" or \"afewchars\" keywords on line(s) 39-43Choose at least one of the \"url\" or \"afewchars\" keywords on line(s) 45-49Choose at least one of the \"url\" or \"afewchars\" keywords on line(s) 51-55Choose at least one of the \"url\" or \"afewchars\" keywords on line(s) 57-61Choose at least one of the \"url\" or \"afewchars\" keywords on line(s) 63-67Choose at least one of the \"url\" or \"afewchars\" keywords on line(s) 69-73Choose at least one of the \"url\" or \"afewchars\" keywords on line(s) 75-79Choose at least one of the \"url\" or \"afewchars\" keywords on line(s) 81-85Choose at least one of the \"url\" or \"afewchars\" keywords on line(s) 87-91Choose at least one of the \"url\" or \"afewchars\" keywords on line(s) 93-97Choose at least one of the \"url\" or \"afewchars\" keywords on line(s) 99-103Choose at least one of the \"url\" or \"afewchars\" keywords on line(s) 105-109Choose at least one of the \"url\" or \"afewchars\" keywords on line(s) 111-115Choose at least one of the \"url\" or \"afewchars\" keywords on line(s) 117-121Choose at least one of the \"url\" or \"afewchars\" keywords on line(s) 123-127Choose at least one of the \"url\" or \"afewchars\" keywords on line(s) 129-133Choose at least one of the \"url\" or \"afewchars\" keywords on line(s) 135-139Choose at least one of the \"url\" or \"afewchars\" keywords on line(s) 141-145Choose at least one of the \"url\" or \"afewchars\" keywords on line(s) 147-151Choose at least one of the \"url\" or \"afewchars\" keywords on line(s) 153-157Choose at least one of the \"url\" or \"afewchars\" keywords on line(s) 159-163Choose at least one of the \"url\" or \"afewchars\" keywords on line(s) 165-169Choose at least one of the \"url\" or \"afewchars\" keywords on line(s) 171-175Choose at least one of the \"url\" or \"afewchars\" keywords on line(s) 177-181Choose at least one of the \"url\" or \"afewchars\" keywords on line(s) 183-187Choose at least one of the \"url\" or \"afewchars\" keywords on line(s) 189-193Choose at least one of the \"url\" or \"afewchars\" keywords on line(s) 195-199Choose at least one of the \"url\" or \"afewchars\" keywords on line(s) 201-205Choose at least one of the \"url\" or \"afewchars\" keywords on line(s) 207-211Choose at least one of the \"url\" or \"afewchars\" keywords on line(s) 213-217Choose at least one of the \"url\" or \"afewchars\" keywords on line(s) 219-223Choose at least one of the \"url\" or \"afewchars\" keywords on line(s) 225-229Choose at least one of the \"url\" or \"afewchars\" keywords on line(s) 231-235Choose at least one of the \"url\" or \"afewchars\" keywords on line(s) 237-241Choose at least one of the \"url\" or \"afewchars\" keywords on line(s) 243-247Choose at least one of the \"url\" or \"afewchars\" keywords on line(s) 249-253Choose at least one of the \"url\" or \"afewchars\" keywords on line(s) 255-259Choose at least one of the \"url\" or \"afewchars\" keywords on line(s) 261-265Choose at least one of the \"url\" or \"afewchars\" keywords on line(s) 267-271Choose at least one of the \"url\" or \"afewchars\" keywords on line(s) 273-277Choose at least one of the \"url\" or \"afewchars\" keywords on line(s) 279-283Choose at least one of the \"url\" or \"afewchars\" keywords on line(s) 285-289Choose at least one of the \"url\" or \"afewchars\" keywords on line(s) 291-295Choose at least one of the \"url\" or \"afewchars\" keywords on line(s) 297-301Choose at least one of the \"url\" or \"afewchars\" keywords on line(s) 303-307Choose at least one of the \"url\" or \"afewchars\" keywords on line(s) 309-313Choose at least one of the \"url\" or \"afewchars\" keywords on line(s) 315-319Choose at least one of the \"url\" or \"afewchars\" keywords on line(s) 321-325Choose at least one of the \"url\" or \"afewchars\" keywords on line(s) 327-331Choose at least one of the \"url\" or \"afewchars\" keywords on line(s) 333-337Choose at least one of the \"url\" or \"afewchars\" keywords on line(s) 339-343Choose at least one of the \"url\" or \"afewchars\" keywords on line(s) 345-349Choose at least one of the \"url\" or \"afewchars\" keywords on line(s) 351-355Choose at least one of the \"url\" or \"afewchars\" keywords on line(s) 357-361Choose at least one of the \"url\" or \"afewchars\" keywords on line(s) 363-367Choose at least one of the \"url\" or \"afewchars\" keywords on line(s) 369-373Choose at least one of the \"url\" or \"afewchars\" keywords on line(s) 375-379Choose at least one of the \"url\" or \"afewchars\" keywords on line(s) 381-385Choose at least one of the \"url\" or \"afewchars\" keywords on line(s) 387-391Choose at least one of the \"url\" or \"afewchars\" keywords on line(s) 393-397Choose at least one of the \"url\" or \"afewchars\" keywords on line(s) 399-403Choose at least one of the \"url\" or \"afewchars\" keywords on line(s) 405-409Choose at least one of the \"url\" or \"afewchars\" keywords on line(s) 411-415Choose at least one of the \"url\" or \"afewchars\" keywords on line(s) 417-421Choose at least one of the \"url\" or \"afewchars\" keywords on line(s) 423-427Choose at least one of the \"url\" or \"afewchars\" keywords on line(s) 429-433Choose at least one of the \"url\" or \"afewchars\" keywords on line(s) 435-439Choose at least one of the \"url\" or \"afewchars\" keywords on line(s) 441-445Choose at least one of the \"url\" or \"afewchars\" keywords on line(s) 447-451Choose at least one of the \"url\" or \"afewchars\" keywords on line(s) 453-457Choose at least one of the \"url\" or \"afewchars\" keywords on line(s) 459-463Choose at least one of the \"url\" or \"afewchars\" keywords on line(s) 465-469Choose at least one of the \"url\" or \"afewchars\" keywords on line(s) 471-475Choose at least one of the \"url\" or \"afewchars\" keywords on line(s) 477-481Choose at least one of the \"url\" or \"afewchars\" keywords on line(s) 483-487Choose at least one of the \"url\" or \"afewchars\" keywords on line(s) 489-493Choose at least one of the \"url\" or \"afewchars\" keywords on line(s) 495-499Choose at least one of the \"url\" or \"afewchars\" keywords on line(s) 501-505Choose at least one of the \"url\" or \"afewchars\" keywords on line(s) 507-511Choose at least one of the \"url\" or \"afewchars\" keywords on line(s) 513-517Choose at least one of the \"url\" or \"afewchars\" keywords on line(s) 519-523Choose at least one of the \"url\" or \"afewchars\" keywords on line(s) 525-529Choose at least one of the \"url\" or \"afewchars\" keywords on line(s) 531-535Choose at least one of the \"url\" or \"afewchars\" keywords on line(s) 537-541Choose at least one of the \"url\" or \"afewchars\" keywords on line(s) 543-547Choose at least one of the \"url\" or \"afewchars\" keywords on line(s) 549-553Choose at least one of the \"url\" or \"afewchars\" keywords on line(s) 555-559Choose at least one of the \"url\" or \"afewchars\" keywords on line(s) 561-565Choose at least one of the \"url\" or \"afewchars\" keywords on line(s) 567-571Choose at least one of the \"url\" or \"afewchars\" keywords on line(s) 573-577Choose at least one of the \"url\" or \"afewchars\" keywords on line(s) 579-583Choose at least one of the \"url\" or \"afewchars\" keywords on line(s) 585-589Choose at least one of the \"url\" or \"afewchars\" keywords on line(s) 591-595Choose at least one of the \"url\" or \"afewchars\" keywords on line(s) 597-601Choose at least one of the \"url\" or \"afewchars\" keywords on line(s) 603-607Choose at least one of the \"url\" or \"afewchars\" keywords on line(s) 609-613Choose at least one of the \"url\" or \"afewchars\" keywords on line(s) 615-619",
    ],
    parsedCmds => [
      'fix',
      bless({
        cmd        => "photo",
        end        => 19,
        index      => 0,
        name       => undef,
        parsedKeys => bless({
                        aFewChars => 0,
                        cmd       => "photo",
                        level     => 1,
                        say       => 0,
                        title     => "zero",
                        wiki      => "https://en.wikipedia.org/wiki/0_(number)",
                      }, "ParsedKeys"),
        start      => 15,
        title      => "zero",
      }, "ParsedCmd"),
      bless({
        cmd        => "photo",
        end        => 25,
        index      => 1,
        name       => 1,
        parsedKeys => bless({
                        aFewChars => 1,
                        cmd       => "photo",
                        level     => 1,
                        name      => 1,
                        say       => 1,
                        title     => "one",
                        wiki      => "https://en.wikipedia.org/wiki/1_(number)",
                      }, "ParsedKeys"),
        start      => 21,
        title      => "one",
      }, "ParsedCmd"),
      bless({
        cmd        => "photo",
        end        => 31,
        index      => 2,
        name       => 2,
        parsedKeys => bless({
                        aFewChars => 2,
                        cmd       => "photo",
                        level     => 1,
                        name      => 2,
                        say       => 2,
                        title     => "two",
                        wiki      => "https://en.wikipedia.org/wiki/2_(number)",
                      }, "ParsedKeys"),
        start      => 27,
        title      => "two",
      }, "ParsedCmd"),
      bless({
        cmd        => "photo",
        end        => 37,
        index      => 3,
        name       => 3,
        parsedKeys => bless({
                        aFewChars => 3,
                        cmd       => "photo",
                        level     => 1,
                        name      => 3,
                        say       => 3,
                        title     => "three",
                        wiki      => "https://en.wikipedia.org/wiki/3_(number)",
                      }, "ParsedKeys"),
        start      => 33,
        title      => "three",
      }, "ParsedCmd"),
      bless({
        cmd        => "photo",
        end        => 43,
        index      => 4,
        name       => 4,
        parsedKeys => bless({
                        aFewChars => 4,
                        cmd       => "photo",
                        level     => 1,
                        name      => 4,
                        say       => 4,
                        title     => "four",
                        wiki      => "https://en.wikipedia.org/wiki/4_(number)",
                      }, "ParsedKeys"),
        start      => 39,
        title      => "four",
      }, "ParsedCmd"),
      bless({
        cmd        => "photo",
        end        => 49,
        index      => 5,
        name       => 5,
        parsedKeys => bless({
                        aFewChars => 5,
                        cmd       => "photo",
                        level     => 1,
                        name      => 5,
                        say       => 5,
                        title     => "five",
                        wiki      => "https://en.wikipedia.org/wiki/5_(number)",
                      }, "ParsedKeys"),
        start      => 45,
        title      => "five",
      }, "ParsedCmd"),
      bless({
        cmd        => "photo",
        end        => 55,
        index      => 6,
        name       => 6,
        parsedKeys => bless({
                        aFewChars => 6,
                        cmd       => "photo",
                        level     => 1,
                        name      => 6,
                        say       => 6,
                        title     => "six",
                        wiki      => "https://en.wikipedia.org/wiki/6_(number)",
                      }, "ParsedKeys"),
        start      => 51,
        title      => "six",
      }, "ParsedCmd"),
      bless({
        cmd        => "photo",
        end        => 61,
        index      => 7,
        name       => 7,
        parsedKeys => bless({
                        aFewChars => 7,
                        cmd       => "photo",
                        level     => 1,
                        name      => 7,
                        say       => 7,
                        title     => "seven",
                        wiki      => "https://en.wikipedia.org/wiki/7_(number)",
                      }, "ParsedKeys"),
        start      => 57,
        title      => "seven",
      }, "ParsedCmd"),
      bless({
        cmd        => "photo",
        end        => 67,
        index      => 8,
        name       => 8,
        parsedKeys => bless({
                        aFewChars => 8,
                        cmd       => "photo",
                        level     => 1,
                        name      => 8,
                        say       => 8,
                        title     => "eight",
                        wiki      => "https://en.wikipedia.org/wiki/8_(number)",
                      }, "ParsedKeys"),
        start      => 63,
        title      => "eight",
      }, "ParsedCmd"),
      bless({
        cmd        => "photo",
        end        => 73,
        index      => 9,
        name       => 9,
        parsedKeys => bless({
                        aFewChars => 9,
                        cmd       => "photo",
                        level     => 1,
                        name      => 9,
                        say       => 9,
                        title     => "nine",
                        wiki      => "https://en.wikipedia.org/wiki/9_(number)",
                      }, "ParsedKeys"),
        start      => 69,
        title      => "nine",
      }, "ParsedCmd"),
      bless({
        cmd        => "photo",
        end        => 79,
        index      => 10,
        name       => 10,
        parsedKeys => bless({
                        aFewChars => 10,
                        cmd       => "photo",
                        level     => 2,
                        name      => 10,
                        say       => 10,
                        title     => "ten",
                        wiki      => "https://en.wikipedia.org/wiki/10_(number)",
                      }, "ParsedKeys"),
        start      => 75,
        title      => "ten",
      }, "ParsedCmd"),
      bless({
        cmd        => "photo",
        end        => 85,
        index      => 11,
        name       => 11,
        parsedKeys => bless({
                        aFewChars => 11,
                        cmd       => "photo",
                        level     => 2,
                        name      => 11,
                        say       => 11,
                        title     => "eleven",
                        wiki      => "https://en.wikipedia.org/wiki/11_(number)",
                      }, "ParsedKeys"),
        start      => 81,
        title      => "eleven",
      }, "ParsedCmd"),
      bless({
        cmd        => "photo",
        end        => 91,
        index      => 12,
        name       => 12,
        parsedKeys => bless({
                        aFewChars => 12,
                        cmd       => "photo",
                        level     => 2,
                        name      => 12,
                        say       => 12,
                        title     => "twelve",
                        wiki      => "https://en.wikipedia.org/wiki/12_(number)",
                      }, "ParsedKeys"),
        start      => 87,
        title      => "twelve",
      }, "ParsedCmd"),
      bless({
        cmd        => "photo",
        end        => 97,
        index      => 13,
        name       => 13,
        parsedKeys => bless({
                        aFewChars => 13,
                        cmd       => "photo",
                        level     => 2,
                        name      => 13,
                        say       => 13,
                        title     => "thirteen",
                        wiki      => "https://en.wikipedia.org/wiki/13_(number)",
                      }, "ParsedKeys"),
        start      => 93,
        title      => "thirteen",
      }, "ParsedCmd"),
      bless({
        cmd        => "photo",
        end        => 103,
        index      => 14,
        name       => 14,
        parsedKeys => bless({
                        aFewChars => 14,
                        cmd       => "photo",
                        level     => 2,
                        name      => 14,
                        say       => 14,
                        title     => "fourteen",
                        wiki      => "https://en.wikipedia.org/wiki/14_(number)",
                      }, "ParsedKeys"),
        start      => 99,
        title      => "fourteen",
      }, "ParsedCmd"),
      bless({
        cmd        => "photo",
        end        => 109,
        index      => 15,
        name       => 15,
        parsedKeys => bless({
                        aFewChars => 15,
                        cmd       => "photo",
                        level     => 2,
                        name      => 15,
                        say       => 15,
                        title     => "fifteen",
                        wiki      => "https://en.wikipedia.org/wiki/15_(number)",
                      }, "ParsedKeys"),
        start      => 105,
        title      => "fifteen",
      }, "ParsedCmd"),
      bless({
        cmd        => "photo",
        end        => 115,
        index      => 16,
        name       => 16,
        parsedKeys => bless({
                        aFewChars => 16,
                        cmd       => "photo",
                        level     => 2,
                        name      => 16,
                        say       => 16,
                        title     => "sixteen",
                        wiki      => "https://en.wikipedia.org/wiki/16_(number)",
                      }, "ParsedKeys"),
        start      => 111,
        title      => "sixteen",
      }, "ParsedCmd"),
      bless({
        cmd        => "photo",
        end        => 121,
        index      => 17,
        name       => 17,
        parsedKeys => bless({
                        aFewChars => 17,
                        cmd       => "photo",
                        level     => 2,
                        name      => 17,
                        say       => 17,
                        title     => "seventeen",
                        wiki      => "https://en.wikipedia.org/wiki/17_(number)",
                      }, "ParsedKeys"),
        start      => 117,
        title      => "seventeen",
      }, "ParsedCmd"),
      bless({
        cmd        => "photo",
        end        => 127,
        index      => 18,
        name       => 18,
        parsedKeys => bless({
                        aFewChars => 18,
                        cmd       => "photo",
                        level     => 2,
                        name      => 18,
                        say       => 18,
                        title     => "eighteen",
                        wiki      => "https://en.wikipedia.org/wiki/18_(number)",
                      }, "ParsedKeys"),
        start      => 123,
        title      => "eighteen",
      }, "ParsedCmd"),
      bless({
        cmd        => "photo",
        end        => 133,
        index      => 19,
        name       => 19,
        parsedKeys => bless({
                        aFewChars => 19,
                        cmd       => "photo",
                        level     => 2,
                        name      => 19,
                        say       => 19,
                        title     => "nineteen",
                        wiki      => "https://en.wikipedia.org/wiki/19_(number)",
                      }, "ParsedKeys"),
        start      => 129,
        title      => "nineteen",
      }, "ParsedCmd"),
      bless({
        cmd        => "photo",
        end        => 139,
        index      => 20,
        name       => 20,
        parsedKeys => bless({
                        aFewChars => 20,
                        cmd       => "photo",
                        level     => 3,
                        name      => 20,
                        say       => 20,
                        title     => "twenty",
                        wiki      => "https://en.wikipedia.org/wiki/20_(number)",
                      }, "ParsedKeys"),
        start      => 135,
        title      => "twenty",
      }, "ParsedCmd"),
      bless({
        cmd        => "photo",
        end        => 145,
        index      => 21,
        name       => 21,
        parsedKeys => bless({
                        aFewChars => 21,
                        cmd       => "photo",
                        level     => 5,
                        name      => 21,
                        say       => 21,
                        title     => "twenty-one",
                        wiki      => "https://en.wikipedia.org/wiki/21_(number)",
                      }, "ParsedKeys"),
        start      => 141,
        title      => "twenty-one",
      }, "ParsedCmd"),
      bless({
        cmd        => "photo",
        end        => 151,
        index      => 22,
        name       => 22,
        parsedKeys => bless({
                        aFewChars => 22,
                        cmd       => "photo",
                        level     => 4,
                        name      => 22,
                        say       => 22,
                        title     => "twenty-two",
                        wiki      => "https://en.wikipedia.org/wiki/22_(number)",
                      }, "ParsedKeys"),
        start      => 147,
        title      => "twenty-two",
      }, "ParsedCmd"),
      bless({
        cmd        => "photo",
        end        => 157,
        index      => 23,
        name       => 23,
        parsedKeys => bless({
                        aFewChars => 23,
                        cmd       => "photo",
                        level     => 5,
                        name      => 23,
                        say       => 23,
                        title     => "twenty-three",
                        wiki      => "https://en.wikipedia.org/wiki/23_(number)",
                      }, "ParsedKeys"),
        start      => 153,
        title      => "twenty-three",
      }, "ParsedCmd"),
      bless({
        cmd        => "photo",
        end        => 163,
        index      => 24,
        name       => 24,
        parsedKeys => bless({
                        aFewChars => 24,
                        cmd       => "photo",
                        level     => 5,
                        name      => 24,
                        say       => 24,
                        title     => "twenty-four",
                        wiki      => "https://en.wikipedia.org/wiki/24_(number)",
                      }, "ParsedKeys"),
        start      => 159,
        title      => "twenty-four",
      }, "ParsedCmd"),
      bless({
        cmd        => "photo",
        end        => 169,
        index      => 25,
        name       => 25,
        parsedKeys => bless({
                        aFewChars => 25,
                        cmd       => "photo",
                        level     => 5,
                        name      => 25,
                        say       => 25,
                        title     => "twenty-five",
                        wiki      => "https://en.wikipedia.org/wiki/25_(number)",
                      }, "ParsedKeys"),
        start      => 165,
        title      => "twenty-five",
      }, "ParsedCmd"),
      bless({
        cmd        => "photo",
        end        => 175,
        index      => 26,
        name       => 26,
        parsedKeys => bless({
                        aFewChars => 26,
                        cmd       => "photo",
                        level     => 5,
                        name      => 26,
                        say       => 26,
                        title     => "twenty-six",
                        wiki      => "https://en.wikipedia.org/wiki/26_(number)",
                      }, "ParsedKeys"),
        start      => 171,
        title      => "twenty-six",
      }, "ParsedCmd"),
      bless({
        cmd        => "photo",
        end        => 181,
        index      => 27,
        name       => 27,
        parsedKeys => bless({
                        aFewChars => 27,
                        cmd       => "photo",
                        level     => 5,
                        name      => 27,
                        say       => 27,
                        title     => "twenty-seven",
                        wiki      => "https://en.wikipedia.org/wiki/27_(number)",
                      }, "ParsedKeys"),
        start      => 177,
        title      => "twenty-seven",
      }, "ParsedCmd"),
      bless({
        cmd        => "photo",
        end        => 187,
        index      => 28,
        name       => 28,
        parsedKeys => bless({
                        aFewChars => 28,
                        cmd       => "photo",
                        level     => 5,
                        name      => 28,
                        say       => 28,
                        title     => "twenty-eight",
                        wiki      => "https://en.wikipedia.org/wiki/28_(number)",
                      }, "ParsedKeys"),
        start      => 183,
        title      => "twenty-eight",
      }, "ParsedCmd"),
      bless({
        cmd        => "photo",
        end        => 193,
        index      => 29,
        name       => 29,
        parsedKeys => bless({
                        aFewChars => 29,
                        cmd       => "photo",
                        level     => 5,
                        name      => 29,
                        say       => 29,
                        title     => "twenty-nine",
                        wiki      => "https://en.wikipedia.org/wiki/29_(number)",
                      }, "ParsedKeys"),
        start      => 189,
        title      => "twenty-nine",
      }, "ParsedCmd"),
      bless({
        cmd        => "photo",
        end        => 199,
        index      => 30,
        name       => 30,
        parsedKeys => bless({
                        aFewChars => 30,
                        cmd       => "photo",
                        level     => 3,
                        name      => 30,
                        say       => 30,
                        title     => "thirty",
                        wiki      => "https://en.wikipedia.org/wiki/30_(number)",
                      }, "ParsedKeys"),
        start      => 195,
        title      => "thirty",
      }, "ParsedCmd"),
      bless({
        cmd        => "photo",
        end        => 205,
        index      => 31,
        name       => 31,
        parsedKeys => bless({
                        aFewChars => 31,
                        cmd       => "photo",
                        level     => 6,
                        name      => 31,
                        say       => 31,
                        title     => "thirty-one",
                        wiki      => "https://en.wikipedia.org/wiki/31_(number)",
                      }, "ParsedKeys"),
        start      => 201,
        title      => "thirty-one",
      }, "ParsedCmd"),
      bless({
        cmd        => "photo",
        end        => 211,
        index      => 32,
        name       => 32,
        parsedKeys => bless({
                        aFewChars => 32,
                        cmd       => "photo",
                        level     => 6,
                        name      => 32,
                        say       => 32,
                        title     => "thirty-two",
                        wiki      => "https://en.wikipedia.org/wiki/32_(number)",
                      }, "ParsedKeys"),
        start      => 207,
        title      => "thirty-two",
      }, "ParsedCmd"),
      bless({
        cmd        => "photo",
        end        => 217,
        index      => 33,
        name       => 33,
        parsedKeys => bless({
                        aFewChars => 33,
                        cmd       => "photo",
                        level     => 4,
                        name      => 33,
                        say       => 33,
                        title     => "thirty-three",
                        wiki      => "https://en.wikipedia.org/wiki/33_(number)",
                      }, "ParsedKeys"),
        start      => 213,
        title      => "thirty-three",
      }, "ParsedCmd"),
      bless({
        cmd        => "photo",
        end        => 223,
        index      => 34,
        name       => 34,
        parsedKeys => bless({
                        aFewChars => 34,
                        cmd       => "photo",
                        level     => 6,
                        name      => 34,
                        say       => 34,
                        title     => "thirty-four",
                        wiki      => "https://en.wikipedia.org/wiki/34_(number)",
                      }, "ParsedKeys"),
        start      => 219,
        title      => "thirty-four",
      }, "ParsedCmd"),
      bless({
        cmd        => "photo",
        end        => 229,
        index      => 35,
        name       => 35,
        parsedKeys => bless({
                        aFewChars => 35,
                        cmd       => "photo",
                        level     => 6,
                        name      => 35,
                        say       => 35,
                        title     => "thirty-five",
                        wiki      => "https://en.wikipedia.org/wiki/35_(number)",
                      }, "ParsedKeys"),
        start      => 225,
        title      => "thirty-five",
      }, "ParsedCmd"),
      bless({
        cmd        => "photo",
        end        => 235,
        index      => 36,
        name       => 36,
        parsedKeys => bless({
                        aFewChars => 36,
                        cmd       => "photo",
                        level     => 6,
                        name      => 36,
                        say       => 36,
                        title     => "thirty-six",
                        wiki      => "https://en.wikipedia.org/wiki/36_(number)",
                      }, "ParsedKeys"),
        start      => 231,
        title      => "thirty-six",
      }, "ParsedCmd"),
      bless({
        cmd        => "photo",
        end        => 241,
        index      => 37,
        name       => 37,
        parsedKeys => bless({
                        aFewChars => 37,
                        cmd       => "photo",
                        level     => 6,
                        name      => 37,
                        say       => 37,
                        title     => "thirty-seven",
                        wiki      => "https://en.wikipedia.org/wiki/37_(number)",
                      }, "ParsedKeys"),
        start      => 237,
        title      => "thirty-seven",
      }, "ParsedCmd"),
      bless({
        cmd        => "photo",
        end        => 247,
        index      => 38,
        name       => 38,
        parsedKeys => bless({
                        aFewChars => 38,
                        cmd       => "photo",
                        level     => 6,
                        name      => 38,
                        say       => 38,
                        title     => "thirty-eight",
                        wiki      => "https://en.wikipedia.org/wiki/38_(number)",
                      }, "ParsedKeys"),
        start      => 243,
        title      => "thirty-eight",
      }, "ParsedCmd"),
      bless({
        cmd        => "photo",
        end        => 253,
        index      => 39,
        name       => 39,
        parsedKeys => bless({
                        aFewChars => 39,
                        cmd       => "photo",
                        level     => 6,
                        name      => 39,
                        say       => 39,
                        title     => "thirty-nine",
                        wiki      => "https://en.wikipedia.org/wiki/39_(number)",
                      }, "ParsedKeys"),
        start      => 249,
        title      => "thirty-nine",
      }, "ParsedCmd"),
      bless({
        cmd        => "photo",
        end        => 259,
        index      => 40,
        name       => 40,
        parsedKeys => bless({
                        aFewChars => 40,
                        cmd       => "photo",
                        level     => 3,
                        name      => 40,
                        say       => 40,
                        title     => "forty",
                        wiki      => "https://en.wikipedia.org/wiki/40_(number)",
                      }, "ParsedKeys"),
        start      => 255,
        title      => "forty",
      }, "ParsedCmd"),
      bless({
        cmd        => "photo",
        end        => 265,
        index      => 41,
        name       => 41,
        parsedKeys => bless({
                        aFewChars => 41,
                        cmd       => "photo",
                        level     => 7,
                        name      => 41,
                        say       => 41,
                        title     => "forty-one",
                        wiki      => "https://en.wikipedia.org/wiki/41_(number)",
                      }, "ParsedKeys"),
        start      => 261,
        title      => "forty-one",
      }, "ParsedCmd"),
      bless({
        cmd        => "photo",
        end        => 271,
        index      => 42,
        name       => 42,
        parsedKeys => bless({
                        aFewChars => 42,
                        cmd       => "photo",
                        level     => 7,
                        name      => 42,
                        say       => 42,
                        title     => "forty-two",
                        wiki      => "https://en.wikipedia.org/wiki/42_(number)",
                      }, "ParsedKeys"),
        start      => 267,
        title      => "forty-two",
      }, "ParsedCmd"),
      bless({
        cmd        => "photo",
        end        => 277,
        index      => 43,
        name       => 43,
        parsedKeys => bless({
                        aFewChars => 43,
                        cmd       => "photo",
                        level     => 7,
                        name      => 43,
                        say       => 43,
                        title     => "forty-three",
                        wiki      => "https://en.wikipedia.org/wiki/43_(number)",
                      }, "ParsedKeys"),
        start      => 273,
        title      => "forty-three",
      }, "ParsedCmd"),
      bless({
        cmd        => "photo",
        end        => 283,
        index      => 44,
        name       => 44,
        parsedKeys => bless({
                        aFewChars => 44,
                        cmd       => "photo",
                        level     => 4,
                        name      => 44,
                        say       => 44,
                        title     => "forty-four",
                        wiki      => "https://en.wikipedia.org/wiki/44_(number)",
                      }, "ParsedKeys"),
        start      => 279,
        title      => "forty-four",
      }, "ParsedCmd"),
      bless({
        cmd        => "photo",
        end        => 289,
        index      => 45,
        name       => 45,
        parsedKeys => bless({
                        aFewChars => 45,
                        cmd       => "photo",
                        level     => 7,
                        name      => 45,
                        say       => 45,
                        title     => "forty-five",
                        wiki      => "https://en.wikipedia.org/wiki/45_(number)",
                      }, "ParsedKeys"),
        start      => 285,
        title      => "forty-five",
      }, "ParsedCmd"),
      bless({
        cmd        => "photo",
        end        => 295,
        index      => 46,
        name       => 46,
        parsedKeys => bless({
                        aFewChars => 46,
                        cmd       => "photo",
                        level     => 7,
                        name      => 46,
                        say       => 46,
                        title     => "forty-six",
                        wiki      => "https://en.wikipedia.org/wiki/46_(number)",
                      }, "ParsedKeys"),
        start      => 291,
        title      => "forty-six",
      }, "ParsedCmd"),
      bless({
        cmd        => "photo",
        end        => 301,
        index      => 47,
        name       => 47,
        parsedKeys => bless({
                        aFewChars => 47,
                        cmd       => "photo",
                        level     => 7,
                        name      => 47,
                        say       => 47,
                        title     => "forty-seven",
                        wiki      => "https://en.wikipedia.org/wiki/47_(number)",
                      }, "ParsedKeys"),
        start      => 297,
        title      => "forty-seven",
      }, "ParsedCmd"),
      bless({
        cmd        => "photo",
        end        => 307,
        index      => 48,
        name       => 48,
        parsedKeys => bless({
                        aFewChars => 48,
                        cmd       => "photo",
                        level     => 7,
                        name      => 48,
                        say       => 48,
                        title     => "forty-eight",
                        wiki      => "https://en.wikipedia.org/wiki/48_(number)",
                      }, "ParsedKeys"),
        start      => 303,
        title      => "forty-eight",
      }, "ParsedCmd"),
      bless({
        cmd        => "photo",
        end        => 313,
        index      => 49,
        name       => 49,
        parsedKeys => bless({
                        aFewChars => 49,
                        cmd       => "photo",
                        level     => 7,
                        name      => 49,
                        say       => 49,
                        title     => "forty-nine",
                        wiki      => "https://en.wikipedia.org/wiki/49_(number)",
                      }, "ParsedKeys"),
        start      => 309,
        title      => "forty-nine",
      }, "ParsedCmd"),
      bless({
        cmd        => "photo",
        end        => 319,
        index      => 50,
        name       => 50,
        parsedKeys => bless({
                        aFewChars => 50,
                        cmd       => "photo",
                        level     => 3,
                        name      => 50,
                        say       => 50,
                        title     => "fifty",
                        wiki      => "https://en.wikipedia.org/wiki/50_(number)",
                      }, "ParsedKeys"),
        start      => 315,
        title      => "fifty",
      }, "ParsedCmd"),
      bless({
        cmd        => "photo",
        end        => 325,
        index      => 51,
        name       => 51,
        parsedKeys => bless({
                        aFewChars => 51,
                        cmd       => "photo",
                        level     => 8,
                        name      => 51,
                        say       => 51,
                        title     => "fifty-one",
                        wiki      => "https://en.wikipedia.org/wiki/51_(number)",
                      }, "ParsedKeys"),
        start      => 321,
        title      => "fifty-one",
      }, "ParsedCmd"),
      bless({
        cmd        => "photo",
        end        => 331,
        index      => 52,
        name       => 52,
        parsedKeys => bless({
                        aFewChars => 52,
                        cmd       => "photo",
                        level     => 8,
                        name      => 52,
                        say       => 52,
                        title     => "fifty-two",
                        wiki      => "https://en.wikipedia.org/wiki/52_(number)",
                      }, "ParsedKeys"),
        start      => 327,
        title      => "fifty-two",
      }, "ParsedCmd"),
      bless({
        cmd        => "photo",
        end        => 337,
        index      => 53,
        name       => 53,
        parsedKeys => bless({
                        aFewChars => 53,
                        cmd       => "photo",
                        level     => 8,
                        name      => 53,
                        say       => 53,
                        title     => "fifty-three",
                        wiki      => "https://en.wikipedia.org/wiki/53_(number)",
                      }, "ParsedKeys"),
        start      => 333,
        title      => "fifty-three",
      }, "ParsedCmd"),
      bless({
        cmd        => "photo",
        end        => 343,
        index      => 54,
        name       => 54,
        parsedKeys => bless({
                        aFewChars => 54,
                        cmd       => "photo",
                        level     => 8,
                        name      => 54,
                        say       => 54,
                        title     => "fifty-four",
                        wiki      => "https://en.wikipedia.org/wiki/54_(number)",
                      }, "ParsedKeys"),
        start      => 339,
        title      => "fifty-four",
      }, "ParsedCmd"),
      bless({
        cmd        => "photo",
        end        => 349,
        index      => 55,
        name       => 55,
        parsedKeys => bless({
                        aFewChars => 55,
                        cmd       => "photo",
                        level     => 4,
                        name      => 55,
                        say       => 55,
                        title     => "fifty-five",
                        wiki      => "https://en.wikipedia.org/wiki/55_(number)",
                      }, "ParsedKeys"),
        start      => 345,
        title      => "fifty-five",
      }, "ParsedCmd"),
      bless({
        cmd        => "photo",
        end        => 355,
        index      => 56,
        name       => 56,
        parsedKeys => bless({
                        aFewChars => 56,
                        cmd       => "photo",
                        level     => 8,
                        name      => 56,
                        say       => 56,
                        title     => "fifty-six",
                        wiki      => "https://en.wikipedia.org/wiki/56_(number)",
                      }, "ParsedKeys"),
        start      => 351,
        title      => "fifty-six",
      }, "ParsedCmd"),
      bless({
        cmd        => "photo",
        end        => 361,
        index      => 57,
        name       => 57,
        parsedKeys => bless({
                        aFewChars => 57,
                        cmd       => "photo",
                        level     => 8,
                        name      => 57,
                        say       => 57,
                        title     => "fifty-seven",
                        wiki      => "https://en.wikipedia.org/wiki/57_(number)",
                      }, "ParsedKeys"),
        start      => 357,
        title      => "fifty-seven",
      }, "ParsedCmd"),
      bless({
        cmd        => "photo",
        end        => 367,
        index      => 58,
        name       => 58,
        parsedKeys => bless({
                        aFewChars => 58,
                        cmd       => "photo",
                        level     => 8,
                        name      => 58,
                        say       => 58,
                        title     => "fifty-eight",
                        wiki      => "https://en.wikipedia.org/wiki/58_(number)",
                      }, "ParsedKeys"),
        start      => 363,
        title      => "fifty-eight",
      }, "ParsedCmd"),
      bless({
        cmd        => "photo",
        end        => 373,
        index      => 59,
        name       => 59,
        parsedKeys => bless({
                        aFewChars => 59,
                        cmd       => "photo",
                        level     => 8,
                        name      => 59,
                        say       => 59,
                        title     => "fifty-nine",
                        wiki      => "https://en.wikipedia.org/wiki/59_(number)",
                      }, "ParsedKeys"),
        start      => 369,
        title      => "fifty-nine",
      }, "ParsedCmd"),
      bless({
        cmd        => "photo",
        end        => 379,
        index      => 60,
        name       => 60,
        parsedKeys => bless({
                        aFewChars => 60,
                        cmd       => "photo",
                        level     => 3,
                        name      => 60,
                        say       => 60,
                        title     => "sixty",
                        wiki      => "https://en.wikipedia.org/wiki/60_(number)",
                      }, "ParsedKeys"),
        start      => 375,
        title      => "sixty",
      }, "ParsedCmd"),
      bless({
        cmd        => "photo",
        end        => 385,
        index      => 61,
        name       => 61,
        parsedKeys => bless({
                        aFewChars => 61,
                        cmd       => "photo",
                        level     => 9,
                        name      => 61,
                        say       => 61,
                        title     => "sixty-one",
                        wiki      => "https://en.wikipedia.org/wiki/61_(number)",
                      }, "ParsedKeys"),
        start      => 381,
        title      => "sixty-one",
      }, "ParsedCmd"),
      bless({
        cmd        => "photo",
        end        => 391,
        index      => 62,
        name       => 62,
        parsedKeys => bless({
                        aFewChars => 62,
                        cmd       => "photo",
                        level     => 9,
                        name      => 62,
                        say       => 62,
                        title     => "sixty-two",
                        wiki      => "https://en.wikipedia.org/wiki/62_(number)",
                      }, "ParsedKeys"),
        start      => 387,
        title      => "sixty-two",
      }, "ParsedCmd"),
      bless({
        cmd        => "photo",
        end        => 397,
        index      => 63,
        name       => 63,
        parsedKeys => bless({
                        aFewChars => 63,
                        cmd       => "photo",
                        level     => 9,
                        name      => 63,
                        say       => 63,
                        title     => "sixty-three",
                        wiki      => "https://en.wikipedia.org/wiki/63_(number)",
                      }, "ParsedKeys"),
        start      => 393,
        title      => "sixty-three",
      }, "ParsedCmd"),
      bless({
        cmd        => "photo",
        end        => 403,
        index      => 64,
        name       => 64,
        parsedKeys => bless({
                        aFewChars => 64,
                        cmd       => "photo",
                        level     => 9,
                        name      => 64,
                        say       => 64,
                        title     => "sixty-four",
                        wiki      => "https://en.wikipedia.org/wiki/64_(number)",
                      }, "ParsedKeys"),
        start      => 399,
        title      => "sixty-four",
      }, "ParsedCmd"),
      bless({
        cmd        => "photo",
        end        => 409,
        index      => 65,
        name       => 65,
        parsedKeys => bless({
                        aFewChars => 65,
                        cmd       => "photo",
                        level     => 9,
                        name      => 65,
                        say       => 65,
                        title     => "sixty-five",
                        wiki      => "https://en.wikipedia.org/wiki/65_(number)",
                      }, "ParsedKeys"),
        start      => 405,
        title      => "sixty-five",
      }, "ParsedCmd"),
      bless({
        cmd        => "photo",
        end        => 415,
        index      => 66,
        name       => 66,
        parsedKeys => bless({
                        aFewChars => 66,
                        cmd       => "photo",
                        level     => 4,
                        name      => 66,
                        say       => 66,
                        title     => "sixty-six",
                        wiki      => "https://en.wikipedia.org/wiki/66_(number)",
                      }, "ParsedKeys"),
        start      => 411,
        title      => "sixty-six",
      }, "ParsedCmd"),
      bless({
        cmd        => "photo",
        end        => 421,
        index      => 67,
        name       => 67,
        parsedKeys => bless({
                        aFewChars => 67,
                        cmd       => "photo",
                        level     => 9,
                        name      => 67,
                        say       => 67,
                        title     => "sixty-seven",
                        wiki      => "https://en.wikipedia.org/wiki/67_(number)",
                      }, "ParsedKeys"),
        start      => 417,
        title      => "sixty-seven",
      }, "ParsedCmd"),
      bless({
        cmd        => "photo",
        end        => 427,
        index      => 68,
        name       => 68,
        parsedKeys => bless({
                        aFewChars => 68,
                        cmd       => "photo",
                        level     => 9,
                        name      => 68,
                        say       => 68,
                        title     => "sixty-eight",
                        wiki      => "https://en.wikipedia.org/wiki/68_(number)",
                      }, "ParsedKeys"),
        start      => 423,
        title      => "sixty-eight",
      }, "ParsedCmd"),
      bless({
        cmd        => "photo",
        end        => 433,
        index      => 69,
        name       => 69,
        parsedKeys => bless({
                        aFewChars => 69,
                        cmd       => "photo",
                        level     => 9,
                        name      => 69,
                        say       => 69,
                        title     => "sixty-nine",
                        wiki      => "https://en.wikipedia.org/wiki/69_(number)",
                      }, "ParsedKeys"),
        start      => 429,
        title      => "sixty-nine",
      }, "ParsedCmd"),
      bless({
        cmd        => "photo",
        end        => 439,
        index      => 70,
        name       => 70,
        parsedKeys => bless({
                        aFewChars => 70,
                        cmd       => "photo",
                        level     => 3,
                        name      => 70,
                        say       => 70,
                        title     => "seventy",
                        wiki      => "https://en.wikipedia.org/wiki/70_(number)",
                      }, "ParsedKeys"),
        start      => 435,
        title      => "seventy",
      }, "ParsedCmd"),
      bless({
        cmd        => "photo",
        end        => 445,
        index      => 71,
        name       => 71,
        parsedKeys => bless({
                        aFewChars => 71,
                        cmd       => "photo",
                        level     => 9,
                        name      => 71,
                        say       => 71,
                        title     => "seventy-one",
                        wiki      => "https://en.wikipedia.org/wiki/71_(number)",
                      }, "ParsedKeys"),
        start      => 441,
        title      => "seventy-one",
      }, "ParsedCmd"),
      bless({
        cmd        => "photo",
        end        => 451,
        index      => 72,
        name       => 72,
        parsedKeys => bless({
                        aFewChars => 72,
                        cmd       => "photo",
                        level     => 9,
                        name      => 72,
                        say       => 72,
                        title     => "seventy-two",
                        wiki      => "https://en.wikipedia.org/wiki/72_(number)",
                      }, "ParsedKeys"),
        start      => 447,
        title      => "seventy-two",
      }, "ParsedCmd"),
      bless({
        cmd        => "photo",
        end        => 457,
        index      => 73,
        name       => 73,
        parsedKeys => bless({
                        aFewChars => 73,
                        cmd       => "photo",
                        level     => 9,
                        name      => 73,
                        say       => 73,
                        title     => "seventy-three",
                        wiki      => "https://en.wikipedia.org/wiki/73_(number)",
                      }, "ParsedKeys"),
        start      => 453,
        title      => "seventy-three",
      }, "ParsedCmd"),
      bless({
        cmd        => "photo",
        end        => 463,
        index      => 74,
        name       => 74,
        parsedKeys => bless({
                        aFewChars => 74,
                        cmd       => "photo",
                        level     => 9,
                        name      => 74,
                        say       => 74,
                        title     => "seventy-four",
                        wiki      => "https://en.wikipedia.org/wiki/74_(number)",
                      }, "ParsedKeys"),
        start      => 459,
        title      => "seventy-four",
      }, "ParsedCmd"),
      bless({
        cmd        => "photo",
        end        => 469,
        index      => 75,
        name       => 75,
        parsedKeys => bless({
                        aFewChars => 75,
                        cmd       => "photo",
                        level     => 9,
                        name      => 75,
                        say       => 75,
                        title     => "seventy-five",
                        wiki      => "https://en.wikipedia.org/wiki/75_(number)",
                      }, "ParsedKeys"),
        start      => 465,
        title      => "seventy-five",
      }, "ParsedCmd"),
      bless({
        cmd        => "photo",
        end        => 475,
        index      => 76,
        name       => 76,
        parsedKeys => bless({
                        aFewChars => 76,
                        cmd       => "photo",
                        level     => 9,
                        name      => 76,
                        say       => 76,
                        title     => "seventy-six",
                        wiki      => "https://en.wikipedia.org/wiki/76_(number)",
                      }, "ParsedKeys"),
        start      => 471,
        title      => "seventy-six",
      }, "ParsedCmd"),
      bless({
        cmd        => "photo",
        end        => 481,
        index      => 77,
        name       => 77,
        parsedKeys => bless({
                        aFewChars => 77,
                        cmd       => "photo",
                        level     => 4,
                        name      => 77,
                        say       => 77,
                        title     => "seventy-seven",
                        wiki      => "https://en.wikipedia.org/wiki/77_(number)",
                      }, "ParsedKeys"),
        start      => 477,
        title      => "seventy-seven",
      }, "ParsedCmd"),
      bless({
        cmd        => "photo",
        end        => 487,
        index      => 78,
        name       => 78,
        parsedKeys => bless({
                        aFewChars => 78,
                        cmd       => "photo",
                        level     => 9,
                        name      => 78,
                        say       => 78,
                        title     => "seventy-eight",
                        wiki      => "https://en.wikipedia.org/wiki/78_(number)",
                      }, "ParsedKeys"),
        start      => 483,
        title      => "seventy-eight",
      }, "ParsedCmd"),
      bless({
        cmd        => "photo",
        end        => 493,
        index      => 79,
        name       => 79,
        parsedKeys => bless({
                        aFewChars => 79,
                        cmd       => "photo",
                        level     => 9,
                        name      => 79,
                        say       => 79,
                        title     => "seventy-nine",
                        wiki      => "https://en.wikipedia.org/wiki/79_(number)",
                      }, "ParsedKeys"),
        start      => 489,
        title      => "seventy-nine",
      }, "ParsedCmd"),
      bless({
        cmd        => "photo",
        end        => 499,
        index      => 80,
        name       => 80,
        parsedKeys => bless({
                        aFewChars => 80,
                        cmd       => "photo",
                        level     => 3,
                        name      => 80,
                        say       => 80,
                        title     => "eighty",
                        wiki      => "https://en.wikipedia.org/wiki/80_(number)",
                      }, "ParsedKeys"),
        start      => 495,
        title      => "eighty",
      }, "ParsedCmd"),
      bless({
        cmd        => "photo",
        end        => 505,
        index      => 81,
        name       => 81,
        parsedKeys => bless({
                        aFewChars => 81,
                        cmd       => "photo",
                        level     => 10,
                        name      => 81,
                        say       => 81,
                        title     => "eighty-one",
                        wiki      => "https://en.wikipedia.org/wiki/81_(number)",
                      }, "ParsedKeys"),
        start      => 501,
        title      => "eighty-one",
      }, "ParsedCmd"),
      bless({
        cmd        => "photo",
        end        => 511,
        index      => 82,
        name       => 82,
        parsedKeys => bless({
                        aFewChars => 82,
                        cmd       => "photo",
                        level     => 10,
                        name      => 82,
                        say       => 82,
                        title     => "eighty-two",
                        wiki      => "https://en.wikipedia.org/wiki/82_(number)",
                      }, "ParsedKeys"),
        start      => 507,
        title      => "eighty-two",
      }, "ParsedCmd"),
      bless({
        cmd        => "photo",
        end        => 517,
        index      => 83,
        name       => 83,
        parsedKeys => bless({
                        aFewChars => 83,
                        cmd       => "photo",
                        level     => 10,
                        name      => 83,
                        say       => 83,
                        title     => "eighty-three",
                        wiki      => "https://en.wikipedia.org/wiki/83_(number)",
                      }, "ParsedKeys"),
        start      => 513,
        title      => "eighty-three",
      }, "ParsedCmd"),
      bless({
        cmd        => "photo",
        end        => 523,
        index      => 84,
        name       => 84,
        parsedKeys => bless({
                        aFewChars => 84,
                        cmd       => "photo",
                        level     => 10,
                        name      => 84,
                        say       => 84,
                        title     => "eighty-four",
                        wiki      => "https://en.wikipedia.org/wiki/84_(number)",
                      }, "ParsedKeys"),
        start      => 519,
        title      => "eighty-four",
      }, "ParsedCmd"),
      bless({
        cmd        => "photo",
        end        => 529,
        index      => 85,
        name       => 85,
        parsedKeys => bless({
                        aFewChars => 85,
                        cmd       => "photo",
                        level     => 10,
                        name      => 85,
                        say       => 85,
                        title     => "eighty-five",
                        wiki      => "https://en.wikipedia.org/wiki/85_(number)",
                      }, "ParsedKeys"),
        start      => 525,
        title      => "eighty-five",
      }, "ParsedCmd"),
      bless({
        cmd        => "photo",
        end        => 535,
        index      => 86,
        name       => 86,
        parsedKeys => bless({
                        aFewChars => 86,
                        cmd       => "photo",
                        level     => 10,
                        name      => 86,
                        say       => 86,
                        title     => "eighty-six",
                        wiki      => "https://en.wikipedia.org/wiki/86_(number)",
                      }, "ParsedKeys"),
        start      => 531,
        title      => "eighty-six",
      }, "ParsedCmd"),
      bless({
        cmd        => "photo",
        end        => 541,
        index      => 87,
        name       => 87,
        parsedKeys => bless({
                        aFewChars => 87,
                        cmd       => "photo",
                        level     => 10,
                        name      => 87,
                        say       => 87,
                        title     => "eighty-seven",
                        wiki      => "https://en.wikipedia.org/wiki/87_(number)",
                      }, "ParsedKeys"),
        start      => 537,
        title      => "eighty-seven",
      }, "ParsedCmd"),
      bless({
        cmd        => "photo",
        end        => 547,
        index      => 88,
        name       => 88,
        parsedKeys => bless({
                        aFewChars => 88,
                        cmd       => "photo",
                        level     => 4,
                        name      => 88,
                        say       => 88,
                        title     => "eighty-eight",
                        wiki      => "https://en.wikipedia.org/wiki/88_(number)",
                      }, "ParsedKeys"),
        start      => 543,
        title      => "eighty-eight",
      }, "ParsedCmd"),
      bless({
        cmd        => "photo",
        end        => 553,
        index      => 89,
        name       => 89,
        parsedKeys => bless({
                        aFewChars => 89,
                        cmd       => "photo",
                        level     => 10,
                        name      => 89,
                        say       => 89,
                        title     => "eighty-nine",
                        wiki      => "https://en.wikipedia.org/wiki/89_(number)",
                      }, "ParsedKeys"),
        start      => 549,
        title      => "eighty-nine",
      }, "ParsedCmd"),
      bless({
        cmd        => "photo",
        end        => 559,
        index      => 90,
        name       => 90,
        parsedKeys => bless({
                        aFewChars => 90,
                        cmd       => "photo",
                        level     => 3,
                        name      => 90,
                        say       => 90,
                        title     => "ninety",
                        wiki      => "https://en.wikipedia.org/wiki/90_(number)",
                      }, "ParsedKeys"),
        start      => 555,
        title      => "ninety",
      }, "ParsedCmd"),
      bless({
        cmd        => "photo",
        end        => 565,
        index      => 91,
        name       => 91,
        parsedKeys => bless({
                        aFewChars => 91,
                        cmd       => "photo",
                        level     => 10,
                        name      => 91,
                        say       => 91,
                        title     => "ninety-one",
                        wiki      => "https://en.wikipedia.org/wiki/91_(number)",
                      }, "ParsedKeys"),
        start      => 561,
        title      => "ninety-one",
      }, "ParsedCmd"),
      bless({
        cmd        => "photo",
        end        => 571,
        index      => 92,
        name       => 92,
        parsedKeys => bless({
                        aFewChars => 92,
                        cmd       => "photo",
                        level     => 10,
                        name      => 92,
                        say       => 92,
                        title     => "ninety-two",
                        wiki      => "https://en.wikipedia.org/wiki/92_(number)",
                      }, "ParsedKeys"),
        start      => 567,
        title      => "ninety-two",
      }, "ParsedCmd"),
      bless({
        cmd        => "photo",
        end        => 577,
        index      => 93,
        name       => 93,
        parsedKeys => bless({
                        aFewChars => 93,
                        cmd       => "photo",
                        level     => 10,
                        name      => 93,
                        say       => 93,
                        title     => "ninety-three",
                        wiki      => "https://en.wikipedia.org/wiki/93_(number)",
                      }, "ParsedKeys"),
        start      => 573,
        title      => "ninety-three",
      }, "ParsedCmd"),
      bless({
        cmd        => "photo",
        end        => 583,
        index      => 94,
        name       => 94,
        parsedKeys => bless({
                        aFewChars => 94,
                        cmd       => "photo",
                        level     => 10,
                        name      => 94,
                        say       => 94,
                        title     => "ninety-four",
                        wiki      => "https://en.wikipedia.org/wiki/94_(number)",
                      }, "ParsedKeys"),
        start      => 579,
        title      => "ninety-four",
      }, "ParsedCmd"),
      bless({
        cmd        => "photo",
        end        => 589,
        index      => 95,
        name       => 95,
        parsedKeys => bless({
                        aFewChars => 95,
                        cmd       => "photo",
                        level     => 10,
                        name      => 95,
                        say       => 95,
                        title     => "ninety-five",
                        wiki      => "https://en.wikipedia.org/wiki/95_(number)",
                      }, "ParsedKeys"),
        start      => 585,
        title      => "ninety-five",
      }, "ParsedCmd"),
      bless({
        cmd        => "photo",
        end        => 595,
        index      => 96,
        name       => 96,
        parsedKeys => bless({
                        aFewChars => 96,
                        cmd       => "photo",
                        level     => 10,
                        name      => 96,
                        say       => 96,
                        title     => "ninety-six",
                        wiki      => "https://en.wikipedia.org/wiki/96_(number)",
                      }, "ParsedKeys"),
        start      => 591,
        title      => "ninety-six",
      }, "ParsedCmd"),
      bless({
        cmd        => "photo",
        end        => 601,
        index      => 97,
        name       => 97,
        parsedKeys => bless({
                        aFewChars => 97,
                        cmd       => "photo",
                        level     => 10,
                        name      => 97,
                        say       => 97,
                        title     => "ninety-seven",
                        wiki      => "https://en.wikipedia.org/wiki/97_(number)",
                      }, "ParsedKeys"),
        start      => 597,
        title      => "ninety-seven",
      }, "ParsedCmd"),
      bless({
        cmd        => "photo",
        end        => 607,
        index      => 98,
        name       => 98,
        parsedKeys => bless({
                        aFewChars => 98,
                        cmd       => "photo",
                        level     => 10,
                        name      => 98,
                        say       => 98,
                        title     => "ninety-eight",
                        wiki      => "https://en.wikipedia.org/wiki/98_(number)",
                      }, "ParsedKeys"),
        start      => 603,
        title      => "ninety-eight",
      }, "ParsedCmd"),
      bless({
        cmd        => "photo",
        end        => 613,
        index      => 99,
        name       => 99,
        parsedKeys => bless({
                        aFewChars => 99,
                        cmd       => "photo",
                        level     => 4,
                        name      => 99,
                        say       => 99,
                        title     => "ninety-nine",
                        wiki      => "https://en.wikipedia.org/wiki/99_(number)",
                      }, "ParsedKeys"),
        start      => 609,
        title      => "ninety-nine",
      }, "ParsedCmd"),
      bless({
        cmd        => "photo",
        end        => 619,
        index      => 100,
        name       => 100,
        parsedKeys => bless({
                        aFewChars => 100,
                        cmd       => "photo",
                        level     => 3,
                        name      => 100,
                        say       => 100,
                        title     => "one hundred",
                        wiki      => "https://en.wikipedia.org/wiki/100_(number)",
                      }, "ParsedKeys"),
        start      => 615,
        title      => "one hundred",
      }, "ParsedCmd"),
    ],
    project => "philiprbrenan/100/en/100",
    source => "app 100.en.100 = The Numbers from 0 to 100 in English\n  description   = Learn to recognize and say the numbers from 0 to 100 in spoken English\n  icon          = icon.png\n  ordered       = finally\n  maxImages     = 12\n  author        = philiprbrenan\n  email         = philiprbrenan\@gmail.com\n  language      = en\n#  prerequisites = philiprbrenan/100/en/9 philiprbrenan/100/en/10x10\n#  enables       = \n  full_name_on_google_play = com.appaapps.photoapp.en100                    # The original names of these apps when they were all inspearate repositories on Github instead of just one as they are now\n  version       = 2017-12-05 at 06:37:58\n\n\nphoto 0 = zero\n  afewchars = 0\n  level     = 1\n  say       = 0\n  wiki      = https://en.wikipedia.org/wiki/0_(number)\n\nphoto 1 = one\n  afewchars = 1\n  level     = 1\n  say       = 1\n  wiki      = https://en.wikipedia.org/wiki/1_(number)\n\nphoto 2 = two\n  afewchars = 2\n  level     = 1\n  say       = 2\n  wiki      = https://en.wikipedia.org/wiki/2_(number)\n\nphoto 3 = three\n  afewchars = 3\n  level     = 1\n  say       = 3\n  wiki      = https://en.wikipedia.org/wiki/3_(number)\n\nphoto 4 = four\n  afewchars = 4\n  level     = 1\n  say       = 4\n  wiki      = https://en.wikipedia.org/wiki/4_(number)\n\nphoto 5 = five\n  afewchars = 5\n  level     = 1\n  say       = 5\n  wiki      = https://en.wikipedia.org/wiki/5_(number)\n\nphoto 6 = six\n  afewchars = 6\n  level     = 1\n  say       = 6\n  wiki      = https://en.wikipedia.org/wiki/6_(number)\n\nphoto 7 = seven\n  afewchars = 7\n  level     = 1\n  say       = 7\n  wiki      = https://en.wikipedia.org/wiki/7_(number)\n\nphoto 8 = eight\n  afewchars = 8\n  level     = 1\n  say       = 8\n  wiki      = https://en.wikipedia.org/wiki/8_(number)\n\nphoto 9 = nine\n  afewchars = 9\n  level     = 1\n  say       = 9\n  wiki      = https://en.wikipedia.org/wiki/9_(number)\n\nphoto 10 = ten\n  afewchars = 10\n  level     = 2\n  say       = 10\n  wiki      = https://en.wikipedia.org/wiki/10_(number)\n\nphoto 11 = eleven\n  afewchars = 11\n  level     = 2\n  say       = 11\n  wiki      = https://en.wikipedia.org/wiki/11_(number)\n\nphoto 12 = twelve\n  afewchars = 12\n  level     = 2\n  say       = 12\n  wiki      = https://en.wikipedia.org/wiki/12_(number)\n\nphoto 13 = thirteen\n  afewchars = 13\n  level     = 2\n  say       = 13\n  wiki      = https://en.wikipedia.org/wiki/13_(number)\n\nphoto 14 = fourteen\n  afewchars = 14\n  level     = 2\n  say       = 14\n  wiki      = https://en.wikipedia.org/wiki/14_(number)\n\nphoto 15 = fifteen\n  afewchars = 15\n  level     = 2\n  say       = 15\n  wiki      = https://en.wikipedia.org/wiki/15_(number)\n\nphoto 16 = sixteen\n  afewchars = 16\n  level     = 2\n  say       = 16\n  wiki      = https://en.wikipedia.org/wiki/16_(number)\n\nphoto 17 = seventeen\n  afewchars = 17\n  level     = 2\n  say       = 17\n  wiki      = https://en.wikipedia.org/wiki/17_(number)\n\nphoto 18 = eighteen\n  afewchars = 18\n  level     = 2\n  say       = 18\n  wiki      = https://en.wikipedia.org/wiki/18_(number)\n\nphoto 19 = nineteen\n  afewchars = 19\n  level     = 2\n  say       = 19\n  wiki      = https://en.wikipedia.org/wiki/19_(number)\n\nphoto 20 = twenty\n  afewchars = 20\n  level     = 3\n  say       = 20\n  wiki      = https://en.wikipedia.org/wiki/20_(number)\n\nphoto 21 = twenty-one\n  afewchars = 21\n  level     = 5\n  say       = 21\n  wiki      = https://en.wikipedia.org/wiki/21_(number)\n\nphoto 22 = twenty-two\n  afewchars = 22\n  level     = 4\n  say       = 22\n  wiki      = https://en.wikipedia.org/wiki/22_(number)\n\nphoto 23 = twenty-three\n  afewchars = 23\n  level     = 5\n  say       = 23\n  wiki      = https://en.wikipedia.org/wiki/23_(number)\n\nphoto 24 = twenty-four\n  afewchars = 24\n  level     = 5\n  say       = 24\n  wiki      = https://en.wikipedia.org/wiki/24_(number)\n\nphoto 25 = twenty-five\n  afewchars = 25\n  level     = 5\n  say       = 25\n  wiki      = https://en.wikipedia.org/wiki/25_(number)\n\nphoto 26 = twenty-six\n  afewchars = 26\n  level     = 5\n  say       = 26\n  wiki      = https://en.wikipedia.org/wiki/26_(number)\n\nphoto 27 = twenty-seven\n  afewchars = 27\n  level     = 5\n  say       = 27\n  wiki      = https://en.wikipedia.org/wiki/27_(number)\n\nphoto 28 = twenty-eight\n  afewchars = 28\n  level     = 5\n  say       = 28\n  wiki      = https://en.wikipedia.org/wiki/28_(number)\n\nphoto 29 = twenty-nine\n  afewchars = 29\n  level     = 5\n  say       = 29\n  wiki      = https://en.wikipedia.org/wiki/29_(number)\n\nphoto 30 = thirty\n  afewchars = 30\n  level     = 3\n  say       = 30\n  wiki      = https://en.wikipedia.org/wiki/30_(number)\n\nphoto 31 = thirty-one\n  afewchars = 31\n  level     = 6\n  say       = 31\n  wiki      = https://en.wikipedia.org/wiki/31_(number)\n\nphoto 32 = thirty-two\n  afewchars = 32\n  level     = 6\n  say       = 32\n  wiki      = https://en.wikipedia.org/wiki/32_(number)\n\nphoto 33 = thirty-three\n  afewchars = 33\n  level     = 4\n  say       = 33\n  wiki      = https://en.wikipedia.org/wiki/33_(number)\n\nphoto 34 = thirty-four\n  afewchars = 34\n  level     = 6\n  say       = 34\n  wiki      = https://en.wikipedia.org/wiki/34_(number)\n\nphoto 35 = thirty-five\n  afewchars = 35\n  level     = 6\n  say       = 35\n  wiki      = https://en.wikipedia.org/wiki/35_(number)\n\nphoto 36 = thirty-six\n  afewchars = 36\n  level     = 6\n  say       = 36\n  wiki      = https://en.wikipedia.org/wiki/36_(number)\n\nphoto 37 = thirty-seven\n  afewchars = 37\n  level     = 6\n  say       = 37\n  wiki      = https://en.wikipedia.org/wiki/37_(number)\n\nphoto 38 = thirty-eight\n  afewchars = 38\n  level     = 6\n  say       = 38\n  wiki      = https://en.wikipedia.org/wiki/38_(number)\n\nphoto 39 = thirty-nine\n  afewchars = 39\n  level     = 6\n  say       = 39\n  wiki      = https://en.wikipedia.org/wiki/39_(number)\n\nphoto 40 = forty\n  afewchars = 40\n  level     = 3\n  say       = 40\n  wiki      = https://en.wikipedia.org/wiki/40_(number)\n\nphoto 41 = forty-one\n  afewchars = 41\n  level     = 7\n  say       = 41\n  wiki      = https://en.wikipedia.org/wiki/41_(number)\n\nphoto 42 = forty-two\n  afewchars = 42\n  level     = 7\n  say       = 42\n  wiki      = https://en.wikipedia.org/wiki/42_(number)\n\nphoto 43 = forty-three\n  afewchars = 43\n  level     = 7\n  say       = 43\n  wiki      = https://en.wikipedia.org/wiki/43_(number)\n\nphoto 44 = forty-four\n  afewchars = 44\n  level     = 4\n  say       = 44\n  wiki      = https://en.wikipedia.org/wiki/44_(number)\n\nphoto 45 = forty-five\n  afewchars = 45\n  level     = 7\n  say       = 45\n  wiki      = https://en.wikipedia.org/wiki/45_(number)\n\nphoto 46 = forty-six\n  afewchars = 46\n  level     = 7\n  say       = 46\n  wiki      = https://en.wikipedia.org/wiki/46_(number)\n\nphoto 47 = forty-seven\n  afewchars = 47\n  level     = 7\n  say       = 47\n  wiki      = https://en.wikipedia.org/wiki/47_(number)\n\nphoto 48 = forty-eight\n  afewchars = 48\n  level     = 7\n  say       = 48\n  wiki      = https://en.wikipedia.org/wiki/48_(number)\n\nphoto 49 = forty-nine\n  afewchars = 49\n  level     = 7\n  say       = 49\n  wiki      = https://en.wikipedia.org/wiki/49_(number)\n\nphoto 50 = fifty\n  afewchars = 50\n  level     = 3\n  say       = 50\n  wiki      = https://en.wikipedia.org/wiki/50_(number)\n\nphoto 51 = fifty-one\n  afewchars = 51\n  level     = 8\n  say       = 51\n  wiki      = https://en.wikipedia.org/wiki/51_(number)\n\nphoto 52 = fifty-two\n  afewchars = 52\n  level     = 8\n  say       = 52\n  wiki      = https://en.wikipedia.org/wiki/52_(number)\n\nphoto 53 = fifty-three\n  afewchars = 53\n  level     = 8\n  say       = 53\n  wiki      = https://en.wikipedia.org/wiki/53_(number)\n\nphoto 54 = fifty-four\n  afewchars = 54\n  level     = 8\n  say       = 54\n  wiki      = https://en.wikipedia.org/wiki/54_(number)\n\nphoto 55 = fifty-five\n  afewchars = 55\n  level     = 4\n  say       = 55\n  wiki      = https://en.wikipedia.org/wiki/55_(number)\n\nphoto 56 = fifty-six\n  afewchars = 56\n  level     = 8\n  say       = 56\n  wiki      = https://en.wikipedia.org/wiki/56_(number)\n\nphoto 57 = fifty-seven\n  afewchars = 57\n  level     = 8\n  say       = 57\n  wiki      = https://en.wikipedia.org/wiki/57_(number)\n\nphoto 58 = fifty-eight\n  afewchars = 58\n  level     = 8\n  say       = 58\n  wiki      = https://en.wikipedia.org/wiki/58_(number)\n\nphoto 59 = fifty-nine\n  afewchars = 59\n  level     = 8\n  say       = 59\n  wiki      = https://en.wikipedia.org/wiki/59_(number)\n\nphoto 60 = sixty\n  afewchars = 60\n  level     = 3\n  say       = 60\n  wiki      = https://en.wikipedia.org/wiki/60_(number)\n\nphoto 61 = sixty-one\n  afewchars = 61\n  level     = 9\n  say       = 61\n  wiki      = https://en.wikipedia.org/wiki/61_(number)\n\nphoto 62 = sixty-two\n  afewchars = 62\n  level     = 9\n  say       = 62\n  wiki      = https://en.wikipedia.org/wiki/62_(number)\n\nphoto 63 = sixty-three\n  afewchars = 63\n  level     = 9\n  say       = 63\n  wiki      = https://en.wikipedia.org/wiki/63_(number)\n\nphoto 64 = sixty-four\n  afewchars = 64\n  level     = 9\n  say       = 64\n  wiki      = https://en.wikipedia.org/wiki/64_(number)\n\nphoto 65 = sixty-five\n  afewchars = 65\n  level     = 9\n  say       = 65\n  wiki      = https://en.wikipedia.org/wiki/65_(number)\n\nphoto 66 = sixty-six\n  afewchars = 66\n  level     = 4\n  say       = 66\n  wiki      = https://en.wikipedia.org/wiki/66_(number)\n\nphoto 67 = sixty-seven\n  afewchars = 67\n  level     = 9\n  say       = 67\n  wiki      = https://en.wikipedia.org/wiki/67_(number)\n\nphoto 68 = sixty-eight\n  afewchars = 68\n  level     = 9\n  say       = 68\n  wiki      = https://en.wikipedia.org/wiki/68_(number)\n\nphoto 69 = sixty-nine\n  afewchars = 69\n  level     = 9\n  say       = 69\n  wiki      = https://en.wikipedia.org/wiki/69_(number)\n\nphoto 70 = seventy\n  afewchars = 70\n  level     = 3\n  say       = 70\n  wiki      = https://en.wikipedia.org/wiki/70_(number)\n\nphoto 71 = seventy-one\n  afewchars = 71\n  level     = 9\n  say       = 71\n  wiki      = https://en.wikipedia.org/wiki/71_(number)\n\nphoto 72 = seventy-two\n  afewchars = 72\n  level     = 9\n  say       = 72\n  wiki      = https://en.wikipedia.org/wiki/72_(number)\n\nphoto 73 = seventy-three\n  afewchars = 73\n  level     = 9\n  say       = 73\n  wiki      = https://en.wikipedia.org/wiki/73_(number)\n\nphoto 74 = seventy-four\n  afewchars = 74\n  level     = 9\n  say       = 74\n  wiki      = https://en.wikipedia.org/wiki/74_(number)\n\nphoto 75 = seventy-five\n  afewchars = 75\n  level     = 9\n  say       = 75\n  wiki      = https://en.wikipedia.org/wiki/75_(number)\n\nphoto 76 = seventy-six\n  afewchars = 76\n  level     = 9\n  say       = 76\n  wiki      = https://en.wikipedia.org/wiki/76_(number)\n\nphoto 77 = seventy-seven\n  afewchars = 77\n  level     = 4\n  say       = 77\n  wiki      = https://en.wikipedia.org/wiki/77_(number)\n\nphoto 78 = seventy-eight\n  afewchars = 78\n  level     = 9\n  say       = 78\n  wiki      = https://en.wikipedia.org/wiki/78_(number)\n\nphoto 79 = seventy-nine\n  afewchars = 79\n  level     = 9\n  say       = 79\n  wiki      = https://en.wikipedia.org/wiki/79_(number)\n\nphoto 80 = eighty\n  afewchars = 80\n  level     = 3\n  say       = 80\n  wiki      = https://en.wikipedia.org/wiki/80_(number)\n\nphoto 81 = eighty-one\n  afewchars = 81\n  level     = 10\n  say       = 81\n  wiki      = https://en.wikipedia.org/wiki/81_(number)\n\nphoto 82 = eighty-two\n  afewchars = 82\n  level     = 10\n  say       = 82\n  wiki      = https://en.wikipedia.org/wiki/82_(number)\n\nphoto 83 = eighty-three\n  afewchars = 83\n  level     = 10\n  say       = 83\n  wiki      = https://en.wikipedia.org/wiki/83_(number)\n\nphoto 84 = eighty-four\n  afewchars = 84\n  level     = 10\n  say       = 84\n  wiki      = https://en.wikipedia.org/wiki/84_(number)\n\nphoto 85 = eighty-five\n  afewchars = 85\n  level     = 10\n  say       = 85\n  wiki      = https://en.wikipedia.org/wiki/85_(number)\n\nphoto 86 = eighty-six\n  afewchars = 86\n  level     = 10\n  say       = 86\n  wiki      = https://en.wikipedia.org/wiki/86_(number)\n\nphoto 87 = eighty-seven\n  afewchars = 87\n  level     = 10\n  say       = 87\n  wiki      = https://en.wikipedia.org/wiki/87_(number)\n\nphoto 88 = eighty-eight\n  afewchars = 88\n  level     = 4\n  say       = 88\n  wiki      = https://en.wikipedia.org/wiki/88_(number)\n\nphoto 89 = eighty-nine\n  afewchars = 89\n  level     = 10\n  say       = 89\n  wiki      = https://en.wikipedia.org/wiki/89_(number)\n\nphoto 90 = ninety\n  afewchars = 90\n  level     = 3\n  say       = 90\n  wiki      = https://en.wikipedia.org/wiki/90_(number)\n\nphoto 91 = ninety-one\n  afewchars = 91\n  level     = 10\n  say       = 91\n  wiki      = https://en.wikipedia.org/wiki/91_(number)\n\nphoto 92 = ninety-two\n  afewchars = 92\n  level     = 10\n  say       = 92\n  wiki      = https://en.wikipedia.org/wiki/92_(number)\n\nphoto 93 = ninety-three\n  afewchars = 93\n  level     = 10\n  say       = 93\n  wiki      = https://en.wikipedia.org/wiki/93_(number)\n\nphoto 94 = ninety-four\n  afewchars = 94\n  level     = 10\n  say       = 94\n  wiki      = https://en.wikipedia.org/wiki/94_(number)\n\nphoto 95 = ninety-five\n  afewchars = 95\n  level     = 10\n  say       = 95\n  wiki      = https://en.wikipedia.org/wiki/95_(number)\n\nphoto 96 = ninety-six\n  afewchars = 96\n  level     = 10\n  say       = 96\n  wiki      = https://en.wikipedia.org/wiki/96_(number)\n\nphoto 97 = ninety-seven\n  afewchars = 97\n  level     = 10\n  say       = 97\n  wiki      = https://en.wikipedia.org/wiki/97_(number)\n\nphoto 98 = ninety-eight\n  afewchars = 98\n  level     = 10\n  say       = 98\n  wiki      = https://en.wikipedia.org/wiki/98_(number)\n\nphoto 99 = ninety-nine\n  afewchars = 99\n  level     = 4\n  say       = 99\n  wiki      = https://en.wikipedia.org/wiki/99_(number)\n\nphoto 100 = one hundred\n  afewchars = 100\n  level     = 3\n  say       = 100\n  wiki      = https://en.wikipedia.org/wiki/100_(number)\n",
    sourceFileSha => "dbcf1709475c61c06d57010a9ff8a53ed83f5efe",
    step => "parseSource",
  }, "Manifest");
  $a->{parsedCmds}[0] = $a->{app};
  $a;
}